2024.08.08 16:33:16 INFO  Started: Metals version 1.3.5 in folders 'C:\Users\ASUS\Downloads\project_scala_spark-master\project_scala_spark-master' for client Visual Studio Code 1.92.0.
SLF4J(W): Class path contains multiple SLF4J providers.
SLF4J(W): Found provider [scribe.slf4j.ScribeServiceProvider@78838159]
SLF4J(W): Found provider [ch.qos.logback.classic.spi.LogbackServiceProvider@4acaa687]
SLF4J(W): See https://www.slf4j.org/codes.html#multiple_bindings for an explanation.
SLF4J(I): Actual provider is of type [scribe.slf4j.ScribeServiceProvider@78838159]
2024.08.08 16:33:16 WARN  Flyway upgrade recommended: H2 2.3.230 is newer than this version of Flyway and support has not been tested. The latest supported version of H2 is 2.2.220.
2024.08.08 16:33:17 INFO  no build target found for C:\Users\ASUS\Downloads\project_scala_spark-master\project_scala_spark-master\src\main\scala\Transform.scala. Using presentation compiler with project's scala-library version: 3.3.3
2024.08.08 16:34:19 INFO  no build target found for C:\Users\ASUS\Downloads\project_scala_spark-master\project_scala_spark-master\src\main\scala\Transform.scala. Using presentation compiler with project's scala-library version: 3.3.3
août 08, 2024 4:34:19 P.M. org.eclipse.lsp4j.jsonrpc.RemoteEndpoint handleCancellation
AVERTISSEMENT: Unmatched cancel notification for request id 8
2024.08.08 16:34:19 INFO  no build target found for C:\Users\ASUS\Downloads\project_scala_spark-master\project_scala_spark-master\src\main\scala\Transform.scala. Using presentation compiler with project's scala-library version: 3.3.3
2024.08.08 16:34:21 INFO  no build target found for C:\Users\ASUS\Downloads\project_scala_spark-master\project_scala_spark-master\src\main\scala\Transform.scala. Using presentation compiler with project's scala-library version: 3.3.3
2024.08.08 16:34:50 INFO  no build target found for C:\Users\ASUS\Downloads\project_scala_spark-master\project_scala_spark-master\src\main\scala\Transform.scala. Using presentation compiler with project's scala-library version: 3.3.3
2024.08.08 16:34:52 INFO  no build target found for C:\Users\ASUS\Downloads\project_scala_spark-master\project_scala_spark-master\src\main\scala\Transform.scala. Using presentation compiler with project's scala-library version: 3.3.3
2024.08.08 16:35:01 INFO  no build target found for C:\Users\ASUS\Downloads\project_scala_spark-master\project_scala_spark-master\src\main\scala\Transform.scala. Using presentation compiler with project's scala-library version: 3.3.3
2024.08.08 16:35:03 INFO  no build target found for C:\Users\ASUS\Downloads\project_scala_spark-master\project_scala_spark-master\src\main\scala\Extract.scala. Using presentation compiler with project's scala-library version: 3.3.3
2024.08.08 16:35:07 INFO  no build target found for C:\Users\ASUS\Downloads\project_scala_spark-master\project_scala_spark-master\src\main\scala\Transform.scala. Using presentation compiler with project's scala-library version: 3.3.3
2024.08.08 16:35:07 INFO  no build target found for C:\Users\ASUS\Downloads\project_scala_spark-master\project_scala_spark-master\src\main\scala\Load.scala. Using presentation compiler with project's scala-library version: 3.3.3
2024.08.08 16:35:35 INFO  no build target found for C:\Users\ASUS\Downloads\project_scala_spark-master\project_scala_spark-master\src\main\scala\Transform.scala. Using presentation compiler with project's scala-library version: 3.3.3
2024.08.08 16:35:37 INFO  no build target found for C:\Users\ASUS\Downloads\project_scala_spark-master\project_scala_spark-master\src\main\scala\Main.scala. Using presentation compiler with project's scala-library version: 3.3.3
2024.08.08 16:35:40 INFO  no build target found for C:\Users\ASUS\Downloads\project_scala_spark-master\project_scala_spark-master\src\main\scala\Transform.scala. Using presentation compiler with project's scala-library version: 3.3.3
2024.08.08 16:36:22 INFO  no build target found for C:\Users\ASUS\Downloads\project_scala_spark-master\project_scala_spark-master\src\main\scala\Transform.scala. Using presentation compiler with project's scala-library version: 3.3.3
2024.08.08 16:37:29 INFO  no build target found for C:\Users\ASUS\Downloads\project_scala_spark-master\project_scala_spark-master\src\main\scala\Transform.scala. Using presentation compiler with project's scala-library version: 3.3.3
2024.08.08 16:38:01 INFO  no build target found for C:\Users\ASUS\Downloads\project_scala_spark-master\project_scala_spark-master\src\main\scala\Transform.scala. Using presentation compiler with project's scala-library version: 3.3.3
2024.08.08 16:38:01 INFO  no build target found for C:\Users\ASUS\Downloads\project_scala_spark-master\project_scala_spark-master\src\main\scala\Main.scala. Using presentation compiler with project's scala-library version: 3.3.3
2024.08.08 16:38:02 INFO  no build target found for C:\Users\ASUS\Downloads\project_scala_spark-master\project_scala_spark-master\src\main\scala\Transform.scala. Using presentation compiler with project's scala-library version: 3.3.3
2024.08.08 16:38:03 INFO  no build target found for C:\Users\ASUS\Downloads\project_scala_spark-master\project_scala_spark-master\src\main\scala\Extract.scala. Using presentation compiler with project's scala-library version: 3.3.3
2024.08.08 16:38:03 INFO  no build target found for C:\Users\ASUS\Downloads\project_scala_spark-master\project_scala_spark-master\src\main\scala\Transform.scala. Using presentation compiler with project's scala-library version: 3.3.3
2024.08.08 16:38:05 INFO  no build target found for C:\Users\ASUS\Downloads\project_scala_spark-master\project_scala_spark-master\src\main\scala\Transform.scala. Using presentation compiler with project's scala-library version: 3.3.3
2024.08.08 16:44:34 WARN  Flyway upgrade recommended: H2 2.3.230 is newer than this version of Flyway and support has not been tested. The latest supported version of H2 is 2.2.220.
2024.08.08 16:44:34 INFO  no build target found for C:\Users\ASUS\Downloads\project_scala_spark-master\project_scala_spark-master\src\main\scala\Transform.scala. Using presentation compiler with project's scala-library version: 3.3.3
2024.08.08 16:44:35 INFO  no build target found for C:\Users\ASUS\Downloads\Transform.scala. Using presentation compiler with project's scala-library version: 3.3.3
2024.08.08 16:44:35 WARN  scala-cli >= 0.1.3 not found in PATH, fetching and starting a JVM-based Scala CLI
2024.08.08 16:44:37 INFO  no build target found for C:\Users\ASUS\Downloads\Transform.scala. Using presentation compiler with project's scala-library version: 3.3.3
2024.08.08 16:44:38 INFO  time: code lens generation in 3.09s
2024.08.08 16:44:55 INFO  Running List(C:\Users\ASUS\AppData\Local\Coursier\cache\arc\https\github.com\adoptium\temurin17-binaries\releases\download\jdk-17%252B35\OpenJDK17-jdk_x64_windows_hotspot_17_35.zip\jdk-17+35\bin\java.exe, -cp, C:\Users\ASUS\AppData\Local\Coursier\cache\v1\https\repo1.maven.org\maven2\org\virtuslab\scala-cli\cli_3\1.4.1\cli_3-1.4.1.jar;C:\Users\ASUS\AppData\Local\Coursier\cache\v1\https\repo1.maven.org\maven2\com\github\alexarchambault\case-app_3\2.1.0-M28\case-app_3-2.1.0-M28.jar;C:\Users\ASUS\AppData\Local\Coursier\cache\v1\https\repo1.maven.org\maven2\io\get-coursier\coursier-launcher_2.13\2.1.10\coursier-launcher_2.13-2.1.10.jar;C:\Users\ASUS\AppData\Local\Coursier\cache\v1\https\repo1.maven.org\maven2\io\get-coursier\coursier-proxy-setup\2.1.10\coursier-proxy-setup-2.1.10.jar;C:\Users\ASUS\AppData\Local\Coursier\cache\v1\https\repo1.maven.org\maven2\io\get-coursier\publish\publish_2.13\0.1.6\publish_2.13-0.1.6.jar;C:\Users\ASUS\AppData\Local\Coursier\cache\v1\https\repo1.maven.org\maven2\com\google\jimfs\jimfs\1.3.0\jimfs-1.3.0.jar;C:\Users\ASUS\AppData\Local\Coursier\cache\v1\https\repo1.maven.org\maven2\io\get-coursier\jniutils\windows-jni-utils\0.3.3\windows-jni-utils-0.3.3.jar;C:\Users\ASUS\AppData\Local\Coursier\cache\v1\https\repo1.maven.org\maven2\com\github\plokhotnyuk\jsoniter-scala\jsoniter-scala-core_3\2.13.5.2\jsoniter-scala-core_3-2.13.5.2.jar;C:\Users\ASUS\AppData\Local\Coursier\cache\v1\https\repo1.maven.org\maven2\org\virtuslab\scala-cli\libsodiumjni\0.0.4\libsodiumjni-0.0.4.jar;C:\Users\ASUS\AppData\Local\Coursier\cache\v1\https\repo1.maven.org\maven2\com\geirsson\metaconfig-typesafe-config_3\0.12.0\metaconfig-typesafe-config_3-0.12.0.jar;C:\Users\ASUS\AppData\Local\Coursier\cache\v1\https\repo1.maven.org\maven2\ai\kien\python-native-libs_3\0.2.4\python-native-libs_3-0.2.4.jar;C:\Users\ASUS\AppData\Local\Coursier\cache\v1\https\repo1.maven.org\maven2\org\virtuslab\scala-packager_2.13\0.1.29\scala-packager_2.13-0.1.29.jar;C:\Users\ASUS\AppData\Local\Coursier\cache\v1\https\repo1.maven.org\maven2\org\virtuslab\scala-cli-signing\cli_3\0.2.3\cli_3-0.2.3.jar;C:\Users\ASUS\AppData\Local\Coursier\cache\v1\https\repo1.maven.org\maven2\org\slf4j\slf4j-nop\2.0.13\slf4j-nop-2.0.13.jar;C:\Users\ASUS\AppData\Local\Coursier\cache\v1\https\repo1.maven.org\maven2\com\softwaremill\sttp\client3\core_2.13\3.9.7\core_2.13-3.9.7.jar;C:\Users\ASUS\AppData\Local\Coursier\cache\v1\https\repo1.maven.org\maven2\org\scala-lang\scala3-library_3\3.3.3\scala3-library_3-3.3.3.jar;C:\Users\ASUS\AppData\Local\Coursier\cache\v1\https\repo1.maven.org\maven2\org\virtuslab\scala-cli\build-module_3\1.4.1\build-module_3-1.4.1.jar;C:\Users\ASUS\AppData\Local\Coursier\cache\v1\https\repo1.maven.org\maven2\org\virtuslab\scala-cli\config_3\1.4.1\config_3-1.4.1.jar;C:\Users\ASUS\AppData\Local\Coursier\cache\v1\https\repo1.maven.org\maven2\org\virtuslab\scala-cli\scala3-graal_3\1.4.1\scala3-graal_3-1.4.1.jar;C:\Users\ASUS\AppData\Local\Coursier\cache\v1\https\repo1.maven.org\maven2\org\virtuslab\scala-cli\specification-level_3\1.4.1\specification-level_3-1.4.1.jar;C:\Users\ASUS\AppData\Local\Coursier\cache\v1\https\repo1.maven.org\maven2\com\lihaoyi\sourcecode_3\0.4.2\sourcecode_3-0.4.2.jar;C:\Users\ASUS\AppData\Local\Coursier\cache\v1\https\repo1.maven.org\maven2\com\github\alexarchambault\case-app-annotations_3\2.1.0-M28\case-app-annotations_3-2.1.0-M28.jar;C:\Users\ASUS\AppData\Local\Coursier\cache\v1\https\repo1.maven.org\maven2\com\github\alexarchambault\case-app-util_3\2.1.0-M28\case-app-util_3-2.1.0-M28.jar;C:\Users\ASUS\AppData\Local\Coursier\cache\v1\https\repo1.maven.org\maven2\io\github\alexarchambault\scala-cli\tmp\zip-input-stream\0.1.1\zip-input-stream-0.1.1.jar;C:\Users\ASUS\AppData\Local\Coursier\cache\v1\https\repo1.maven.org\maven2\org\scala-lang\scala-library\2.13.14\scala-library-2.13.14.jar;C:\Users\ASUS\AppData\Local\Coursier\cache\v1\https\repo1.maven.org\maven2\io\get-coursier\coursier-cache_2.13\2.1.10\coursier-cache_2.13-2.1.10.jar;C:\Users\ASUS\AppData\Local\Coursier\cache\v1\https\repo1.maven.org\maven2\io\get-coursier\coursier-core_2.13\2.1.10\coursier-core_2.13-2.1.10.jar;C:\Users\ASUS\AppData\Local\Coursier\cache\v1\https\repo1.maven.org\maven2\com\google\guava\guava\33.2.1-jre\guava-33.2.1-jre.jar;C:\Users\ASUS\AppData\Local\Coursier\cache\v1\https\repo1.maven.org\maven2\net\java\dev\jna\jna\5.14.0\jna-5.14.0.jar;C:\Users\ASUS\AppData\Local\Coursier\cache\v1\https\repo1.maven.org\maven2\net\java\dev\jna\jna-platform\5.12.1\jna-platform-5.12.1.jar;C:\Users\ASUS\AppData\Local\Coursier\cache\v1\https\repo1.maven.org\maven2\com\geirsson\metaconfig-core_3\0.12.0\metaconfig-core_3-0.12.0.jar;C:\Users\ASUS\AppData\Local\Coursier\cache\v1\https\repo1.maven.org\maven2\com\typesafe\config\1.4.1\config-1.4.1.jar;C:\Users\ASUS\AppData\Local\Coursier\cache\v1\https\repo1.maven.org\maven2\org\scala-lang\modules\scala-collection-compat_3\2.12.0\scala-collection-compat_3-2.12.0.jar;C:\Users\ASUS\AppData\Local\Coursier\cache\v1\https\repo1.maven.org\maven2\commons-io\commons-io\2.15.0\commons-io-2.15.0.jar;C:\Users\ASUS\AppData\Local\Coursier\cache\v1\https\repo1.maven.org\maven2\com\google\cloud\tools\jib-core\0.22.0\jib-core-0.22.0.jar;C:\Users\ASUS\AppData\Local\Coursier\cache\v1\https\repo1.maven.org\maven2\org\bouncycastle\bcpg-jdk18on\1.76\bcpg-jdk18on-1.76.jar;C:\Users\ASUS\AppData\Local\Coursier\cache\v1\https\repo1.maven.org\maven2\org\virtuslab\scala-cli-signing\shared_3\0.2.3\shared_3-0.2.3.jar;C:\Users\ASUS\AppData\Local\Coursier\cache\v1\https\repo1.maven.org\maven2\org\slf4j\slf4j-api\2.0.13\slf4j-api-2.0.13.jar;C:\Users\ASUS\AppData\Local\Coursier\cache\v1\https\repo1.maven.org\maven2\com\softwaremill\sttp\model\core_2.13\1.7.9\core_2.13-1.7.9.jar;C:\Users\ASUS\AppData\Local\Coursier\cache\v1\https\repo1.maven.org\maven2\com\softwaremill\sttp\shared\core_2.13\1.3.16\core_2.13-1.3.16.jar;C:\Users\ASUS\AppData\Local\Coursier\cache\v1\https\repo1.maven.org\maven2\com\softwaremill\sttp\shared\ws_2.13\1.3.16\ws_2.13-1.3.16.jar;C:\Users\ASUS\AppData\Local\Coursier\cache\v1\https\repo1.maven.org\maven2\org\ow2\asm\asm\9.7\asm-9.7.jar;C:\Users\ASUS\AppData\Local\Coursier\cache\v1\https\repo1.maven.org\maven2\org\virtuslab\scala-cli\java-class-name\java-class-name_3\0.1.3\java-class-name_3-0.1.3.jar;C:\Users\ASUS\AppData\Local\Coursier\cache\v1\https\repo1.maven.org\maven2\org\scalameta\semanticdb-shared_2.13.14\4.9.8\semanticdb-shared_2.13.14-4.9.8.jar;C:\Users\ASUS\AppData\Local\Coursier\cache\v1\https\repo1.maven.org\maven2\org\scala-native\test-runner_3\0.5.4\test-runner_3-0.5.4.jar;C:\Users\ASUS\AppData\Local\Coursier\cache\v1\https\repo1.maven.org\maven2\com\lihaoyi\os-lib_3\0.10.2\os-lib_3-0.10.2.jar;C:\Users\ASUS\AppData\Local\Coursier\cache\v1\https\repo1.maven.org\maven2\com\lihaoyi\pprint_3\0.9.0\pprint_3-0.9.0.jar;C:\Users\ASUS\AppData\Local\Coursier\cache\v1\https\repo1.maven.org\maven2\org\scala-js\scalajs-env-nodejs_2.13\1.4.0\scalajs-env-nodejs_2.13-1.4.0.jar;C:\Users\ASUS\AppData\Local\Coursier\cache\v1\https\repo1.maven.org\maven2\org\scala-js\scalajs-sbt-test-adapter_2.13\1.16.0\scalajs-sbt-test-adapter_2.13-1.16.0.jar;C:\Users\ASUS\AppData\Local\Coursier\cache\v1\https\repo1.maven.org\maven2\com\swoval\file-tree-views\2.1.12\file-tree-views-2.1.12.jar;C:\Users\ASUS\AppData\Local\Coursier\cache\v1\https\repo1.maven.org\maven2\org\virtuslab\scala-cli\zip-input-stream\zip-input-stream\0.1.2\zip-input-stream-0.1.2.jar;C:\Users\ASUS\AppData\Local\Coursier\cache\v1\https\repo1.maven.org\maven2\org\virtuslab\scala-cli\options_3\1.4.1\options_3-1.4.1.jar;C:\Users\ASUS\AppData\Local\Coursier\cache\v1\https\repo1.maven.org\maven2\org\virtuslab\scala-cli\directives_3\1.4.1\directives_3-1.4.1.jar;C:\Users\ASUS\AppData\Local\Coursier\cache\v1\https\repo1.maven.org\maven2\org\virtuslab\scala-cli\scala-cli-bsp\1.4.1\scala-cli-bsp-1.4.1.jar;C:\Users\ASUS\AppData\Local\Coursier\cache\v1\https\repo1.maven.org\maven2\org\virtuslab\scala-cli\test-runner_3\1.4.1\test-runner_3-1.4.1.jar;C:\Users\ASUS\AppData\Local\Coursier\cache\v1\https\repo1.maven.org\maven2\org\virtuslab\scala-cli\tasty-lib_3\1.4.1\tasty-lib_3-1.4.1.jar;C:\Users\ASUS\AppData\Local\Coursier\cache\v1\https\repo1.maven.org\maven2\org\codehaus\plexus\plexus-archiver\4.9.0\plexus-archiver-4.9.0.jar;C:\Users\ASUS\AppData\Local\Coursier\cache\v1\https\repo1.maven.org\maven2\org\codehaus\plexus\plexus-container-default\2.1.1\plexus-container-default-2.1.1.jar;C:\Users\ASUS\AppData\Local\Coursier\cache\v1\https\repo1.maven.org\maven2\io\github\alexarchambault\windows-ansi\windows-ansi\0.0.5\windows-ansi-0.0.5.jar;C:\Users\ASUS\AppData\Local\Coursier\cache\v1\https\repo1.maven.org\maven2\io\get-coursier\coursier-util_2.13\2.1.10\coursier-util_2.13-2.1.10.jar;C:\Users\ASUS\AppData\Local\Coursier\cache\v1\https\repo1.maven.org\maven2\io\github\alexarchambault\concurrent-reference-hash-map\1.1.0\concurrent-reference-hash-map-1.1.0.jar;C:\Users\ASUS\AppData\Local\Coursier\cache\v1\https\repo1.maven.org\maven2\org\scala-lang\modules\scala-xml_2.13\2.3.0\scala-xml_2.13-2.3.0.jar;C:\Users\ASUS\AppData\Local\Coursier\cache\v1\https\repo1.maven.org\maven2\com\google\guava\failureaccess\1.0.2\failureaccess-1.0.2.jar;C:\Users\ASUS\AppData\Local\Coursier\cache\v1\https\repo1.maven.org\maven2\com\google\guava\listenablefuture\9999.0-empty-to-avoid-conflict-with-guava\listenablefuture-9999.0-empty-to-avoid-conflict-with-guava.jar;C:\Users\ASUS\AppData\Local\Coursier\cache\v1\https\repo1.maven.org\maven2\com\google\code\findbugs\jsr305\3.0.2\jsr305-3.0.2.jar;C:\Users\ASUS\AppData\Local\Coursier\cache\v1\https\repo1.maven.org\maven2\org\checkerframework\checker-qual\3.42.0\checker-qual-3.42.0.jar;C:\Users\ASUS\AppData\Local\Coursier\cache\v1\https\repo1.maven.org\maven2\com\google\errorprone\error_prone_annotations\2.26.1\error_prone_annotations-2.26.1.jar;C:\Users\ASUS\AppData\Local\Coursier\cache\v1\https\repo1.maven.org\maven2\com\google\j2objc\j2objc-annotations\3.0.0\j2objc-annotations-3.0.0.jar;C:\Users\ASUS\AppData\Local\Coursier\cache\v1\https\repo1.maven.org\maven2\com\geirsson\metaconfig-pprint_3\0.12.0\metaconfig-pprint_3-0.12.0.jar;C:\Users\ASUS\AppData\Local\Coursier\cache\v1\https\repo1.maven.org\maven2\org\typelevel\paiges-core_3\0.4.3\paiges-core_3-0.4.3.jar;C:\Users\ASUS\AppData\Local\Coursier\cache\v1\https\repo1.maven.org\maven2\org\scala-lang\scala-reflect\2.13.14\scala-reflect-2.13.14.jar;C:\Users\ASUS\AppData\Local\Coursier\cache\v1\https\repo1.maven.org\maven2\com\google\cloud\tools\jib-build-plan\0.4.0\jib-build-plan-0.4.0.jar;C:\Users\ASUS\AppData\Local\Coursier\cache\v1\https\repo1.maven.org\maven2\com\google\http-client\google-http-client\1.34.0\google-http-client-1.34.0.jar;C:\Users\ASUS\AppData\Local\Coursier\cache\v1\https\repo1.maven.org\maven2\com\google\http-client\google-http-client-apache-v2\1.34.0\google-http-client-apache-v2-1.34.0.jar;C:\Users\ASUS\AppData\Local\Coursier\cache\v1\https\repo1.maven.org\maven2\com\google\auth\google-auth-library-oauth2-http\0.18.0\google-auth-library-oauth2-http-0.18.0.jar;C:\Users\ASUS\AppData\Local\Coursier\cache\v1\https\repo1.maven.org\maven2\org\apache\commons\commons-compress\1.24.0\commons-compress-1.24.0.jar;C:\Users\ASUS\AppData\Local\Coursier\cache\v1\https\repo1.maven.org\maven2\com\fasterxml\jackson\core\jackson-databind\2.13.3\jackson-databind-2.13.3.jar;C:\Users\ASUS\AppData\Local\Coursier\cache\v1\https\repo1.maven.org\maven2\com\fasterxml\jackson\datatype\jackson-datatype-jsr310\2.13.3\jackson-datatype-jsr310-2.13.3.jar;C:\Users\ASUS\AppData\Local\Coursier\cache\v1\https\repo1.maven.org\maven2\org\bouncycastle\bcprov-jdk18on\1.76\bcprov-jdk18on-1.76.jar;C:\Users\ASUS\AppData\Local\Coursier\cache\v1\https\repo1.maven.org\maven2\org\scala-lang\scala3-compiler_3\3.3.1\scala3-compiler_3-3.3.1.jar;C:\Users\ASUS\AppData\Local\Coursier\cache\v1\https\repo1.maven.org\maven2\org\scalameta\scalameta_2.13\4.9.8\scalameta_2.13-4.9.8.jar;C:\Users\ASUS\AppData\Local\Coursier\cache\v1\https\repo1.maven.org\maven2\com\thesamet\scalapb\scalapb-runtime_2.13\0.11.17\scalapb-runtime_2.13-0.11.17.jar;C:\Users\ASUS\AppData\Local\Coursier\cache\v1\https\repo1.maven.org\maven2\org\scala-native\tools_3\0.5.4\tools_3-0.5.4.jar;C:\Users\ASUS\AppData\Local\Coursier\cache\v1\https\repo1.maven.org\maven2\org\scala-sbt\test-interface\1.0\test-interface-1.0.jar;C:\Users\ASUS\AppData\Local\Coursier\cache\v1\https\repo1.maven.org\maven2\com\github\sbt\junit-interface\0.13.3\junit-interface-0.13.3.jar;C:\Users\ASUS\AppData\Local\Coursier\cache\v1\https\repo1.maven.org\maven2\junit\junit\4.13.2\junit-4.13.2.jar;C:\Users\ASUS\AppData\Local\Coursier\cache\v1\https\repo1.maven.org\maven2\com\lihaoyi\geny_3\1.1.0\geny_3-1.1.0.jar;C:\Users\ASUS\AppData\Local\Coursier\cache\v1\https\repo1.maven.org\maven2\com\lihaoyi\fansi_3\0.5.0\fansi_3-0.5.0.jar;C:\Users\ASUS\AppData\Local\Coursier\cache\v1\https\repo1.maven.org\maven2\org\scala-js\scalajs-js-envs_2.13\1.4.0\scalajs-js-envs_2.13-1.4.0.jar;C:\Users\ASUS\AppData\Local\Coursier\cache\v1\https\repo1.maven.org\maven2\ch\epfl\scala\bloop-config_2.13\2.0.2\bloop-config_2.13-2.0.2.jar;C:\Users\ASUS\AppData\Local\Coursier\cache\v1\https\repo1.maven.org\maven2\org\virtuslab\scala-cli\core_3\1.4.1\core_3-1.4.1.jar;C:\Users\ASUS\AppData\Local\Coursier\cache\v1\https\repo1.maven.org\maven2\org\virtuslab\using_directives\1.1.1\using_directives-1.1.1.jar;C:\Users\ASUS\AppData\Local\Coursier\cache\v1\https\repo1.maven.org\maven2\org\virtuslab\scala-cli\build-macros_3\1.4.1\build-macros_3-1.4.1.jar;C:\Users\ASUS\AppData\Local\Coursier\cache\v1\https\repo1.maven.org\maven2\ch\epfl\scala\bsp4j\2.1.1\bsp4j-2.1.1.jar;C:\Users\ASUS\AppData\Local\Coursier\cache\v1\https\repo1.maven.org\maven2\javax\inject\javax.inject\1\javax.inject-1.jar;C:\Users\ASUS\AppData\Local\Coursier\cache\v1\https\repo1.maven.org\maven2\org\codehaus\plexus\plexus-utils\4.0.0\plexus-utils-4.0.0.jar;C:\Users\ASUS\AppData\Local\Coursier\cache\v1\https\repo1.maven.org\maven2\org\codehaus\plexus\plexus-io\3.4.1\plexus-io-3.4.1.jar;C:\Users\ASUS\AppData\Local\Coursier\cache\v1\https\repo1.maven.org\maven2\org\iq80\snappy\snappy\0.4\snappy-0.4.jar;C:\Users\ASUS\AppData\Local\Coursier\cache\v1\https\repo1.maven.org\maven2\org\tukaani\xz\1.9\xz-1.9.jar;C:\Users\ASUS\AppData\Local\Coursier\cache\v1\https\repo1.maven.org\maven2\com\github\luben\zstd-jni\1.5.5-10\zstd-jni-1.5.5-10.jar;C:\Users\ASUS\AppData\Local\Coursier\cache\v1\https\repo1.maven.org\maven2\org\codehaus\plexus\plexus-classworlds\2.6.0\plexus-classworlds-2.6.0.jar;C:\Users\ASUS\AppData\Local\Coursier\cache\v1\https\repo1.maven.org\maven2\org\apache\xbean\xbean-reflect\3.7\xbean-reflect-3.7.jar;C:\Users\ASUS\AppData\Local\Coursier\cache\v1\https\repo1.maven.org\maven2\org\fusesource\jansi\jansi\1.18\jansi-1.18.jar;C:\Users\ASUS\AppData\Local\Coursier\cache\v1\https\repo1.maven.org\maven2\org\apache\httpcomponents\httpclient\4.5.10\httpclient-4.5.10.jar;C:\Users\ASUS\AppData\Local\Coursier\cache\v1\https\repo1.maven.org\maven2\org\apache\httpcomponents\httpcore\4.4.12\httpcore-4.4.12.jar;C:\Users\ASUS\AppData\Local\Coursier\cache\v1\https\repo1.maven.org\maven2\io\opencensus\opencensus-api\0.24.0\opencensus-api-0.24.0.jar;C:\Users\ASUS\AppData\Local\Coursier\cache\v1\https\repo1.maven.org\maven2\io\opencensus\opencensus-contrib-http-util\0.24.0\opencensus-contrib-http-util-0.24.0.jar;C:\Users\ASUS\AppData\Local\Coursier\cache\v1\https\repo1.maven.org\maven2\com\google\auto\value\auto-value-annotations\1.6.6\auto-value-annotations-1.6.6.jar;C:\Users\ASUS\AppData\Local\Coursier\cache\v1\https\repo1.maven.org\maven2\com\google\auth\google-auth-library-credentials\0.18.0\google-auth-library-credentials-0.18.0.jar;C:\Users\ASUS\AppData\Local\Coursier\cache\v1\https\repo1.maven.org\maven2\com\google\http-client\google-http-client-jackson2\1.32.1\google-http-client-jackson2-1.32.1.jar;C:\Users\ASUS\AppData\Local\Coursier\cache\v1\https\repo1.maven.org\maven2\com\fasterxml\jackson\core\jackson-annotations\2.13.3\jackson-annotations-2.13.3.jar;C:\Users\ASUS\AppData\Local\Coursier\cache\v1\https\repo1.maven.org\maven2\com\fasterxml\jackson\core\jackson-core\2.13.3\jackson-core-2.13.3.jar;C:\Users\ASUS\AppData\Local\Coursier\cache\v1\https\repo1.maven.org\maven2\org\scala-lang\scala3-interfaces\3.3.1\scala3-interfaces-3.3.1.jar;C:\Users\ASUS\AppData\Local\Coursier\cache\v1\https\repo1.maven.org\maven2\org\scala-lang\tasty-core_3\3.3.1\tasty-core_3-3.3.1.jar;C:\Users\ASUS\AppData\Local\Coursier\cache\v1\https\repo1.maven.org\maven2\org\scala-lang\modules\scala-asm\9.5.0-scala-1\scala-asm-9.5.0-scala-1.jar;C:\Users\ASUS\AppData\Local\Coursier\cache\v1\https\repo1.maven.org\maven2\org\scala-sbt\compiler-interface\1.3.5\compiler-interface-1.3.5.jar;C:\Users\ASUS\AppData\Local\Coursier\cache\v1\https\repo1.maven.org\maven2\org\jline\jline-reader\3.19.0\jline-reader-3.19.0.jar;C:\Users\ASUS\AppData\Local\Coursier\cache\v1\https\repo1.maven.org\maven2\org\jline\jline-terminal\3.19.0\jline-terminal-3.19.0.jar;C:\Users\ASUS\AppData\Local\Coursier\cache\v1\https\repo1.maven.org\maven2\org\jline\jline-terminal-jna\3.19.0\jline-terminal-jna-3.19.0.jar;C:\Users\ASUS\AppData\Local\Coursier\cache\v1\https\repo1.maven.org\maven2\org\scalameta\parsers_2.13\4.9.8\parsers_2.13-4.9.8.jar;C:\Users\ASUS\AppData\Local\Coursier\cache\v1\https\repo1.maven.org\maven2\org\scala-lang\scalap\2.13.14\scalap-2.13.14.jar;C:\Users\ASUS\AppData\Local\Coursier\cache\v1\https\repo1.maven.org\maven2\com\thesamet\scalapb\lenses_2.13\0.11.17\lenses_2.13-0.11.17.jar;C:\Users\ASUS\AppData\Local\Coursier\cache\v1\https\repo1.maven.org\maven2\com\google\protobuf\protobuf-java\3.19.6\protobuf-java-3.19.6.jar;C:\Users\ASUS\AppData\Local\Coursier\cache\v1\https\repo1.maven.org\maven2\org\scala-lang\modules\scala-collection-compat_2.13\2.12.0\scala-collection-compat_2.13-2.12.0.jar;C:\Users\ASUS\AppData\Local\Coursier\cache\v1\https\repo1.maven.org\maven2\org\scala-native\nir_3\0.5.4\nir_3-0.5.4.jar;C:\Users\ASUS\AppData\Local\Coursier\cache\v1\https\repo1.maven.org\maven2\org\scala-native\util_3\0.5.4\util_3-0.5.4.jar;C:\Users\ASUS\AppData\Local\Coursier\cache\v1\https\repo1.maven.org\maven2\org\hamcrest\hamcrest-core\1.3\hamcrest-core-1.3.jar;C:\Users\ASUS\AppData\Local\Coursier\cache\v1\https\repo1.maven.org\maven2\org\scala-js\scalajs-logging_2.13\1.1.1\scalajs-logging_2.13-1.1.1.jar;C:\Users\ASUS\AppData\Local\Coursier\cache\v1\https\repo1.maven.org\maven2\com\lihaoyi\unroll-annotation_2.13\0.1.12\unroll-annotation_2.13-0.1.12.jar;C:\Users\ASUS\AppData\Local\Coursier\cache\v1\https\repo1.maven.org\maven2\io\github\alexarchambault\bleep\bloop-rifle_2.13\1.5.17-sc-2\bloop-rifle_2.13-1.5.17-sc-2.jar;C:\Users\ASUS\AppData\Local\Coursier\cache\v1\https\repo1.maven.org\maven2\io\get-coursier\coursier-jvm_2.13\2.1.10\coursier-jvm_2.13-2.1.10.jar;C:\Users\ASUS\AppData\Local\Coursier\cache\v1\https\repo1.maven.org\maven2\io\get-coursier\dependency_3\0.2.3\dependency_3-0.2.3.jar;C:\Users\ASUS\AppData\Local\Coursier\cache\v1\https\repo1.maven.org\maven2\org\eclipse\jgit\org.eclipse.jgit\6.8.0.202311291450-r\org.eclipse.jgit-6.8.0.202311291450-r.jar;C:\Users\ASUS\AppData\Local\Coursier\cache\v1\https\repo1.maven.org\maven2\org\scala-js\scalajs-env-jsdom-nodejs_2.13\1.1.0\scalajs-env-jsdom-nodejs_2.13-1.1.0.jar;C:\Users\ASUS\AppData\Local\Coursier\cache\v1\https\repo1.maven.org\maven2\org\eclipse\lsp4j\org.eclipse.lsp4j.generator\0.20.1\org.eclipse.lsp4j.generator-0.20.1.jar;C:\Users\ASUS\AppData\Local\Coursier\cache\v1\https\repo1.maven.org\maven2\org\eclipse\lsp4j\org.eclipse.lsp4j.jsonrpc\0.20.1\org.eclipse.lsp4j.jsonrpc-0.20.1.jar;C:\Users\ASUS\AppData\Local\Coursier\cache\v1\https\repo1.maven.org\maven2\commons-logging\commons-logging\1.2\commons-logging-1.2.jar;C:\Users\ASUS\AppData\Local\Coursier\cache\v1\https\repo1.maven.org\maven2\commons-codec\commons-codec\1.16.0\commons-codec-1.16.0.jar;C:\Users\ASUS\AppData\Local\Coursier\cache\v1\https\repo1.maven.org\maven2\io\grpc\grpc-context\1.22.1\grpc-context-1.22.1.jar;C:\Users\ASUS\AppData\Local\Coursier\cache\v1\https\repo1.maven.org\maven2\org\scala-sbt\util-interface\1.3.0\util-interface-1.3.0.jar;C:\Users\ASUS\AppData\Local\Coursier\cache\v1\https\repo1.maven.org\maven2\org\scalameta\trees_2.13\4.9.8\trees_2.13-4.9.8.jar;C:\Users\ASUS\AppData\Local\Coursier\cache\v1\https\repo1.maven.org\maven2\org\scala-lang\scala-compiler\2.13.14\scala-compiler-2.13.14.jar;C:\Users\ASUS\AppData\Local\Coursier\cache\v1\https\repo1.maven.org\maven2\io\github\alexarchambault\libdaemon\libdaemon_2.13\0.0.11\libdaemon_2.13-0.0.11.jar;C:\Users\ASUS\AppData\Local\Coursier\cache\v1\https\repo1.maven.org\maven2\io\github\alexarchambault\scala-cli\snailgun\snailgun-core_2.13\0.4.1-sc2\snailgun-core_2.13-0.4.1-sc2.jar;C:\Users\ASUS\AppData\Local\Coursier\cache\v1\https\repo1.maven.org\maven2\com\github\alexarchambault\argonaut-shapeless_6.3_2.13\1.3.1\argonaut-shapeless_6.3_2.13-1.3.1.jar;C:\Users\ASUS\AppData\Local\Coursier\cache\v1\https\repo1.maven.org\maven2\io\get-coursier\coursier_2.13\2.1.10\coursier_2.13-2.1.10.jar;C:\Users\ASUS\AppData\Local\Coursier\cache\v1\https\repo1.maven.org\maven2\io\get-coursier\coursier-env_2.13\2.1.10\coursier-env_2.13-2.1.10.jar;C:\Users\ASUS\AppData\Local\Coursier\cache\v1\https\repo1.maven.org\maven2\com\googlecode\javaewah\JavaEWAH\1.2.3\JavaEWAH-1.2.3.jar;C:\Users\ASUS\AppData\Local\Coursier\cache\v1\https\repo1.maven.org\maven2\org\eclipse\xtend\org.eclipse.xtend.lib\2.28.0\org.eclipse.xtend.lib-2.28.0.jar;C:\Users\ASUS\AppData\Local\Coursier\cache\v1\https\repo1.maven.org\maven2\com\google\code\gson\gson\2.10.1\gson-2.10.1.jar;C:\Users\ASUS\AppData\Local\Coursier\cache\v1\https\repo1.maven.org\maven2\org\scalameta\common_2.13\4.9.8\common_2.13-4.9.8.jar;C:\Users\ASUS\AppData\Local\Coursier\cache\v1\https\repo1.maven.org\maven2\io\github\java-diff-utils\java-diff-utils\4.12\java-diff-utils-4.12.jar;C:\Users\ASUS\AppData\Local\Coursier\cache\v1\https\repo1.maven.org\maven2\io\argonaut\argonaut_2.13\6.3.8\argonaut_2.13-6.3.8.jar;C:\Users\ASUS\AppData\Local\Coursier\cache\v1\https\repo1.maven.org\maven2\com\chuusai\shapeless_2.13\2.3.9\shapeless_2.13-2.3.9.jar;C:\Users\ASUS\AppData\Local\Coursier\cache\v1\https\repo1.maven.org\maven2\org\eclipse\xtext\org.eclipse.xtext.xbase.lib\2.28.0\org.eclipse.xtext.xbase.lib-2.28.0.jar;C:\Users\ASUS\AppData\Local\Coursier\cache\v1\https\repo1.maven.org\maven2\org\eclipse\xtend\org.eclipse.xtend.lib.macro\2.28.0\org.eclipse.xtend.lib.macro-2.28.0.jar;C:\Users\ASUS\AppData\Local\Coursier\cache\v1\https\repo1.maven.org\maven2\com\lihaoyi\sourcecode_2.13\0.4.2\sourcecode_2.13-0.4.2.jar, scala.cli.ScalaCli, bsp, --workspace, C:\Users\ASUS\AppData\Local\Temp\metals-scala-cli10803745779926139988, --semantic-db-source-root, C:\Users\ASUS\Downloads, C:\Users\ASUS\Downloads\Transform.scala)
2024.08.08 16:44:55 INFO  tracing is disabled for protocol BSP, to enable tracing of incoming and outgoing JSON messages create an empty file at C:\Users\ASUS\Downloads\.metals\bsp.trace.json or C:\Users\ASUS\AppData\Local\scalameta\metals\cache\bsp.trace.json
2024.08.08 16:44:57 INFO  Scala CLI: Downloading https://repo1.maven.org/maven2/io/github/alexarchambault/bleep/bloop-frontend_2.12/1.5.17-sc-2/bloop-frontend_2.12-1.5.17-sc-2.pom
2024.08.08 16:44:57 INFO  Scala CLI: Downloaded https://repo1.maven.org/maven2/io/github/alexarchambault/bleep/bloop-frontend_2.12/1.5.17-sc-2/bloop-frontend_2.12-1.5.17-sc-2.pom
2024.08.08 16:44:57 INFO  Scala CLI: Downloading https://repo1.maven.org/maven2/io/github/alexarchambault/bleep/bloop-backend_2.12/1.5.17-sc-2/bloop-backend_2.12-1.5.17-sc-2.pom
2024.08.08 16:44:57 INFO  Scala CLI: Downloading https://repo1.maven.org/maven2/io/github/alexarchambault/libdaemon/libdaemon_2.12/0.0.11/libdaemon_2.12-0.0.11.pom
2024.08.08 16:44:57 INFO  Scala CLI: Downloading https://repo1.maven.org/maven2/ch/epfl/scala/bloop-config_2.12/2.0.0/bloop-config_2.12-2.0.0.pom
2024.08.08 16:44:57 INFO  Scala CLI: Downloading https://repo1.maven.org/maven2/ch/epfl/scala/scala-debug-adapter_2.12/4.1.1/scala-debug-adapter_2.12-4.1.1.pom
2024.08.08 16:44:57 INFO  Scala CLI: Downloading https://repo1.maven.org/maven2/ch/qos/logback/logback-classic/1.4.14/logback-classic-1.4.14.pom
2024.08.08 16:44:57 INFO  Scala CLI: Downloading https://repo1.maven.org/maven2/com/github/alexarchambault/case-app_2.12/2.0.6/case-app_2.12-2.0.6.pom
2024.08.08 16:44:57 INFO  Scala CLI: Downloaded https://repo1.maven.org/maven2/io/github/alexarchambault/bleep/bloop-backend_2.12/1.5.17-sc-2/bloop-backend_2.12-1.5.17-sc-2.pom
2024.08.08 16:44:57 INFO  Scala CLI: Downloading https://repo1.maven.org/maven2/org/scala-lang/scala-library/2.12.19/scala-library-2.12.19.pom
2024.08.08 16:44:57 INFO  Scala CLI: Downloaded https://repo1.maven.org/maven2/org/scala-lang/scala-library/2.12.19/scala-library-2.12.19.pom
2024.08.08 16:44:57 INFO  Scala CLI: Downloaded https://repo1.maven.org/maven2/ch/epfl/scala/bloop-config_2.12/2.0.0/bloop-config_2.12-2.0.0.pom
2024.08.08 16:44:57 INFO  Scala CLI: Downloaded https://repo1.maven.org/maven2/ch/epfl/scala/scala-debug-adapter_2.12/4.1.1/scala-debug-adapter_2.12-4.1.1.pom
2024.08.08 16:44:57 INFO  Scala CLI: Downloaded https://repo1.maven.org/maven2/com/github/alexarchambault/case-app_2.12/2.0.6/case-app_2.12-2.0.6.pom
2024.08.08 16:44:57 INFO  Scala CLI: Downloaded https://repo1.maven.org/maven2/io/github/alexarchambault/libdaemon/libdaemon_2.12/0.0.11/libdaemon_2.12-0.0.11.pom
2024.08.08 16:44:57 INFO  Scala CLI: Downloaded https://repo1.maven.org/maven2/ch/qos/logback/logback-classic/1.4.14/logback-classic-1.4.14.pom
2024.08.08 16:44:58 INFO  Scala CLI: Downloading https://repo1.maven.org/maven2/ch/qos/logback/logback-parent/1.4.14/logback-parent-1.4.14.pom
2024.08.08 16:44:58 INFO  Scala CLI: Downloaded https://repo1.maven.org/maven2/ch/qos/logback/logback-parent/1.4.14/logback-parent-1.4.14.pom
2024.08.08 16:44:58 INFO  no build target found for C:\Users\ASUS\Downloads\project_scala_spark-master\project_scala_spark-master\src\main\scala\Transform.scala. Using presentation compiler with project's scala-library version: 3.3.3
2024.08.08 16:44:58 INFO  Scala CLI: Downloading https://repo1.maven.org/maven2/org/slf4j/slf4j-api/2.0.7/slf4j-api-2.0.7.pom
2024.08.08 16:44:58 INFO  Scala CLI: Downloading https://repo1.maven.org/maven2/io/zipkin/brave/brave/5.18.1/brave-5.18.1.pom
2024.08.08 16:44:58 INFO  Scala CLI: Downloading https://repo1.maven.org/maven2/org/scala-sbt/test-agent/1.10.0/test-agent-1.10.0.pom
2024.08.08 16:44:58 INFO  Scala CLI: Downloading https://repo1.maven.org/maven2/io/zipkin/reporter2/zipkin-sender-urlconnection/2.17.2/zipkin-sender-urlconnection-2.17.2.pom
2024.08.08 16:44:58 INFO  Scala CLI: Downloading https://repo1.maven.org/maven2/io/github/alexarchambault/bleep/bloop-shared_2.12/1.5.17-sc-2/bloop-shared_2.12-1.5.17-sc-2.pom
2024.08.08 16:44:58 INFO  Scala CLI: Downloading https://repo1.maven.org/maven2/org/scala-lang/modules/scala-collection-compat_2.12/2.12.0/scala-collection-compat_2.12-2.12.0.pom
2024.08.08 16:44:58 INFO  Scala CLI: Downloaded https://repo1.maven.org/maven2/org/slf4j/slf4j-api/2.0.7/slf4j-api-2.0.7.pom
2024.08.08 16:44:58 INFO  Scala CLI: Downloading https://repo1.maven.org/maven2/io/monix/monix_2.12/3.2.0/monix_2.12-3.2.0.pom
2024.08.08 16:44:58 INFO  Scala CLI: Downloaded https://repo1.maven.org/maven2/io/zipkin/reporter2/zipkin-sender-urlconnection/2.17.2/zipkin-sender-urlconnection-2.17.2.pom
2024.08.08 16:44:58 INFO  Scala CLI: Downloading https://repo1.maven.org/maven2/org/scala-lang/scala-reflect/2.12.19/scala-reflect-2.12.19.pom
2024.08.08 16:44:58 INFO  Scala CLI: Downloaded https://repo1.maven.org/maven2/org/scala-sbt/test-agent/1.10.0/test-agent-1.10.0.pom
2024.08.08 16:44:58 INFO  Scala CLI: Downloading https://repo1.maven.org/maven2/com/github/alexarchambault/case-app-annotations_2.12/2.0.6/case-app-annotations_2.12-2.0.6.pom
2024.08.08 16:44:58 INFO  Scala CLI: Downloaded https://repo1.maven.org/maven2/io/zipkin/brave/brave/5.18.1/brave-5.18.1.pom
2024.08.08 16:44:58 INFO  Scala CLI: Downloading https://repo1.maven.org/maven2/io/github/alexarchambault/bleep/nailgun-server/1.0.7/nailgun-server-1.0.7.pom
2024.08.08 16:44:58 INFO  Scala CLI: Downloaded https://repo1.maven.org/maven2/io/github/alexarchambault/bleep/bloop-shared_2.12/1.5.17-sc-2/bloop-shared_2.12-1.5.17-sc-2.pom
2024.08.08 16:44:58 INFO  Scala CLI: Downloading https://repo1.maven.org/maven2/org/scala-sbt/librarymanagement-ivy_2.12/1.10.0/librarymanagement-ivy_2.12-1.10.0.pom
2024.08.08 16:44:58 INFO  Scala CLI: Downloaded https://repo1.maven.org/maven2/io/monix/monix_2.12/3.2.0/monix_2.12-3.2.0.pom
2024.08.08 16:44:58 INFO  Scala CLI: Downloading https://repo1.maven.org/maven2/org/zeroturnaround/zt-zip/1.17/zt-zip-1.17.pom
2024.08.08 16:44:58 INFO  Scala CLI: Downloaded https://repo1.maven.org/maven2/org/scala-lang/scala-reflect/2.12.19/scala-reflect-2.12.19.pom
2024.08.08 16:44:58 INFO  Scala CLI: Downloaded https://repo1.maven.org/maven2/io/github/alexarchambault/bleep/nailgun-server/1.0.7/nailgun-server-1.0.7.pom
2024.08.08 16:44:58 INFO  Scala CLI: Downloading https://repo1.maven.org/maven2/com/lihaoyi/sourcecode_2.12/0.4.1/sourcecode_2.12-0.4.1.pom
2024.08.08 16:44:58 INFO  Scala CLI: Downloaded https://repo1.maven.org/maven2/com/github/alexarchambault/case-app-annotations_2.12/2.0.6/case-app-annotations_2.12-2.0.6.pom
2024.08.08 16:44:58 INFO  Scala CLI: Downloading https://repo1.maven.org/maven2/com/github/plokhotnyuk/jsoniter-scala/jsoniter-scala-core_2.12/2.4.0/jsoniter-scala-core_2.12-2.4.0.pom
2024.08.08 16:44:58 INFO  Scala CLI: Downloaded https://repo1.maven.org/maven2/org/scala-sbt/librarymanagement-ivy_2.12/1.10.0/librarymanagement-ivy_2.12-1.10.0.pom
2024.08.08 16:44:58 INFO  Scala CLI: Downloading https://repo1.maven.org/maven2/org/scalaz/scalaz-core_2.12/7.3.8/scalaz-core_2.12-7.3.8.pom
2024.08.08 16:44:58 INFO  Scala CLI: Downloaded https://repo1.maven.org/maven2/org/scala-lang/modules/scala-collection-compat_2.12/2.12.0/scala-collection-compat_2.12-2.12.0.pom
2024.08.08 16:44:58 INFO  Scala CLI: Downloaded https://repo1.maven.org/maven2/org/zeroturnaround/zt-zip/1.17/zt-zip-1.17.pom
2024.08.08 16:44:58 INFO  Scala CLI: Downloading https://repo1.maven.org/maven2/org/scalameta/parsers_2.12/4.9.5/parsers_2.12-4.9.5.pom
2024.08.08 16:44:58 INFO  Scala CLI: Downloading https://repo1.maven.org/maven2/com/lihaoyi/pprint_2.12/0.9.0/pprint_2.12-0.9.0.pom
2024.08.08 16:44:58 INFO  Scala CLI: Downloaded https://repo1.maven.org/maven2/com/lihaoyi/sourcecode_2.12/0.4.1/sourcecode_2.12-0.4.1.pom
2024.08.08 16:44:58 INFO  Scala CLI: Downloading https://repo1.maven.org/maven2/ch/epfl/scala/com-microsoft-java-debug-core/0.34.0+30/com-microsoft-java-debug-core-0.34.0+30.pom
2024.08.08 16:44:58 INFO  Scala CLI: Downloaded https://repo1.maven.org/maven2/com/github/plokhotnyuk/jsoniter-scala/jsoniter-scala-core_2.12/2.4.0/jsoniter-scala-core_2.12-2.4.0.pom
2024.08.08 16:44:58 INFO  Scala CLI: Downloaded https://repo1.maven.org/maven2/org/scalaz/scalaz-core_2.12/7.3.8/scalaz-core_2.12-7.3.8.pom
2024.08.08 16:44:58 INFO  Scala CLI: Downloading https://repo1.maven.org/maven2/ch/qos/logback/logback-core/1.4.14/logback-core-1.4.14.pom
2024.08.08 16:44:58 INFO  Scala CLI: Downloaded https://repo1.maven.org/maven2/org/scalameta/parsers_2.12/4.9.5/parsers_2.12-4.9.5.pom
2024.08.08 16:44:58 INFO  Scala CLI: Downloading https://repo1.maven.org/maven2/ch/epfl/scala/directory-watcher/0.8.0+6-f651bd93/directory-watcher-0.8.0+6-f651bd93.pom
2024.08.08 16:44:58 INFO  Scala CLI: Downloaded https://repo1.maven.org/maven2/com/lihaoyi/pprint_2.12/0.9.0/pprint_2.12-0.9.0.pom
2024.08.08 16:44:58 INFO  Scala CLI: Downloaded https://repo1.maven.org/maven2/ch/epfl/scala/com-microsoft-java-debug-core/0.34.0+30/com-microsoft-java-debug-core-0.34.0+30.pom
2024.08.08 16:44:58 INFO  Scala CLI: Downloading https://repo1.maven.org/maven2/com/github/alexarchambault/case-app-util_2.12/2.0.6/case-app-util_2.12-2.0.6.pom
2024.08.08 16:44:58 INFO  Scala CLI: Downloaded https://repo1.maven.org/maven2/ch/qos/logback/logback-core/1.4.14/logback-core-1.4.14.pom
2024.08.08 16:44:58 INFO  Scala CLI: Downloaded https://repo1.maven.org/maven2/ch/epfl/scala/directory-watcher/0.8.0+6-f651bd93/directory-watcher-0.8.0+6-f651bd93.pom
2024.08.08 16:44:58 INFO  Scala CLI: Downloaded https://repo1.maven.org/maven2/com/github/alexarchambault/case-app-util_2.12/2.0.6/case-app-util_2.12-2.0.6.pom
2024.08.08 16:44:58 INFO  Scala CLI: Downloading https://repo1.maven.org/maven2/io/zipkin/brave/brave-parent/5.18.1/brave-parent-5.18.1.pom
2024.08.08 16:44:58 INFO  Scala CLI: Downloading https://repo1.maven.org/maven2/io/zipkin/reporter2/zipkin-reporter-parent/2.17.2/zipkin-reporter-parent-2.17.2.pom
2024.08.08 16:44:58 INFO  Scala CLI: Downloading https://repo1.maven.org/maven2/org/slf4j/slf4j-parent/2.0.7/slf4j-parent-2.0.7.pom
2024.08.08 16:44:58 INFO  Scala CLI: Downloaded https://repo1.maven.org/maven2/org/slf4j/slf4j-parent/2.0.7/slf4j-parent-2.0.7.pom
2024.08.08 16:44:58 INFO  Scala CLI: Downloaded https://repo1.maven.org/maven2/io/zipkin/reporter2/zipkin-reporter-parent/2.17.2/zipkin-reporter-parent-2.17.2.pom
2024.08.08 16:44:58 INFO  Scala CLI: Downloaded https://repo1.maven.org/maven2/io/zipkin/brave/brave-parent/5.18.1/brave-parent-5.18.1.pom
2024.08.08 16:44:58 INFO  Scala CLI: Downloading https://repo1.maven.org/maven2/io/zipkin/reporter2/zipkin-reporter-brave/2.17.2/zipkin-reporter-brave-2.17.2.pom
2024.08.08 16:44:58 INFO  Scala CLI: Downloading https://repo1.maven.org/maven2/io/monix/monix-eval_2.12/3.2.0/monix-eval_2.12-3.2.0.pom
2024.08.08 16:44:58 INFO  Scala CLI: Downloading https://repo1.maven.org/maven2/io/monix/monix-execution_2.12/3.2.0/monix-execution_2.12-3.2.0.pom
2024.08.08 16:44:58 INFO  Scala CLI: Downloading https://repo1.maven.org/maven2/net/java/dev/jna/jna-platform/4.4.0/jna-platform-4.4.0.pom
2024.08.08 16:44:58 INFO  Scala CLI: Downloading https://repo1.maven.org/maven2/io/zipkin/zipkin2/zipkin/2.27.0/zipkin-2.27.0.pom
2024.08.08 16:44:59 INFO  Scala CLI: Downloading https://repo1.maven.org/maven2/io/monix/monix-tail_2.12/3.2.0/monix-tail_2.12-3.2.0.pom
2024.08.08 16:44:59 INFO  Scala CLI: Downloaded https://repo1.maven.org/maven2/io/zipkin/reporter2/zipkin-reporter-brave/2.17.2/zipkin-reporter-brave-2.17.2.pom
2024.08.08 16:44:59 INFO  Scala CLI: Downloading https://repo1.maven.org/maven2/net/jpountz/lz4/lz4/1.3.0/lz4-1.3.0.pom
2024.08.08 16:44:59 INFO  Scala CLI: Downloaded https://repo1.maven.org/maven2/net/java/dev/jna/jna-platform/4.4.0/jna-platform-4.4.0.pom
2024.08.08 16:44:59 INFO  Scala CLI: Downloading https://repo1.maven.org/maven2/io/zipkin/reporter2/zipkin-reporter/2.17.2/zipkin-reporter-2.17.2.pom
2024.08.08 16:44:59 INFO  Scala CLI: Downloaded https://repo1.maven.org/maven2/io/monix/monix-execution_2.12/3.2.0/monix-execution_2.12-3.2.0.pom
2024.08.08 16:44:59 INFO  Scala CLI: Downloading https://repo1.maven.org/maven2/io/monix/monix-catnap_2.12/3.2.0/monix-catnap_2.12-3.2.0.pom
2024.08.08 16:44:59 INFO  Scala CLI: Downloaded https://repo1.maven.org/maven2/io/zipkin/zipkin2/zipkin/2.27.0/zipkin-2.27.0.pom
2024.08.08 16:44:59 INFO  Scala CLI: Downloading https://repo1.maven.org/maven2/com/chuusai/shapeless_2.12/2.3.3/shapeless_2.12-2.3.3.pom
2024.08.08 16:44:59 INFO  Scala CLI: Downloaded https://repo1.maven.org/maven2/io/monix/monix-eval_2.12/3.2.0/monix-eval_2.12-3.2.0.pom
2024.08.08 16:44:59 INFO  Scala CLI: Downloading https://repo1.maven.org/maven2/com/github/plokhotnyuk/jsoniter-scala/jsoniter-scala-core_2.12/2.13.3.2/jsoniter-scala-core_2.12-2.13.3.2.pom
2024.08.08 16:44:59 INFO  Scala CLI: Downloaded https://repo1.maven.org/maven2/net/jpountz/lz4/lz4/1.3.0/lz4-1.3.0.pom
2024.08.08 16:44:59 INFO  Scala CLI: Downloading https://repo1.maven.org/maven2/ch/epfl/scala/bsp4s_2.12/2.1.1/bsp4s_2.12-2.1.1.pom
2024.08.08 16:44:59 INFO  Scala CLI: Downloaded https://repo1.maven.org/maven2/io/monix/monix-catnap_2.12/3.2.0/monix-catnap_2.12-3.2.0.pom
2024.08.08 16:44:59 INFO  Scala CLI: Downloading https://repo1.maven.org/maven2/org/scalameta/trees_2.12/4.9.5/trees_2.12-4.9.5.pom
2024.08.08 16:44:59 INFO  Scala CLI: Downloaded https://repo1.maven.org/maven2/com/chuusai/shapeless_2.12/2.3.3/shapeless_2.12-2.3.3.pom
2024.08.08 16:44:59 INFO  Scala CLI: Downloading https://repo1.maven.org/maven2/io/monix/monix-java_2.12/3.2.0/monix-java_2.12-3.2.0.pom
2024.08.08 16:44:59 INFO  Scala CLI: Downloaded https://repo1.maven.org/maven2/io/zipkin/reporter2/zipkin-reporter/2.17.2/zipkin-reporter-2.17.2.pom
2024.08.08 16:44:59 INFO  Scala CLI: Downloading https://repo1.maven.org/maven2/io/monix/monix-reactive_2.12/3.2.0/monix-reactive_2.12-3.2.0.pom
2024.08.08 16:44:59 INFO  Scala CLI: Downloaded https://repo1.maven.org/maven2/com/github/plokhotnyuk/jsoniter-scala/jsoniter-scala-core_2.12/2.13.3.2/jsoniter-scala-core_2.12-2.13.3.2.pom
2024.08.08 16:44:59 INFO  Scala CLI: Downloading https://repo1.maven.org/maven2/org/apache/logging/log4j/log4j-core/2.23.0/log4j-core-2.23.0.pom
2024.08.08 16:44:59 INFO  Scala CLI: Downloaded https://repo1.maven.org/maven2/io/monix/monix-tail_2.12/3.2.0/monix-tail_2.12-3.2.0.pom
2024.08.08 16:44:59 INFO  Scala CLI: Downloading https://repo1.maven.org/maven2/org/scala-sbt/ivy/ivy/2.3.0-sbt-396a783bba347016e7fe30dacc60d355be607fe2/ivy-2.3.0-sbt-396a783bba347016e7fe30dacc60d355be607fe2.pom
2024.08.08 16:44:59 INFO  Scala CLI: Downloaded https://repo1.maven.org/maven2/ch/epfl/scala/bsp4s_2.12/2.1.1/bsp4s_2.12-2.1.1.pom
2024.08.08 16:44:59 INFO  Scala CLI: Downloading https://repo1.maven.org/maven2/net/java/dev/jna/jna/4.5.2/jna-4.5.2.pom
2024.08.08 16:44:59 INFO  Scala CLI: Downloaded https://repo1.maven.org/maven2/org/scalameta/trees_2.12/4.9.5/trees_2.12-4.9.5.pom
2024.08.08 16:44:59 INFO  Scala CLI: Downloading https://repo1.maven.org/maven2/com/lihaoyi/fansi_2.12/0.5.0/fansi_2.12-0.5.0.pom
2024.08.08 16:44:59 INFO  Scala CLI: Downloaded https://repo1.maven.org/maven2/io/monix/monix-reactive_2.12/3.2.0/monix-reactive_2.12-3.2.0.pom
2024.08.08 16:44:59 INFO  Scala CLI: Downloading https://repo1.maven.org/maven2/org/scala-sbt/zinc_2.12/1.10.0/zinc_2.12-1.10.0.pom
2024.08.08 16:44:59 INFO  Scala CLI: Downloaded https://repo1.maven.org/maven2/org/apache/logging/log4j/log4j-core/2.23.0/log4j-core-2.23.0.pom
2024.08.08 16:44:59 INFO  Scala CLI: Downloaded https://repo1.maven.org/maven2/io/monix/monix-java_2.12/3.2.0/monix-java_2.12-3.2.0.pom
2024.08.08 16:44:59 INFO  no build target found for C:\Users\ASUS\Downloads\project_scala_spark-master\project_scala_spark-master\src\main\scala\Transform.scala. Using presentation compiler with project's scala-library version: 3.3.3
2024.08.08 16:44:59 INFO  Scala CLI: Downloaded https://repo1.maven.org/maven2/org/scala-sbt/ivy/ivy/2.3.0-sbt-396a783bba347016e7fe30dacc60d355be607fe2/ivy-2.3.0-sbt-396a783bba347016e7fe30dacc60d355be607fe2.pom
2024.08.08 16:44:59 INFO  Scala CLI: Downloaded https://repo1.maven.org/maven2/net/java/dev/jna/jna/4.5.2/jna-4.5.2.pom
2024.08.08 16:44:59 INFO  Scala CLI: Downloaded https://repo1.maven.org/maven2/com/lihaoyi/fansi_2.12/0.5.0/fansi_2.12-0.5.0.pom
2024.08.08 16:44:59 INFO  Scala CLI: Downloaded https://repo1.maven.org/maven2/org/scala-sbt/zinc_2.12/1.10.0/zinc_2.12-1.10.0.pom
2024.08.08 16:44:59 INFO  Scala CLI: Downloading https://repo1.maven.org/maven2/org/scala-sbt/librarymanagement-core_2.12/1.10.0/librarymanagement-core_2.12-1.10.0.pom
2024.08.08 16:44:59 INFO  Scala CLI: Downloading https://repo1.maven.org/maven2/io/github/alexarchambault/bleep/jsonrpc4s_2.12/0.1.1/jsonrpc4s_2.12-0.1.1.pom
2024.08.08 16:44:59 INFO  Scala CLI: Downloading https://repo1.maven.org/maven2/com/eed3si9n/sjson-new-core_2.12/0.9.0/sjson-new-core_2.12-0.9.0.pom
2024.08.08 16:44:59 INFO  Scala CLI: Downloaded https://repo1.maven.org/maven2/org/scala-sbt/librarymanagement-core_2.12/1.10.0/librarymanagement-core_2.12-1.10.0.pom
2024.08.08 16:44:59 INFO  Scala CLI: Downloaded https://repo1.maven.org/maven2/io/github/alexarchambault/bleep/jsonrpc4s_2.12/0.1.1/jsonrpc4s_2.12-0.1.1.pom
2024.08.08 16:44:59 INFO  Scala CLI: Downloading https://repo1.maven.org/maven2/io/get-coursier/interface/1.0.13/interface-1.0.13.pom
2024.08.08 16:44:59 INFO  Scala CLI: Downloaded https://repo1.maven.org/maven2/com/eed3si9n/sjson-new-core_2.12/0.9.0/sjson-new-core_2.12-0.9.0.pom
2024.08.08 16:44:59 INFO  Scala CLI: Downloaded https://repo1.maven.org/maven2/io/get-coursier/interface/1.0.13/interface-1.0.13.pom
2024.08.08 16:44:59 INFO  Scala CLI: Downloading https://repo1.maven.org/maven2/org/apache/logging/log4j/log4j/2.23.0/log4j-2.23.0.pom
2024.08.08 16:44:59 INFO  Scala CLI: Downloading https://repo1.maven.org/maven2/io/zipkin/zipkin-parent/2.27.0/zipkin-parent-2.27.0.pom
2024.08.08 16:44:59 INFO  Scala CLI: Downloaded https://repo1.maven.org/maven2/org/apache/logging/log4j/log4j/2.23.0/log4j-2.23.0.pom
2024.08.08 16:44:59 INFO  Scala CLI: Downloaded https://repo1.maven.org/maven2/io/zipkin/zipkin-parent/2.27.0/zipkin-parent-2.27.0.pom
2024.08.08 16:44:59 INFO  Scala CLI: Downloading https://repo1.maven.org/maven2/org/apache/logging/log4j/log4j-bom/2.23.0/log4j-bom-2.23.0.pom
2024.08.08 16:44:59 INFO  Scala CLI: Downloaded https://repo1.maven.org/maven2/org/apache/logging/log4j/log4j-bom/2.23.0/log4j-bom-2.23.0.pom
2024.08.08 16:44:59 INFO  Scala CLI: Downloading https://repo1.maven.org/maven2/org/apache/logging/logging-parent/10.6.0/logging-parent-10.6.0.pom
2024.08.08 16:45:00 INFO  Scala CLI: Downloaded https://repo1.maven.org/maven2/org/apache/logging/logging-parent/10.6.0/logging-parent-10.6.0.pom
2024.08.08 16:45:00 INFO  no build target found for C:\Users\ASUS\Downloads\project_scala_spark-master\project_scala_spark-master\src\main\scala\Transform.scala. Using presentation compiler with project's scala-library version: 3.3.3
2024.08.08 16:45:00 INFO  Scala CLI: Downloading https://repo1.maven.org/maven2/org/mockito/mockito-bom/4.11.0/mockito-bom-4.11.0.pom
2024.08.08 16:45:00 INFO  Scala CLI: Downloading https://repo1.maven.org/maven2/com/fasterxml/jackson/jackson-bom/2.16.1/jackson-bom-2.16.1.pom
2024.08.08 16:45:00 INFO  Scala CLI: Downloading https://repo1.maven.org/maven2/io/fabric8/kubernetes-client-bom/5.12.4/kubernetes-client-bom-5.12.4.pom
2024.08.08 16:45:00 INFO  Scala CLI: Downloading https://repo1.maven.org/maven2/org/codehaus/groovy/groovy-bom/3.0.20/groovy-bom-3.0.20.pom
2024.08.08 16:45:00 INFO  Scala CLI: Downloading https://repo1.maven.org/maven2/jakarta/platform/jakarta.jakartaee-bom/9.1.0/jakarta.jakartaee-bom-9.1.0.pom
2024.08.08 16:45:00 INFO  Scala CLI: Downloading https://repo1.maven.org/maven2/org/eclipse/jetty/jetty-bom/9.4.54.v20240208/jetty-bom-9.4.54.v20240208.pom
2024.08.08 16:45:00 INFO  Scala CLI: Downloaded https://repo1.maven.org/maven2/org/mockito/mockito-bom/4.11.0/mockito-bom-4.11.0.pom
2024.08.08 16:45:00 INFO  Scala CLI: Downloading https://repo1.maven.org/maven2/io/netty/netty-bom/4.1.107.Final/netty-bom-4.1.107.Final.pom
2024.08.08 16:45:00 INFO  Scala CLI: Downloaded https://repo1.maven.org/maven2/jakarta/platform/jakarta.jakartaee-bom/9.1.0/jakarta.jakartaee-bom-9.1.0.pom
2024.08.08 16:45:00 INFO  Scala CLI: Downloading https://repo1.maven.org/maven2/org/springframework/spring-framework-bom/5.3.32/spring-framework-bom-5.3.32.pom
2024.08.08 16:45:00 INFO  Scala CLI: Downloaded https://repo1.maven.org/maven2/org/codehaus/groovy/groovy-bom/3.0.20/groovy-bom-3.0.20.pom
2024.08.08 16:45:00 INFO  Scala CLI: Downloaded https://repo1.maven.org/maven2/com/fasterxml/jackson/jackson-bom/2.16.1/jackson-bom-2.16.1.pom
2024.08.08 16:45:00 INFO  Scala CLI: Downloaded https://repo1.maven.org/maven2/io/fabric8/kubernetes-client-bom/5.12.4/kubernetes-client-bom-5.12.4.pom
2024.08.08 16:45:00 INFO  Scala CLI: Downloaded https://repo1.maven.org/maven2/org/springframework/spring-framework-bom/5.3.32/spring-framework-bom-5.3.32.pom
2024.08.08 16:45:00 INFO  Scala CLI: Downloaded https://repo1.maven.org/maven2/io/netty/netty-bom/4.1.107.Final/netty-bom-4.1.107.Final.pom
2024.08.08 16:45:00 INFO  Scala CLI: Downloaded https://repo1.maven.org/maven2/org/eclipse/jetty/jetty-bom/9.4.54.v20240208/jetty-bom-9.4.54.v20240208.pom
2024.08.08 16:45:00 INFO  Scala CLI: Downloading https://repo1.maven.org/maven2/jakarta/platform/jakartaee-api-parent/9.1.0/jakartaee-api-parent-9.1.0.pom
2024.08.08 16:45:00 INFO  Scala CLI: Downloading https://repo1.maven.org/maven2/com/fasterxml/jackson/jackson-parent/2.16/jackson-parent-2.16.pom
2024.08.08 16:45:00 INFO  Scala CLI: Downloaded https://repo1.maven.org/maven2/com/fasterxml/jackson/jackson-parent/2.16/jackson-parent-2.16.pom
2024.08.08 16:45:00 INFO  Scala CLI: Downloaded https://repo1.maven.org/maven2/jakarta/platform/jakartaee-api-parent/9.1.0/jakartaee-api-parent-9.1.0.pom
2024.08.08 16:45:00 INFO  Scala CLI: Downloading https://repo1.maven.org/maven2/com/fasterxml/oss-parent/56/oss-parent-56.pom
2024.08.08 16:45:00 INFO  Scala CLI: Downloading https://repo1.maven.org/maven2/org/eclipse/ee4j/project/1.0.7/project-1.0.7.pom
2024.08.08 16:45:00 INFO  Scala CLI: Downloaded https://repo1.maven.org/maven2/com/fasterxml/oss-parent/56/oss-parent-56.pom
2024.08.08 16:45:00 INFO  Scala CLI: Downloaded https://repo1.maven.org/maven2/org/eclipse/ee4j/project/1.0.7/project-1.0.7.pom
2024.08.08 16:45:00 INFO  Scala CLI: Downloading https://repo1.maven.org/maven2/org/scala-sbt/util-position_2.12/1.10.0/util-position_2.12-1.10.0.pom
2024.08.08 16:45:00 INFO  Scala CLI: Downloading https://repo1.maven.org/maven2/org/apache/logging/log4j/log4j-api/2.23.0/log4j-api-2.23.0.pom
2024.08.08 16:45:00 INFO  Scala CLI: Downloading https://repo1.maven.org/maven2/org/scala-sbt/util-logging_2.12/1.10.0/util-logging_2.12-1.10.0.pom
2024.08.08 16:45:00 INFO  Scala CLI: Downloading https://repo1.maven.org/maven2/org/scala-sbt/launcher-interface/1.0.0/launcher-interface-1.0.0.pom
2024.08.08 16:45:00 INFO  Scala CLI: Downloading https://repo1.maven.org/maven2/org/scala-sbt/util-cache_2.12/1.10.0/util-cache_2.12-1.10.0.pom
2024.08.08 16:45:00 INFO  Scala CLI: Downloading https://repo1.maven.org/maven2/org/scala-sbt/zinc-compile-core_2.12/1.10.0/zinc-compile-core_2.12-1.10.0.pom
2024.08.08 16:45:00 INFO  Scala CLI: Downloaded https://repo1.maven.org/maven2/org/scala-sbt/util-position_2.12/1.10.0/util-position_2.12-1.10.0.pom
2024.08.08 16:45:00 INFO  Scala CLI: Downloading https://repo1.maven.org/maven2/org/scala-lang/modules/scala-xml_2.12/2.1.0/scala-xml_2.12-2.1.0.pom
2024.08.08 16:45:00 INFO  Scala CLI: Downloaded https://repo1.maven.org/maven2/org/scala-sbt/launcher-interface/1.0.0/launcher-interface-1.0.0.pom
2024.08.08 16:45:00 INFO  Scala CLI: Downloading https://repo1.maven.org/maven2/org/typelevel/macro-compat_2.12/1.1.1/macro-compat_2.12-1.1.1.pom
2024.08.08 16:45:00 INFO  Scala CLI: Downloaded https://repo1.maven.org/maven2/org/scala-sbt/zinc-compile-core_2.12/1.10.0/zinc-compile-core_2.12-1.10.0.pom
2024.08.08 16:45:00 INFO  Scala CLI: Downloading https://repo1.maven.org/maven2/org/scala-sbt/zinc-core_2.12/1.10.0/zinc-core_2.12-1.10.0.pom
2024.08.08 16:45:00 INFO  Scala CLI: Downloaded https://repo1.maven.org/maven2/org/scala-sbt/util-logging_2.12/1.10.0/util-logging_2.12-1.10.0.pom
2024.08.08 16:45:00 INFO  Scala CLI: Downloading https://repo1.maven.org/maven2/com/github/plokhotnyuk/jsoniter-scala/jsoniter-scala-core_2.12/2.13.5/jsoniter-scala-core_2.12-2.13.5.pom
2024.08.08 16:45:00 INFO  Scala CLI: Downloaded https://repo1.maven.org/maven2/org/scala-sbt/util-cache_2.12/1.10.0/util-cache_2.12-1.10.0.pom
2024.08.08 16:45:00 INFO  Scala CLI: Downloading https://repo1.maven.org/maven2/org/typelevel/cats-effect_2.12/2.1.3/cats-effect_2.12-2.1.3.pom
2024.08.08 16:45:00 INFO  Scala CLI: Downloaded https://repo1.maven.org/maven2/org/scala-lang/modules/scala-xml_2.12/2.1.0/scala-xml_2.12-2.1.0.pom
2024.08.08 16:45:00 INFO  Scala CLI: Downloading https://repo1.maven.org/maven2/io/monix/implicitbox_2.12/0.2.0/implicitbox_2.12-0.2.0.pom
2024.08.08 16:45:00 INFO  Scala CLI: Downloaded https://repo1.maven.org/maven2/org/scala-sbt/zinc-core_2.12/1.10.0/zinc-core_2.12-1.10.0.pom
2024.08.08 16:45:00 INFO  Scala CLI: Downloading https://repo1.maven.org/maven2/org/jctools/jctools-core/2.1.2/jctools-core-2.1.2.pom
2024.08.08 16:45:00 INFO  Scala CLI: Downloaded https://repo1.maven.org/maven2/org/typelevel/macro-compat_2.12/1.1.1/macro-compat_2.12-1.1.1.pom
2024.08.08 16:45:00 INFO  Scala CLI: Downloading https://repo1.maven.org/maven2/org/scala-sbt/zinc-persist_2.12/1.10.0/zinc-persist_2.12-1.10.0.pom
2024.08.08 16:45:00 INFO  Scala CLI: Downloaded https://repo1.maven.org/maven2/com/github/plokhotnyuk/jsoniter-scala/jsoniter-scala-core_2.12/2.13.5/jsoniter-scala-core_2.12-2.13.5.pom
2024.08.08 16:45:00 INFO  Scala CLI: Downloading https://repo1.maven.org/maven2/com/github/mwiede/jsch/0.2.17/jsch-0.2.17.pom
2024.08.08 16:45:00 INFO  Scala CLI: Downloaded https://repo1.maven.org/maven2/org/typelevel/cats-effect_2.12/2.1.3/cats-effect_2.12-2.1.3.pom
2024.08.08 16:45:00 INFO  Scala CLI: Downloaded https://repo1.maven.org/maven2/org/apache/logging/log4j/log4j-api/2.23.0/log4j-api-2.23.0.pom
2024.08.08 16:45:00 INFO  Scala CLI: Downloading https://repo1.maven.org/maven2/org/scala-lang/scala-compiler/2.12.19/scala-compiler-2.12.19.pom
2024.08.08 16:45:00 INFO  Scala CLI: Downloaded https://repo1.maven.org/maven2/io/monix/implicitbox_2.12/0.2.0/implicitbox_2.12-0.2.0.pom
2024.08.08 16:45:00 INFO  Scala CLI: Downloading https://repo1.maven.org/maven2/com/outr/scribe_2.12/3.5.5/scribe_2.12-3.5.5.pom
2024.08.08 16:45:01 INFO  Scala CLI: Downloaded https://repo1.maven.org/maven2/org/jctools/jctools-core/2.1.2/jctools-core-2.1.2.pom
2024.08.08 16:45:01 INFO  Scala CLI: Downloading https://repo1.maven.org/maven2/org/scala-sbt/zinc-classfile_2.12/1.10.0/zinc-classfile_2.12-1.10.0.pom
2024.08.08 16:45:01 INFO  Scala CLI: Downloaded https://repo1.maven.org/maven2/com/github/mwiede/jsch/0.2.17/jsch-0.2.17.pom
2024.08.08 16:45:01 INFO  Scala CLI: Downloaded https://repo1.maven.org/maven2/org/scala-sbt/zinc-persist_2.12/1.10.0/zinc-persist_2.12-1.10.0.pom
2024.08.08 16:45:01 INFO  Scala CLI: Downloaded https://repo1.maven.org/maven2/org/scala-lang/scala-compiler/2.12.19/scala-compiler-2.12.19.pom
2024.08.08 16:45:01 INFO  Scala CLI: Downloading https://repo1.maven.org/maven2/com/eed3si9n/gigahorse-apache-http_2.12/0.7.0/gigahorse-apache-http_2.12-0.7.0.pom
2024.08.08 16:45:01 INFO  Scala CLI: Downloaded https://repo1.maven.org/maven2/com/outr/scribe_2.12/3.5.5/scribe_2.12-3.5.5.pom
2024.08.08 16:45:01 INFO  Scala CLI: Downloaded https://repo1.maven.org/maven2/org/scala-sbt/zinc-classfile_2.12/1.10.0/zinc-classfile_2.12-1.10.0.pom
2024.08.08 16:45:01 INFO  Scala CLI: Downloading https://repo1.maven.org/maven2/org/scalameta/common_2.12/4.9.5/common_2.12-4.9.5.pom
2024.08.08 16:45:01 INFO  Scala CLI: Downloaded https://repo1.maven.org/maven2/com/eed3si9n/gigahorse-apache-http_2.12/0.7.0/gigahorse-apache-http_2.12-0.7.0.pom
2024.08.08 16:45:01 INFO  Scala CLI: Downloading https://repo1.maven.org/maven2/org/scala-sbt/io_2.12/1.10.0/io_2.12-1.10.0.pom
2024.08.08 16:45:01 INFO  Scala CLI: Downloaded https://repo1.maven.org/maven2/org/scala-sbt/io_2.12/1.10.0/io_2.12-1.10.0.pom
2024.08.08 16:45:01 INFO  Scala CLI: Downloaded https://repo1.maven.org/maven2/org/scalameta/common_2.12/4.9.5/common_2.12-4.9.5.pom
2024.08.08 16:45:01 INFO  Scala CLI: Downloading https://repo1.maven.org/maven2/org/scala-lang/modules/scala-parser-combinators_2.12/1.1.2/scala-parser-combinators_2.12-1.1.2.pom
2024.08.08 16:45:01 INFO  Scala CLI: Downloading https://repo1.maven.org/maven2/com/eed3si9n/gigahorse-core_2.12/0.7.0/gigahorse-core_2.12-0.7.0.pom
2024.08.08 16:45:01 INFO  Scala CLI: Downloading https://repo1.maven.org/maven2/org/scala-sbt/zinc-apiinfo_2.12/1.10.0/zinc-apiinfo_2.12-1.10.0.pom
2024.08.08 16:45:01 INFO  Scala CLI: Downloading https://repo1.maven.org/maven2/org/typelevel/cats-core_2.12/2.1.1/cats-core_2.12-2.1.1.pom
2024.08.08 16:45:01 INFO  Scala CLI: Downloading https://repo1.maven.org/maven2/org/jline/jline-terminal/3.24.1/jline-terminal-3.24.1.pom
2024.08.08 16:45:01 INFO  Scala CLI: Downloading https://repo1.maven.org/maven2/com/eed3si9n/sjson-new-scalajson_2.12/0.9.1/sjson-new-scalajson_2.12-0.9.1.pom
2024.08.08 16:45:01 INFO  Scala CLI: Downloaded https://repo1.maven.org/maven2/org/scala-lang/modules/scala-parser-combinators_2.12/1.1.2/scala-parser-combinators_2.12-1.1.2.pom
2024.08.08 16:45:01 INFO  Scala CLI: Downloading https://repo1.maven.org/maven2/com/thesamet/scalapb/scalapb-runtime_2.12/0.11.15/scalapb-runtime_2.12-0.11.15.pom
2024.08.08 16:45:01 INFO  Scala CLI: Downloaded https://repo1.maven.org/maven2/org/jline/jline-terminal/3.24.1/jline-terminal-3.24.1.pom
2024.08.08 16:45:01 INFO  Scala CLI: Downloading https://repo1.maven.org/maven2/org/scala-sbt/util-control_2.12/1.10.0/util-control_2.12-1.10.0.pom
2024.08.08 16:45:01 INFO  Scala CLI: Downloaded https://repo1.maven.org/maven2/com/eed3si9n/sjson-new-scalajson_2.12/0.9.1/sjson-new-scalajson_2.12-0.9.1.pom
2024.08.08 16:45:01 INFO  Scala CLI: Downloading https://repo1.maven.org/maven2/org/scala-sbt/launcher-interface/1.4.2/launcher-interface-1.4.2.pom
2024.08.08 16:45:01 INFO  Scala CLI: Downloaded https://repo1.maven.org/maven2/org/typelevel/cats-core_2.12/2.1.1/cats-core_2.12-2.1.1.pom
2024.08.08 16:45:01 INFO  Scala CLI: Downloading https://repo1.maven.org/maven2/org/scala-sbt/jline/jline/2.14.7-sbt-9c3b6aca11c57e339441442bbf58e550cdfecb79/jline-2.14.7-sbt-9c3b6aca11c57e339441442bbf58e550cdfecb79.pom
2024.08.08 16:45:01 INFO  Scala CLI: Downloaded https://repo1.maven.org/maven2/com/eed3si9n/gigahorse-core_2.12/0.7.0/gigahorse-core_2.12-0.7.0.pom
2024.08.08 16:45:01 INFO  Scala CLI: Downloading https://repo1.maven.org/maven2/org/jline/jline-terminal-jansi/3.24.1/jline-terminal-jansi-3.24.1.pom
2024.08.08 16:45:01 INFO  Scala CLI: Downloaded https://repo1.maven.org/maven2/com/thesamet/scalapb/scalapb-runtime_2.12/0.11.15/scalapb-runtime_2.12-0.11.15.pom
2024.08.08 16:45:01 INFO  Scala CLI: Downloading https://repo1.maven.org/maven2/com/outr/perfolation_2.12/1.2.8/perfolation_2.12-1.2.8.pom
2024.08.08 16:45:01 INFO  Scala CLI: Downloaded https://repo1.maven.org/maven2/org/scala-sbt/util-control_2.12/1.10.0/util-control_2.12-1.10.0.pom
2024.08.08 16:45:01 INFO  Scala CLI: Downloading https://repo1.maven.org/maven2/com/outr/moduload_2.12/1.1.5/moduload_2.12-1.1.5.pom
2024.08.08 16:45:01 INFO  Scala CLI: Downloaded https://repo1.maven.org/maven2/org/jline/jline-terminal-jansi/3.24.1/jline-terminal-jansi-3.24.1.pom
2024.08.08 16:45:01 INFO  Scala CLI: Downloading https://repo1.maven.org/maven2/org/scala-sbt/util-relation_2.12/1.10.0/util-relation_2.12-1.10.0.pom
2024.08.08 16:45:01 INFO  Scala CLI: Downloaded https://repo1.maven.org/maven2/org/scala-sbt/jline/jline/2.14.7-sbt-9c3b6aca11c57e339441442bbf58e550cdfecb79/jline-2.14.7-sbt-9c3b6aca11c57e339441442bbf58e550cdfecb79.pom
2024.08.08 16:45:01 INFO  Scala CLI: Downloading https://repo1.maven.org/maven2/com/eed3si9n/shaded-apache-httpasyncclient/0.7.0/shaded-apache-httpasyncclient-0.7.0.pom
2024.08.08 16:45:01 INFO  Scala CLI: Downloaded https://repo1.maven.org/maven2/org/scala-sbt/launcher-interface/1.4.2/launcher-interface-1.4.2.pom
2024.08.08 16:45:01 INFO  Scala CLI: Downloading https://repo1.maven.org/maven2/org/scala-lang/modules/scala-xml_2.12/2.3.0/scala-xml_2.12-2.3.0.pom
2024.08.08 16:45:01 INFO  Scala CLI: Downloaded https://repo1.maven.org/maven2/org/scala-sbt/zinc-apiinfo_2.12/1.10.0/zinc-apiinfo_2.12-1.10.0.pom
2024.08.08 16:45:01 INFO  Scala CLI: Downloading https://repo1.maven.org/maven2/net/openhft/zero-allocation-hashing/0.16/zero-allocation-hashing-0.16.pom
2024.08.08 16:45:01 INFO  Scala CLI: Downloaded https://repo1.maven.org/maven2/com/outr/perfolation_2.12/1.2.8/perfolation_2.12-1.2.8.pom
2024.08.08 16:45:01 INFO  Scala CLI: Downloading https://repo1.maven.org/maven2/net/java/dev/jna/jna-platform/5.13.0/jna-platform-5.13.0.pom
2024.08.08 16:45:01 INFO  Scala CLI: Downloaded https://repo1.maven.org/maven2/com/outr/moduload_2.12/1.1.5/moduload_2.12-1.1.5.pom
2024.08.08 16:45:01 INFO  Scala CLI: Downloaded https://repo1.maven.org/maven2/org/scala-lang/modules/scala-xml_2.12/2.3.0/scala-xml_2.12-2.3.0.pom
2024.08.08 16:45:01 INFO  Scala CLI: Downloaded https://repo1.maven.org/maven2/com/eed3si9n/shaded-apache-httpasyncclient/0.7.0/shaded-apache-httpasyncclient-0.7.0.pom
2024.08.08 16:45:01 INFO  Scala CLI: Downloading https://repo1.maven.org/maven2/net/java/dev/jna/jna/5.13.0/jna-5.13.0.pom
2024.08.08 16:45:01 INFO  Scala CLI: Downloaded https://repo1.maven.org/maven2/org/scala-sbt/util-relation_2.12/1.10.0/util-relation_2.12-1.10.0.pom
2024.08.08 16:45:01 INFO  Scala CLI: Downloaded https://repo1.maven.org/maven2/net/openhft/zero-allocation-hashing/0.16/zero-allocation-hashing-0.16.pom
2024.08.08 16:45:01 INFO  Scala CLI: Downloading https://repo1.maven.org/maven2/org/scala-sbt/collections_2.12/1.10.0/collections_2.12-1.10.0.pom
2024.08.08 16:45:01 INFO  Scala CLI: Downloaded https://repo1.maven.org/maven2/net/java/dev/jna/jna-platform/5.13.0/jna-platform-5.13.0.pom
2024.08.08 16:45:01 INFO  Scala CLI: Downloading https://repo1.maven.org/maven2/org/jline/jline-terminal-jna/3.24.1/jline-terminal-jna-3.24.1.pom
2024.08.08 16:45:01 INFO  Scala CLI: Downloading https://repo1.maven.org/maven2/com/eed3si9n/sjson-new-murmurhash_2.12/0.9.1/sjson-new-murmurhash_2.12-0.9.1.pom
2024.08.08 16:45:01 INFO  Scala CLI: Downloading https://repo1.maven.org/maven2/org/scala-sbt/util-interface/1.10.0/util-interface-1.10.0.pom
2024.08.08 16:45:01 INFO  Scala CLI: Downloaded https://repo1.maven.org/maven2/net/java/dev/jna/jna/5.13.0/jna-5.13.0.pom
2024.08.08 16:45:01 INFO  Scala CLI: Downloading https://repo1.maven.org/maven2/org/scala-sbt/sbinary_2.12/0.5.1/sbinary_2.12-0.5.1.pom
2024.08.08 16:45:01 INFO  Scala CLI: Downloaded https://repo1.maven.org/maven2/org/jline/jline-terminal-jna/3.24.1/jline-terminal-jna-3.24.1.pom
2024.08.08 16:45:01 INFO  Scala CLI: Downloaded https://repo1.maven.org/maven2/org/scala-sbt/collections_2.12/1.10.0/collections_2.12-1.10.0.pom
2024.08.08 16:45:01 INFO  Scala CLI: Downloading https://repo1.maven.org/maven2/com/lmax/disruptor/3.4.2/disruptor-3.4.2.pom
2024.08.08 16:45:01 INFO  Scala CLI: Downloaded https://repo1.maven.org/maven2/com/eed3si9n/sjson-new-murmurhash_2.12/0.9.1/sjson-new-murmurhash_2.12-0.9.1.pom
2024.08.08 16:45:01 INFO  Scala CLI: Downloaded https://repo1.maven.org/maven2/org/scala-sbt/util-interface/1.10.0/util-interface-1.10.0.pom
2024.08.08 16:45:01 INFO  Scala CLI: Downloading https://repo1.maven.org/maven2/org/scala-sbt/zinc-classpath_2.12/1.10.0/zinc-classpath_2.12-1.10.0.pom
2024.08.08 16:45:01 INFO  Scala CLI: Downloaded https://repo1.maven.org/maven2/com/lmax/disruptor/3.4.2/disruptor-3.4.2.pom
2024.08.08 16:45:01 INFO  Scala CLI: Downloading https://repo1.maven.org/maven2/org/scala-sbt/zinc-persist-core-assembly/1.10.0/zinc-persist-core-assembly-1.10.0.pom
2024.08.08 16:45:01 INFO  Scala CLI: Downloaded https://repo1.maven.org/maven2/org/scala-sbt/sbinary_2.12/0.5.1/sbinary_2.12-0.5.1.pom
2024.08.08 16:45:01 INFO  Scala CLI: Downloading https://repo1.maven.org/maven2/org/scala-sbt/core-macros_2.12/1.10.0/core-macros_2.12-1.10.0.pom
2024.08.08 16:45:01 INFO  Scala CLI: Downloaded https://repo1.maven.org/maven2/org/scala-sbt/zinc-classpath_2.12/1.10.0/zinc-classpath_2.12-1.10.0.pom
2024.08.08 16:45:01 INFO  Scala CLI: Downloading https://repo1.maven.org/maven2/org/scala-sbt/compiler-interface/1.10.0/compiler-interface-1.10.0.pom
2024.08.08 16:45:01 INFO  Scala CLI: Downloaded https://repo1.maven.org/maven2/org/scala-sbt/zinc-persist-core-assembly/1.10.0/zinc-persist-core-assembly-1.10.0.pom
2024.08.08 16:45:01 INFO  Scala CLI: Downloaded https://repo1.maven.org/maven2/org/scala-sbt/core-macros_2.12/1.10.0/core-macros_2.12-1.10.0.pom
2024.08.08 16:45:01 INFO  Scala CLI: Downloaded https://repo1.maven.org/maven2/org/scala-sbt/compiler-interface/1.10.0/compiler-interface-1.10.0.pom
2024.08.08 16:45:01 INFO  Scala CLI: Downloading https://repo1.maven.org/maven2/net/openhft/java-parent-pom/1.1.28/java-parent-pom-1.1.28.pom
2024.08.08 16:45:01 INFO  Scala CLI: Downloading https://repo1.maven.org/maven2/org/jline/jline-parent/3.24.1/jline-parent-3.24.1.pom
2024.08.08 16:45:02 INFO  Scala CLI: Downloaded https://repo1.maven.org/maven2/net/openhft/java-parent-pom/1.1.28/java-parent-pom-1.1.28.pom
2024.08.08 16:45:02 INFO  Scala CLI: Downloaded https://repo1.maven.org/maven2/org/jline/jline-parent/3.24.1/jline-parent-3.24.1.pom
2024.08.08 16:45:02 INFO  Scala CLI: Downloading https://repo1.maven.org/maven2/net/openhft/root-parent-pom/1.2.12/root-parent-pom-1.2.12.pom
2024.08.08 16:45:02 INFO  Scala CLI: Downloaded https://repo1.maven.org/maven2/net/openhft/root-parent-pom/1.2.12/root-parent-pom-1.2.12.pom
2024.08.08 16:45:02 INFO  Scala CLI: Downloading https://repo1.maven.org/maven2/org/typelevel/cats-kernel_2.12/2.1.1/cats-kernel_2.12-2.1.1.pom
2024.08.08 16:45:02 INFO  Scala CLI: Downloading https://repo1.maven.org/maven2/org/scala-sbt/compiler-bridge_2.12/1.10.0/compiler-bridge_2.12-1.10.0.pom
2024.08.08 16:45:02 INFO  Scala CLI: Downloading https://repo1.maven.org/maven2/org/fusesource/jansi/jansi/2.4.1/jansi-2.4.1.pom
2024.08.08 16:45:02 INFO  Scala CLI: Downloading https://repo1.maven.org/maven2/com/eed3si9n/shaded-scalajson_2.12/1.0.0-M4/shaded-scalajson_2.12-1.0.0-M4.pom
2024.08.08 16:45:02 INFO  Scala CLI: Downloading https://repo1.maven.org/maven2/org/typelevel/cats-macros_2.12/2.1.1/cats-macros_2.12-2.1.1.pom
2024.08.08 16:45:02 INFO  Scala CLI: Downloading https://repo1.maven.org/maven2/com/eed3si9n/sjson-new-core_2.12/0.9.1/sjson-new-core_2.12-0.9.1.pom
2024.08.08 16:45:02 INFO  Scala CLI: Downloaded https://repo1.maven.org/maven2/org/typelevel/cats-kernel_2.12/2.1.1/cats-kernel_2.12-2.1.1.pom
2024.08.08 16:45:02 INFO  Scala CLI: Downloaded https://repo1.maven.org/maven2/org/typelevel/cats-macros_2.12/2.1.1/cats-macros_2.12-2.1.1.pom
2024.08.08 16:45:02 INFO  Scala CLI: Downloading https://repo1.maven.org/maven2/com/typesafe/ssl-config-core_2.12/0.6.1/ssl-config-core_2.12-0.6.1.pom
2024.08.08 16:45:02 INFO  Scala CLI: Downloading https://repo1.maven.org/maven2/com/eed3si9n/shaded-jawn-parser_2.12/0.9.1/shaded-jawn-parser_2.12-0.9.1.pom
2024.08.08 16:45:02 INFO  Scala CLI: Downloaded https://repo1.maven.org/maven2/org/scala-sbt/compiler-bridge_2.12/1.10.0/compiler-bridge_2.12-1.10.0.pom
2024.08.08 16:45:02 INFO  Scala CLI: Downloaded https://repo1.maven.org/maven2/org/fusesource/jansi/jansi/2.4.1/jansi-2.4.1.pom
2024.08.08 16:45:02 INFO  Scala CLI: Downloaded https://repo1.maven.org/maven2/com/eed3si9n/shaded-scalajson_2.12/1.0.0-M4/shaded-scalajson_2.12-1.0.0-M4.pom
2024.08.08 16:45:02 INFO  Scala CLI: Downloading https://repo1.maven.org/maven2/com/thesamet/scalapb/lenses_2.12/0.11.15/lenses_2.12-0.11.15.pom
2024.08.08 16:45:02 INFO  Scala CLI: Downloaded https://repo1.maven.org/maven2/com/eed3si9n/shaded-jawn-parser_2.12/0.9.1/shaded-jawn-parser_2.12-0.9.1.pom
2024.08.08 16:45:02 INFO  Scala CLI: Downloaded https://repo1.maven.org/maven2/com/thesamet/scalapb/lenses_2.12/0.11.15/lenses_2.12-0.11.15.pom
2024.08.08 16:45:02 INFO  Scala CLI: Downloading https://repo1.maven.org/maven2/org/jline/jline-native/3.24.1/jline-native-3.24.1.pom
2024.08.08 16:45:02 INFO  Scala CLI: Downloaded https://repo1.maven.org/maven2/com/typesafe/ssl-config-core_2.12/0.6.1/ssl-config-core_2.12-0.6.1.pom
2024.08.08 16:45:02 INFO  Scala CLI: Downloaded https://repo1.maven.org/maven2/com/eed3si9n/sjson-new-core_2.12/0.9.1/sjson-new-core_2.12-0.9.1.pom
2024.08.08 16:45:02 INFO  Scala CLI: Downloaded https://repo1.maven.org/maven2/org/jline/jline-native/3.24.1/jline-native-3.24.1.pom
2024.08.08 16:45:02 INFO  Scala CLI: Downloading https://repo1.maven.org/maven2/org/fusesource/fusesource-pom/1.12/fusesource-pom-1.12.pom
2024.08.08 16:45:02 INFO  Scala CLI: Downloaded https://repo1.maven.org/maven2/org/fusesource/fusesource-pom/1.12/fusesource-pom-1.12.pom
2024.08.08 16:45:02 INFO  Scala CLI: Downloading https://repo1.maven.org/maven2/org/scala-sbt/util-position_2.12/1.10.0/util-position_2.12-1.10.0.jar
2024.08.08 16:45:02 INFO  Scala CLI: Downloading https://repo1.maven.org/maven2/io/zipkin/zipkin2/zipkin/2.27.0/zipkin-2.27.0.jar
2024.08.08 16:45:02 INFO  Scala CLI: Downloading https://repo1.maven.org/maven2/io/monix/implicitbox_2.12/0.2.0/implicitbox_2.12-0.2.0.jar
2024.08.08 16:45:02 INFO  Scala CLI: Downloading https://repo1.maven.org/maven2/ch/epfl/scala/scala-debug-adapter_2.12/4.1.1/scala-debug-adapter_2.12-4.1.1.jar
2024.08.08 16:45:02 INFO  Scala CLI: Downloading https://repo1.maven.org/maven2/org/typelevel/cats-core_2.12/2.1.1/cats-core_2.12-2.1.1.jar
2024.08.08 16:45:02 INFO  Scala CLI: Downloading https://repo1.maven.org/maven2/org/scala-sbt/util-cache_2.12/1.10.0/util-cache_2.12-1.10.0.jar
2024.08.08 16:45:02 INFO  Scala CLI: Downloaded https://repo1.maven.org/maven2/io/monix/implicitbox_2.12/0.2.0/implicitbox_2.12-0.2.0.jar
2024.08.08 16:45:02 INFO  Scala CLI: Downloading https://repo1.maven.org/maven2/org/typelevel/cats-macros_2.12/2.1.1/cats-macros_2.12-2.1.1.jar
2024.08.08 16:45:02 INFO  Scala CLI: Downloaded https://repo1.maven.org/maven2/org/scala-sbt/util-position_2.12/1.10.0/util-position_2.12-1.10.0.jar
2024.08.08 16:45:02 INFO  Scala CLI: Downloading https://repo1.maven.org/maven2/org/scala-sbt/jline/jline/2.14.7-sbt-9c3b6aca11c57e339441442bbf58e550cdfecb79/jline-2.14.7-sbt-9c3b6aca11c57e339441442bbf58e550cdfecb79.jar
2024.08.08 16:45:02 INFO  Scala CLI: Downloaded https://repo1.maven.org/maven2/org/typelevel/cats-macros_2.12/2.1.1/cats-macros_2.12-2.1.1.jar
2024.08.08 16:45:02 INFO  Scala CLI: Downloading https://repo1.maven.org/maven2/com/thesamet/scalapb/lenses_2.12/0.11.15/lenses_2.12-0.11.15.jar
2024.08.08 16:45:03 INFO  Scala CLI: Downloaded https://repo1.maven.org/maven2/com/thesamet/scalapb/lenses_2.12/0.11.15/lenses_2.12-0.11.15.jar
2024.08.08 16:45:03 INFO  Scala CLI: Downloading https://repo1.maven.org/maven2/ch/epfl/scala/bloop-config_2.12/2.0.0/bloop-config_2.12-2.0.0.jar
2024.08.08 16:45:03 INFO  Scala CLI: Downloaded https://repo1.maven.org/maven2/org/scala-sbt/jline/jline/2.14.7-sbt-9c3b6aca11c57e339441442bbf58e550cdfecb79/jline-2.14.7-sbt-9c3b6aca11c57e339441442bbf58e550cdfecb79.jar
2024.08.08 16:45:03 INFO  Scala CLI: Downloading https://repo1.maven.org/maven2/org/zeroturnaround/zt-zip/1.17/zt-zip-1.17.jar
2024.08.08 16:45:03 INFO  Scala CLI: Downloaded https://repo1.maven.org/maven2/io/zipkin/zipkin2/zipkin/2.27.0/zipkin-2.27.0.jar
2024.08.08 16:45:03 INFO  Scala CLI: Downloading https://repo1.maven.org/maven2/com/eed3si9n/shaded-jawn-parser_2.12/0.9.1/shaded-jawn-parser_2.12-0.9.1.jar
2024.08.08 16:45:03 INFO  Scala CLI: Downloaded https://repo1.maven.org/maven2/com/eed3si9n/shaded-jawn-parser_2.12/0.9.1/shaded-jawn-parser_2.12-0.9.1.jar
2024.08.08 16:45:03 INFO  Scala CLI: Downloading https://repo1.maven.org/maven2/org/scala-sbt/util-relation_2.12/1.10.0/util-relation_2.12-1.10.0.jar
2024.08.08 16:45:03 INFO  Scala CLI: Downloaded https://repo1.maven.org/maven2/org/zeroturnaround/zt-zip/1.17/zt-zip-1.17.jar
2024.08.08 16:45:03 INFO  Scala CLI: Downloading https://repo1.maven.org/maven2/com/lihaoyi/fansi_2.12/0.5.0/fansi_2.12-0.5.0.jar
2024.08.08 16:45:03 INFO  Scala CLI: Downloaded https://repo1.maven.org/maven2/org/scala-sbt/util-cache_2.12/1.10.0/util-cache_2.12-1.10.0.jar
2024.08.08 16:45:03 INFO  Scala CLI: Downloading https://repo1.maven.org/maven2/org/scala-sbt/compiler-interface/1.10.0/compiler-interface-1.10.0.jar
2024.08.08 16:45:03 INFO  Scala CLI: Downloaded https://repo1.maven.org/maven2/ch/epfl/scala/bloop-config_2.12/2.0.0/bloop-config_2.12-2.0.0.jar
2024.08.08 16:45:03 INFO  Scala CLI: Downloading https://repo1.maven.org/maven2/org/scala-sbt/test-agent/1.10.0/test-agent-1.10.0.jar
2024.08.08 16:45:03 INFO  Scala CLI: Downloaded https://repo1.maven.org/maven2/org/scala-sbt/util-relation_2.12/1.10.0/util-relation_2.12-1.10.0.jar
2024.08.08 16:45:03 INFO  Scala CLI: Downloading https://repo1.maven.org/maven2/io/github/alexarchambault/bleep/bloop-frontend_2.12/1.5.17-sc-2/bloop-frontend_2.12-1.5.17-sc-2.jar
2024.08.08 16:45:03 INFO  Scala CLI: Downloaded https://repo1.maven.org/maven2/ch/epfl/scala/scala-debug-adapter_2.12/4.1.1/scala-debug-adapter_2.12-4.1.1.jar
2024.08.08 16:45:03 INFO  Scala CLI: Downloading https://repo1.maven.org/maven2/org/scala-sbt/io_2.12/1.10.0/io_2.12-1.10.0.jar
2024.08.08 16:45:03 INFO  Scala CLI: Downloaded https://repo1.maven.org/maven2/org/scala-sbt/test-agent/1.10.0/test-agent-1.10.0.jar
2024.08.08 16:45:03 INFO  Scala CLI: Downloading https://repo1.maven.org/maven2/com/outr/scribe_2.12/3.5.5/scribe_2.12-3.5.5.jar
2024.08.08 16:45:03 INFO  Scala CLI: Downloaded https://repo1.maven.org/maven2/com/lihaoyi/fansi_2.12/0.5.0/fansi_2.12-0.5.0.jar
2024.08.08 16:45:03 INFO  Scala CLI: Downloading https://repo1.maven.org/maven2/io/zipkin/reporter2/zipkin-reporter/2.17.2/zipkin-reporter-2.17.2.jar
2024.08.08 16:45:04 INFO  Scala CLI: Downloaded https://repo1.maven.org/maven2/org/scala-sbt/compiler-interface/1.10.0/compiler-interface-1.10.0.jar
2024.08.08 16:45:04 INFO  Scala CLI: Downloading https://repo1.maven.org/maven2/org/scala-sbt/zinc_2.12/1.10.0/zinc_2.12-1.10.0.jar
2024.08.08 16:45:04 INFO  Scala CLI: Downloaded https://repo1.maven.org/maven2/io/zipkin/reporter2/zipkin-reporter/2.17.2/zipkin-reporter-2.17.2.jar
2024.08.08 16:45:04 INFO  Scala CLI: Downloading https://repo1.maven.org/maven2/com/outr/perfolation_2.12/1.2.8/perfolation_2.12-1.2.8.jar
2024.08.08 16:45:04 INFO  Scala CLI: Downloaded https://repo1.maven.org/maven2/org/scala-sbt/io_2.12/1.10.0/io_2.12-1.10.0.jar
2024.08.08 16:45:04 INFO  Scala CLI: Downloading https://repo1.maven.org/maven2/io/github/alexarchambault/bleep/jsonrpc4s_2.12/0.1.1/jsonrpc4s_2.12-0.1.1.jar
2024.08.08 16:45:04 INFO  Scala CLI: Downloaded https://repo1.maven.org/maven2/com/outr/perfolation_2.12/1.2.8/perfolation_2.12-1.2.8.jar
2024.08.08 16:45:04 INFO  Scala CLI: Downloading https://repo1.maven.org/maven2/org/typelevel/macro-compat_2.12/1.1.1/macro-compat_2.12-1.1.1.jar
2024.08.08 16:45:04 INFO  Scala CLI: Downloaded https://repo1.maven.org/maven2/org/scala-sbt/zinc_2.12/1.10.0/zinc_2.12-1.10.0.jar
2024.08.08 16:45:04 INFO  Scala CLI: Downloading https://repo1.maven.org/maven2/org/apache/logging/log4j/log4j-api/2.23.0/log4j-api-2.23.0.jar
2024.08.08 16:45:04 INFO  Scala CLI: Downloaded https://repo1.maven.org/maven2/org/typelevel/cats-core_2.12/2.1.1/cats-core_2.12-2.1.1.jar
2024.08.08 16:45:04 INFO  Scala CLI: Downloading https://repo1.maven.org/maven2/org/scala-sbt/launcher-interface/1.4.2/launcher-interface-1.4.2.jar
2024.08.08 16:45:04 INFO  Scala CLI: Downloaded https://repo1.maven.org/maven2/io/github/alexarchambault/bleep/jsonrpc4s_2.12/0.1.1/jsonrpc4s_2.12-0.1.1.jar
2024.08.08 16:45:04 INFO  Scala CLI: Downloading https://repo1.maven.org/maven2/io/monix/monix-tail_2.12/3.2.0/monix-tail_2.12-3.2.0.jar
2024.08.08 16:45:04 INFO  Scala CLI: Downloaded https://repo1.maven.org/maven2/org/typelevel/macro-compat_2.12/1.1.1/macro-compat_2.12-1.1.1.jar
2024.08.08 16:45:04 INFO  Scala CLI: Downloading https://repo1.maven.org/maven2/org/scalameta/parsers_2.12/4.9.5/parsers_2.12-4.9.5.jar
2024.08.08 16:45:04 INFO  Scala CLI: Downloaded https://repo1.maven.org/maven2/com/outr/scribe_2.12/3.5.5/scribe_2.12-3.5.5.jar
2024.08.08 16:45:04 INFO  Scala CLI: Downloading https://repo1.maven.org/maven2/ch/epfl/scala/com-microsoft-java-debug-core/0.34.0+30/com-microsoft-java-debug-core-0.34.0+30.jar
2024.08.08 16:45:04 INFO  Scala CLI: Downloaded https://repo1.maven.org/maven2/org/scala-sbt/launcher-interface/1.4.2/launcher-interface-1.4.2.jar
2024.08.08 16:45:04 INFO  Scala CLI: Downloading https://repo1.maven.org/maven2/ch/epfl/scala/bsp4s_2.12/2.1.1/bsp4s_2.12-2.1.1.jar
2024.08.08 16:45:04 INFO  Scala CLI: Downloaded https://repo1.maven.org/maven2/ch/epfl/scala/com-microsoft-java-debug-core/0.34.0+30/com-microsoft-java-debug-core-0.34.0+30.jar
2024.08.08 16:45:04 INFO  Scala CLI: Downloading https://repo1.maven.org/maven2/org/scala-sbt/core-macros_2.12/1.10.0/core-macros_2.12-1.10.0.jar
2024.08.08 16:45:04 INFO  Scala CLI: Downloaded https://repo1.maven.org/maven2/org/scala-sbt/core-macros_2.12/1.10.0/core-macros_2.12-1.10.0.jar
2024.08.08 16:45:04 INFO  Scala CLI: Downloading https://repo1.maven.org/maven2/io/monix/monix-reactive_2.12/3.2.0/monix-reactive_2.12-3.2.0.jar
2024.08.08 16:45:06 INFO  Scala CLI: Downloaded https://repo1.maven.org/maven2/org/scalameta/parsers_2.12/4.9.5/parsers_2.12-4.9.5.jar
2024.08.08 16:45:06 INFO  Scala CLI: Downloading https://repo1.maven.org/maven2/com/eed3si9n/sjson-new-murmurhash_2.12/0.9.1/sjson-new-murmurhash_2.12-0.9.1.jar
2024.08.08 16:45:06 INFO  Scala CLI: Downloaded https://repo1.maven.org/maven2/org/apache/logging/log4j/log4j-api/2.23.0/log4j-api-2.23.0.jar
2024.08.08 16:45:06 INFO  Scala CLI: Downloading https://repo1.maven.org/maven2/org/scala-lang/modules/scala-parser-combinators_2.12/1.1.2/scala-parser-combinators_2.12-1.1.2.jar
2024.08.08 16:45:06 INFO  Scala CLI: Downloaded https://repo1.maven.org/maven2/com/eed3si9n/sjson-new-murmurhash_2.12/0.9.1/sjson-new-murmurhash_2.12-0.9.1.jar
2024.08.08 16:45:06 INFO  Scala CLI: Downloading https://repo1.maven.org/maven2/org/apache/logging/log4j/log4j-core/2.23.0/log4j-core-2.23.0.jar
2024.08.08 16:45:06 INFO  Scala CLI: Downloaded https://repo1.maven.org/maven2/io/monix/monix-reactive_2.12/3.2.0/monix-reactive_2.12-3.2.0.jar
2024.08.08 16:45:06 INFO  Scala CLI: Downloading https://repo1.maven.org/maven2/org/typelevel/cats-kernel_2.12/2.1.1/cats-kernel_2.12-2.1.1.jar
2024.08.08 16:45:06 INFO  Scala CLI: Downloaded https://repo1.maven.org/maven2/org/scala-lang/modules/scala-parser-combinators_2.12/1.1.2/scala-parser-combinators_2.12-1.1.2.jar
2024.08.08 16:45:06 INFO  Scala CLI: Downloading https://repo1.maven.org/maven2/com/thesamet/scalapb/scalapb-runtime_2.12/0.11.15/scalapb-runtime_2.12-0.11.15.jar
2024.08.08 16:45:06 INFO  Scala CLI: Downloaded https://repo1.maven.org/maven2/io/monix/monix-tail_2.12/3.2.0/monix-tail_2.12-3.2.0.jar
2024.08.08 16:45:06 INFO  Scala CLI: Downloading https://repo1.maven.org/maven2/com/github/alexarchambault/case-app_2.12/2.0.6/case-app_2.12-2.0.6.jar
2024.08.08 16:45:06 INFO  Scala CLI: Downloaded https://repo1.maven.org/maven2/io/github/alexarchambault/bleep/bloop-frontend_2.12/1.5.17-sc-2/bloop-frontend_2.12-1.5.17-sc-2.jar
2024.08.08 16:45:06 INFO  Scala CLI: Downloading https://repo1.maven.org/maven2/org/scala-sbt/collections_2.12/1.10.0/collections_2.12-1.10.0.jar
2024.08.08 16:45:06 INFO  Scala CLI: Downloaded https://repo1.maven.org/maven2/ch/epfl/scala/bsp4s_2.12/2.1.1/bsp4s_2.12-2.1.1.jar
2024.08.08 16:45:06 INFO  Scala CLI: Downloading https://repo1.maven.org/maven2/io/monix/monix-eval_2.12/3.2.0/monix-eval_2.12-3.2.0.jar
2024.08.08 16:45:07 INFO  Scala CLI: Downloaded https://repo1.maven.org/maven2/org/typelevel/cats-kernel_2.12/2.1.1/cats-kernel_2.12-2.1.1.jar
2024.08.08 16:45:07 INFO  Scala CLI: Downloading https://repo1.maven.org/maven2/org/jctools/jctools-core/2.1.2/jctools-core-2.1.2.jar
2024.08.08 16:45:07 INFO  Scala CLI: Downloaded https://repo1.maven.org/maven2/org/apache/logging/log4j/log4j-core/2.23.0/log4j-core-2.23.0.jar
2024.08.08 16:45:07 INFO  Scala CLI: Downloading https://repo1.maven.org/maven2/org/scala-sbt/librarymanagement-core_2.12/1.10.0/librarymanagement-core_2.12-1.10.0.jar
2024.08.08 16:45:07 INFO  Scala CLI: Downloaded https://repo1.maven.org/maven2/com/github/alexarchambault/case-app_2.12/2.0.6/case-app_2.12-2.0.6.jar
2024.08.08 16:45:07 INFO  Scala CLI: Downloading https://repo1.maven.org/maven2/io/github/alexarchambault/bleep/bloop-backend_2.12/1.5.17-sc-2/bloop-backend_2.12-1.5.17-sc-2.jar
2024.08.08 16:45:07 INFO  Scala CLI: Downloaded https://repo1.maven.org/maven2/org/scala-sbt/collections_2.12/1.10.0/collections_2.12-1.10.0.jar
2024.08.08 16:45:07 INFO  Scala CLI: Downloading https://repo1.maven.org/maven2/org/scala-sbt/compiler-bridge_2.12/1.10.0/compiler-bridge_2.12-1.10.0.jar
2024.08.08 16:45:07 INFO  Scala CLI: Downloaded https://repo1.maven.org/maven2/org/jctools/jctools-core/2.1.2/jctools-core-2.1.2.jar
2024.08.08 16:45:07 INFO  Scala CLI: Downloading https://repo1.maven.org/maven2/io/zipkin/reporter2/zipkin-reporter-brave/2.17.2/zipkin-reporter-brave-2.17.2.jar
2024.08.08 16:45:07 INFO  Scala CLI: Downloaded https://repo1.maven.org/maven2/io/zipkin/reporter2/zipkin-reporter-brave/2.17.2/zipkin-reporter-brave-2.17.2.jar
2024.08.08 16:45:07 INFO  Scala CLI: Downloading https://repo1.maven.org/maven2/org/jline/jline-terminal-jna/3.24.1/jline-terminal-jna-3.24.1.jar
2024.08.08 16:45:07 INFO  Scala CLI: Downloaded https://repo1.maven.org/maven2/io/monix/monix-eval_2.12/3.2.0/monix-eval_2.12-3.2.0.jar
2024.08.08 16:45:07 INFO  Scala CLI: Downloading https://repo1.maven.org/maven2/com/eed3si9n/gigahorse-apache-http_2.12/0.7.0/gigahorse-apache-http_2.12-0.7.0.jar
2024.08.08 16:45:07 INFO  Scala CLI: Downloaded https://repo1.maven.org/maven2/org/scala-sbt/compiler-bridge_2.12/1.10.0/compiler-bridge_2.12-1.10.0.jar
2024.08.08 16:45:07 INFO  Scala CLI: Downloading https://repo1.maven.org/maven2/org/scalaz/scalaz-core_2.12/7.3.8/scalaz-core_2.12-7.3.8.jar
2024.08.08 16:45:07 INFO  Scala CLI: Downloaded https://repo1.maven.org/maven2/org/jline/jline-terminal-jna/3.24.1/jline-terminal-jna-3.24.1.jar
2024.08.08 16:45:07 INFO  Scala CLI: Downloading https://repo1.maven.org/maven2/org/scala-sbt/zinc-persist_2.12/1.10.0/zinc-persist_2.12-1.10.0.jar
2024.08.08 16:45:07 INFO  Scala CLI: Downloaded https://repo1.maven.org/maven2/org/scala-sbt/librarymanagement-core_2.12/1.10.0/librarymanagement-core_2.12-1.10.0.jar
2024.08.08 16:45:07 INFO  Scala CLI: Downloading https://repo1.maven.org/maven2/org/scala-lang/scala-reflect/2.12.19/scala-reflect-2.12.19.jar
2024.08.08 16:45:07 INFO  Scala CLI: Downloaded https://repo1.maven.org/maven2/com/eed3si9n/gigahorse-apache-http_2.12/0.7.0/gigahorse-apache-http_2.12-0.7.0.jar
2024.08.08 16:45:07 INFO  Scala CLI: Downloading https://repo1.maven.org/maven2/com/chuusai/shapeless_2.12/2.3.3/shapeless_2.12-2.3.3.jar
2024.08.08 16:45:07 INFO  Scala CLI: Downloaded https://repo1.maven.org/maven2/org/scala-sbt/zinc-persist_2.12/1.10.0/zinc-persist_2.12-1.10.0.jar
2024.08.08 16:45:07 INFO  Scala CLI: Downloading https://repo1.maven.org/maven2/org/scala-lang/scala-library/2.12.19/scala-library-2.12.19.jar
2024.08.08 16:45:08 INFO  Scala CLI: Downloaded https://repo1.maven.org/maven2/io/github/alexarchambault/bleep/bloop-backend_2.12/1.5.17-sc-2/bloop-backend_2.12-1.5.17-sc-2.jar
2024.08.08 16:45:08 INFO  Scala CLI: Downloading https://repo1.maven.org/maven2/com/github/alexarchambault/case-app-util_2.12/2.0.6/case-app-util_2.12-2.0.6.jar
2024.08.08 16:45:08 INFO  Scala CLI: Downloaded https://repo1.maven.org/maven2/com/github/alexarchambault/case-app-util_2.12/2.0.6/case-app-util_2.12-2.0.6.jar
2024.08.08 16:45:08 INFO  Scala CLI: Downloading https://repo1.maven.org/maven2/com/eed3si9n/sjson-new-core_2.12/0.9.1/sjson-new-core_2.12-0.9.1.jar
2024.08.08 16:45:10 INFO  Scala CLI: Downloaded https://repo1.maven.org/maven2/org/scala-lang/scala-library/2.12.19/scala-library-2.12.19.jar
2024.08.08 16:45:10 INFO  Scala CLI: Downloading https://repo1.maven.org/maven2/com/eed3si9n/shaded-scalajson_2.12/1.0.0-M4/shaded-scalajson_2.12-1.0.0-M4.jar
2024.08.08 16:45:10 INFO  Scala CLI: Downloaded https://repo1.maven.org/maven2/org/scala-lang/scala-reflect/2.12.19/scala-reflect-2.12.19.jar
2024.08.08 16:45:10 INFO  Scala CLI: Downloading https://repo1.maven.org/maven2/com/github/plokhotnyuk/jsoniter-scala/jsoniter-scala-core_2.12/2.13.5/jsoniter-scala-core_2.12-2.13.5.jar
2024.08.08 16:45:10 INFO  Scala CLI: Downloaded https://repo1.maven.org/maven2/com/eed3si9n/shaded-scalajson_2.12/1.0.0-M4/shaded-scalajson_2.12-1.0.0-M4.jar
2024.08.08 16:45:10 INFO  Scala CLI: Downloading https://repo1.maven.org/maven2/org/scala-sbt/zinc-core_2.12/1.10.0/zinc-core_2.12-1.10.0.jar
2024.08.08 16:45:10 INFO  Scala CLI: Downloaded https://repo1.maven.org/maven2/com/eed3si9n/sjson-new-core_2.12/0.9.1/sjson-new-core_2.12-0.9.1.jar
2024.08.08 16:45:10 INFO  Scala CLI: Downloading https://repo1.maven.org/maven2/com/eed3si9n/shaded-apache-httpasyncclient/0.7.0/shaded-apache-httpasyncclient-0.7.0.jar
2024.08.08 16:45:10 INFO  Scala CLI: Downloaded https://repo1.maven.org/maven2/com/thesamet/scalapb/scalapb-runtime_2.12/0.11.15/scalapb-runtime_2.12-0.11.15.jar
2024.08.08 16:45:10 INFO  Scala CLI: Downloading https://repo1.maven.org/maven2/io/zipkin/brave/brave/5.18.1/brave-5.18.1.jar
2024.08.08 16:45:10 INFO  Scala CLI: Downloaded https://repo1.maven.org/maven2/com/github/plokhotnyuk/jsoniter-scala/jsoniter-scala-core_2.12/2.13.5/jsoniter-scala-core_2.12-2.13.5.jar
2024.08.08 16:45:10 INFO  Scala CLI: Downloading https://repo1.maven.org/maven2/net/jpountz/lz4/lz4/1.3.0/lz4-1.3.0.jar
2024.08.08 16:45:10 INFO  Scala CLI: Downloaded https://repo1.maven.org/maven2/org/scala-sbt/zinc-core_2.12/1.10.0/zinc-core_2.12-1.10.0.jar
2024.08.08 16:45:10 INFO  Scala CLI: Downloading https://repo1.maven.org/maven2/org/jline/jline-terminal/3.24.1/jline-terminal-3.24.1.jar
2024.08.08 16:45:10 INFO  Scala CLI: Downloaded https://repo1.maven.org/maven2/net/jpountz/lz4/lz4/1.3.0/lz4-1.3.0.jar
2024.08.08 16:45:10 INFO  Scala CLI: Downloading https://repo1.maven.org/maven2/com/lmax/disruptor/3.4.2/disruptor-3.4.2.jar
2024.08.08 16:45:10 INFO  Scala CLI: Downloaded https://repo1.maven.org/maven2/org/jline/jline-terminal/3.24.1/jline-terminal-3.24.1.jar
2024.08.08 16:45:10 INFO  Scala CLI: Downloading https://repo1.maven.org/maven2/io/monix/monix_2.12/3.2.0/monix_2.12-3.2.0.jar
2024.08.08 16:45:10 INFO  Scala CLI: Downloaded https://repo1.maven.org/maven2/io/zipkin/brave/brave/5.18.1/brave-5.18.1.jar
2024.08.08 16:45:10 INFO  Scala CLI: Downloading https://repo1.maven.org/maven2/org/slf4j/slf4j-api/2.0.7/slf4j-api-2.0.7.jar
2024.08.08 16:45:10 INFO  Scala CLI: Downloaded https://repo1.maven.org/maven2/com/lmax/disruptor/3.4.2/disruptor-3.4.2.jar
2024.08.08 16:45:10 INFO  Scala CLI: Downloading https://repo1.maven.org/maven2/org/scala-sbt/zinc-compile-core_2.12/1.10.0/zinc-compile-core_2.12-1.10.0.jar
2024.08.08 16:45:10 INFO  Scala CLI: Downloaded https://repo1.maven.org/maven2/io/monix/monix_2.12/3.2.0/monix_2.12-3.2.0.jar
2024.08.08 16:45:10 INFO  Scala CLI: Downloading https://repo1.maven.org/maven2/org/scala-sbt/zinc-persist-core-assembly/1.10.0/zinc-persist-core-assembly-1.10.0.jar
2024.08.08 16:45:11 INFO  Scala CLI: Downloaded https://repo1.maven.org/maven2/org/slf4j/slf4j-api/2.0.7/slf4j-api-2.0.7.jar
2024.08.08 16:45:11 INFO  Scala CLI: Downloading https://repo1.maven.org/maven2/com/github/alexarchambault/case-app-annotations_2.12/2.0.6/case-app-annotations_2.12-2.0.6.jar
2024.08.08 16:45:11 INFO  Scala CLI: Downloaded https://repo1.maven.org/maven2/org/scala-sbt/zinc-compile-core_2.12/1.10.0/zinc-compile-core_2.12-1.10.0.jar
2024.08.08 16:45:11 INFO  Scala CLI: Downloading https://repo1.maven.org/maven2/org/scala-sbt/util-logging_2.12/1.10.0/util-logging_2.12-1.10.0.jar
2024.08.08 16:45:11 INFO  Scala CLI: Downloaded https://repo1.maven.org/maven2/com/github/alexarchambault/case-app-annotations_2.12/2.0.6/case-app-annotations_2.12-2.0.6.jar
2024.08.08 16:45:11 INFO  Scala CLI: Downloading https://repo1.maven.org/maven2/org/scala-lang/scala-compiler/2.12.19/scala-compiler-2.12.19.jar
2024.08.08 16:45:11 INFO  Scala CLI: Downloaded https://repo1.maven.org/maven2/com/chuusai/shapeless_2.12/2.3.3/shapeless_2.12-2.3.3.jar
2024.08.08 16:45:11 INFO  Scala CLI: Downloading https://repo1.maven.org/maven2/ch/epfl/scala/directory-watcher/0.8.0+6-f651bd93/directory-watcher-0.8.0+6-f651bd93.jar
2024.08.08 16:45:11 INFO  Scala CLI: Downloaded https://repo1.maven.org/maven2/org/scala-sbt/util-logging_2.12/1.10.0/util-logging_2.12-1.10.0.jar
2024.08.08 16:45:11 INFO  Scala CLI: Downloading https://repo1.maven.org/maven2/org/jline/jline-native/3.24.1/jline-native-3.24.1.jar
2024.08.08 16:45:12 INFO  Scala CLI: Downloaded https://repo1.maven.org/maven2/org/scala-sbt/zinc-persist-core-assembly/1.10.0/zinc-persist-core-assembly-1.10.0.jar
2024.08.08 16:45:12 INFO  Scala CLI: Downloading https://repo1.maven.org/maven2/org/scala-sbt/librarymanagement-ivy_2.12/1.10.0/librarymanagement-ivy_2.12-1.10.0.jar
2024.08.08 16:45:12 INFO  Scala CLI: Downloaded https://repo1.maven.org/maven2/ch/epfl/scala/directory-watcher/0.8.0+6-f651bd93/directory-watcher-0.8.0+6-f651bd93.jar
2024.08.08 16:45:12 INFO  Scala CLI: Downloading https://repo1.maven.org/maven2/org/scala-sbt/zinc-classfile_2.12/1.10.0/zinc-classfile_2.12-1.10.0.jar
2024.08.08 16:45:12 INFO  Scala CLI: Downloaded https://repo1.maven.org/maven2/org/jline/jline-native/3.24.1/jline-native-3.24.1.jar
2024.08.08 16:45:12 INFO  Scala CLI: Downloading https://repo1.maven.org/maven2/org/scala-sbt/zinc-classpath_2.12/1.10.0/zinc-classpath_2.12-1.10.0.jar
2024.08.08 16:45:12 INFO  Scala CLI: Downloaded https://repo1.maven.org/maven2/org/scala-sbt/zinc-classpath_2.12/1.10.0/zinc-classpath_2.12-1.10.0.jar
2024.08.08 16:45:12 INFO  Scala CLI: Downloading https://repo1.maven.org/maven2/io/zipkin/reporter2/zipkin-sender-urlconnection/2.17.2/zipkin-sender-urlconnection-2.17.2.jar
2024.08.08 16:45:12 INFO  Scala CLI: Downloaded https://repo1.maven.org/maven2/org/scala-sbt/zinc-classfile_2.12/1.10.0/zinc-classfile_2.12-1.10.0.jar
2024.08.08 16:45:12 INFO  Scala CLI: Downloading https://repo1.maven.org/maven2/org/typelevel/cats-effect_2.12/2.1.3/cats-effect_2.12-2.1.3.jar
2024.08.08 16:45:12 INFO  Scala CLI: Downloaded https://repo1.maven.org/maven2/org/scala-sbt/librarymanagement-ivy_2.12/1.10.0/librarymanagement-ivy_2.12-1.10.0.jar
2024.08.08 16:45:12 INFO  Scala CLI: Downloading https://repo1.maven.org/maven2/io/monix/monix-java_2.12/3.2.0/monix-java_2.12-3.2.0.jar
2024.08.08 16:45:12 INFO  Scala CLI: Downloaded https://repo1.maven.org/maven2/io/zipkin/reporter2/zipkin-sender-urlconnection/2.17.2/zipkin-sender-urlconnection-2.17.2.jar
2024.08.08 16:45:12 INFO  Scala CLI: Downloading https://repo1.maven.org/maven2/org/scala-sbt/ivy/ivy/2.3.0-sbt-396a783bba347016e7fe30dacc60d355be607fe2/ivy-2.3.0-sbt-396a783bba347016e7fe30dacc60d355be607fe2.jar
2024.08.08 16:45:12 INFO  Scala CLI: Downloaded https://repo1.maven.org/maven2/io/monix/monix-java_2.12/3.2.0/monix-java_2.12-3.2.0.jar
2024.08.08 16:45:12 INFO  Scala CLI: Downloading https://repo1.maven.org/maven2/io/get-coursier/interface/1.0.13/interface-1.0.13.jar
2024.08.08 16:45:12 INFO  Scala CLI: Downloaded https://repo1.maven.org/maven2/com/eed3si9n/shaded-apache-httpasyncclient/0.7.0/shaded-apache-httpasyncclient-0.7.0.jar
2024.08.08 16:45:12 INFO  Scala CLI: Downloading https://repo1.maven.org/maven2/com/typesafe/ssl-config-core_2.12/0.6.1/ssl-config-core_2.12-0.6.1.jar
2024.08.08 16:45:13 INFO  Scala CLI: Downloaded https://repo1.maven.org/maven2/org/scala-sbt/ivy/ivy/2.3.0-sbt-396a783bba347016e7fe30dacc60d355be607fe2/ivy-2.3.0-sbt-396a783bba347016e7fe30dacc60d355be607fe2.jar
2024.08.08 16:45:13 INFO  Scala CLI: Downloading https://repo1.maven.org/maven2/io/monix/monix-catnap_2.12/3.2.0/monix-catnap_2.12-3.2.0.jar
2024.08.08 16:45:13 INFO  Scala CLI: Downloaded https://repo1.maven.org/maven2/com/typesafe/ssl-config-core_2.12/0.6.1/ssl-config-core_2.12-0.6.1.jar
2024.08.08 16:45:13 INFO  Scala CLI: Downloading https://repo1.maven.org/maven2/com/outr/moduload_2.12/1.1.5/moduload_2.12-1.1.5.jar
2024.08.08 16:45:13 INFO  Scala CLI: Downloaded https://repo1.maven.org/maven2/org/typelevel/cats-effect_2.12/2.1.3/cats-effect_2.12-2.1.3.jar
2024.08.08 16:45:13 INFO  Scala CLI: Downloading https://repo1.maven.org/maven2/org/scalameta/common_2.12/4.9.5/common_2.12-4.9.5.jar
2024.08.08 16:45:13 INFO  Scala CLI: Downloaded https://repo1.maven.org/maven2/com/outr/moduload_2.12/1.1.5/moduload_2.12-1.1.5.jar
2024.08.08 16:45:13 INFO  Scala CLI: Downloading https://repo1.maven.org/maven2/io/github/alexarchambault/libdaemon/libdaemon_2.12/0.0.11/libdaemon_2.12-0.0.11.jar
2024.08.08 16:45:13 INFO  Scala CLI: Downloaded https://repo1.maven.org/maven2/io/monix/monix-catnap_2.12/3.2.0/monix-catnap_2.12-3.2.0.jar
2024.08.08 16:45:13 INFO  Scala CLI: Downloading https://repo1.maven.org/maven2/org/jline/jline-terminal-jansi/3.24.1/jline-terminal-jansi-3.24.1.jar
2024.08.08 16:45:13 INFO  Scala CLI: Downloaded https://repo1.maven.org/maven2/io/github/alexarchambault/libdaemon/libdaemon_2.12/0.0.11/libdaemon_2.12-0.0.11.jar
2024.08.08 16:45:13 INFO  Scala CLI: Downloading https://repo1.maven.org/maven2/io/github/alexarchambault/bleep/nailgun-server/1.0.7/nailgun-server-1.0.7.jar
2024.08.08 16:45:15 INFO  Scala CLI: Downloaded https://repo1.maven.org/maven2/org/jline/jline-terminal-jansi/3.24.1/jline-terminal-jansi-3.24.1.jar
2024.08.08 16:45:15 INFO  Scala CLI: Downloading https://repo1.maven.org/maven2/org/scala-lang/modules/scala-xml_2.12/2.3.0/scala-xml_2.12-2.3.0.jar
2024.08.08 16:45:15 INFO  Scala CLI: Downloaded https://repo1.maven.org/maven2/io/github/alexarchambault/bleep/nailgun-server/1.0.7/nailgun-server-1.0.7.jar
2024.08.08 16:45:15 INFO  Scala CLI: Downloading https://repo1.maven.org/maven2/org/scala-lang/modules/scala-collection-compat_2.12/2.12.0/scala-collection-compat_2.12-2.12.0.jar
2024.08.08 16:45:15 INFO  Scala CLI: Downloaded https://repo1.maven.org/maven2/org/scala-lang/modules/scala-xml_2.12/2.3.0/scala-xml_2.12-2.3.0.jar
2024.08.08 16:45:15 INFO  Scala CLI: Downloading https://repo1.maven.org/maven2/ch/qos/logback/logback-core/1.4.14/logback-core-1.4.14.jar
2024.08.08 16:45:16 INFO  Scala CLI: Downloaded https://repo1.maven.org/maven2/org/scala-lang/modules/scala-collection-compat_2.12/2.12.0/scala-collection-compat_2.12-2.12.0.jar
2024.08.08 16:45:16 INFO  Scala CLI: Downloading https://repo1.maven.org/maven2/org/scala-sbt/util-interface/1.10.0/util-interface-1.10.0.jar
2024.08.08 16:45:16 INFO  Scala CLI: Downloaded https://repo1.maven.org/maven2/ch/qos/logback/logback-core/1.4.14/logback-core-1.4.14.jar
2024.08.08 16:45:16 INFO  Scala CLI: Downloading https://repo1.maven.org/maven2/io/github/alexarchambault/bleep/bloop-shared_2.12/1.5.17-sc-2/bloop-shared_2.12-1.5.17-sc-2.jar
2024.08.08 16:45:16 INFO  Scala CLI: Downloaded https://repo1.maven.org/maven2/org/scala-sbt/util-interface/1.10.0/util-interface-1.10.0.jar
2024.08.08 16:45:16 INFO  Scala CLI: Downloading https://repo1.maven.org/maven2/org/scalameta/trees_2.12/4.9.5/trees_2.12-4.9.5.jar
2024.08.08 16:45:16 INFO  Scala CLI: Downloaded https://repo1.maven.org/maven2/io/github/alexarchambault/bleep/bloop-shared_2.12/1.5.17-sc-2/bloop-shared_2.12-1.5.17-sc-2.jar
2024.08.08 16:45:16 INFO  Scala CLI: Downloading https://repo1.maven.org/maven2/com/lihaoyi/pprint_2.12/0.9.0/pprint_2.12-0.9.0.jar
2024.08.08 16:45:16 INFO  Scala CLI: Downloaded https://repo1.maven.org/maven2/org/scalaz/scalaz-core_2.12/7.3.8/scalaz-core_2.12-7.3.8.jar
2024.08.08 16:45:16 INFO  Scala CLI: Downloading https://repo1.maven.org/maven2/com/lihaoyi/sourcecode_2.12/0.4.1/sourcecode_2.12-0.4.1.jar
2024.08.08 16:45:16 INFO  Scala CLI: Downloaded https://repo1.maven.org/maven2/org/scalameta/common_2.12/4.9.5/common_2.12-4.9.5.jar
2024.08.08 16:45:16 INFO  Scala CLI: Downloading https://repo1.maven.org/maven2/com/github/mwiede/jsch/0.2.17/jsch-0.2.17.jar
2024.08.08 16:45:16 INFO  Scala CLI: Downloaded https://repo1.maven.org/maven2/com/lihaoyi/pprint_2.12/0.9.0/pprint_2.12-0.9.0.jar
2024.08.08 16:45:16 INFO  Scala CLI: Downloading https://repo1.maven.org/maven2/io/monix/monix-execution_2.12/3.2.0/monix-execution_2.12-3.2.0.jar
2024.08.08 16:45:17 INFO  Scala CLI: Downloaded https://repo1.maven.org/maven2/com/lihaoyi/sourcecode_2.12/0.4.1/sourcecode_2.12-0.4.1.jar
2024.08.08 16:45:17 INFO  Scala CLI: Downloading https://repo1.maven.org/maven2/org/scala-sbt/util-control_2.12/1.10.0/util-control_2.12-1.10.0.jar
2024.08.08 16:45:17 INFO  Scala CLI: Downloaded https://repo1.maven.org/maven2/org/scala-sbt/util-control_2.12/1.10.0/util-control_2.12-1.10.0.jar
2024.08.08 16:45:17 INFO  Scala CLI: Downloading https://repo1.maven.org/maven2/org/scala-sbt/sbinary_2.12/0.5.1/sbinary_2.12-0.5.1.jar
2024.08.08 16:45:17 INFO  Scala CLI: Downloaded https://repo1.maven.org/maven2/com/github/mwiede/jsch/0.2.17/jsch-0.2.17.jar
2024.08.08 16:45:17 INFO  Scala CLI: Downloading https://repo1.maven.org/maven2/com/eed3si9n/gigahorse-core_2.12/0.7.0/gigahorse-core_2.12-0.7.0.jar
2024.08.08 16:45:17 INFO  Scala CLI: Downloaded https://repo1.maven.org/maven2/io/monix/monix-execution_2.12/3.2.0/monix-execution_2.12-3.2.0.jar
2024.08.08 16:45:17 INFO  Scala CLI: Downloading https://repo1.maven.org/maven2/net/openhft/zero-allocation-hashing/0.16/zero-allocation-hashing-0.16.jar
2024.08.08 16:45:17 INFO  Scala CLI: Downloaded https://repo1.maven.org/maven2/com/eed3si9n/gigahorse-core_2.12/0.7.0/gigahorse-core_2.12-0.7.0.jar
2024.08.08 16:45:17 INFO  Scala CLI: Downloading https://repo1.maven.org/maven2/net/java/dev/jna/jna-platform/5.13.0/jna-platform-5.13.0.jar
2024.08.08 16:45:17 INFO  Scala CLI: Downloaded https://repo1.maven.org/maven2/net/openhft/zero-allocation-hashing/0.16/zero-allocation-hashing-0.16.jar
2024.08.08 16:45:17 INFO  Scala CLI: Downloading https://repo1.maven.org/maven2/ch/qos/logback/logback-classic/1.4.14/logback-classic-1.4.14.jar
2024.08.08 16:45:18 INFO  Scala CLI: Downloaded https://repo1.maven.org/maven2/org/scala-sbt/sbinary_2.12/0.5.1/sbinary_2.12-0.5.1.jar
2024.08.08 16:45:18 INFO  Scala CLI: Downloading https://repo1.maven.org/maven2/org/scala-sbt/zinc-apiinfo_2.12/1.10.0/zinc-apiinfo_2.12-1.10.0.jar
2024.08.08 16:45:18 INFO  Scala CLI: Downloaded https://repo1.maven.org/maven2/io/get-coursier/interface/1.0.13/interface-1.0.13.jar
2024.08.08 16:45:18 INFO  Scala CLI: Downloading https://repo1.maven.org/maven2/org/fusesource/jansi/jansi/2.4.1/jansi-2.4.1.jar
2024.08.08 16:45:18 INFO  Scala CLI: Downloaded https://repo1.maven.org/maven2/ch/qos/logback/logback-classic/1.4.14/logback-classic-1.4.14.jar
2024.08.08 16:45:18 INFO  Scala CLI: Downloading https://repo1.maven.org/maven2/net/java/dev/jna/jna/5.13.0/jna-5.13.0.jar
2024.08.08 16:45:18 INFO  Scala CLI: Downloaded https://repo1.maven.org/maven2/org/scala-sbt/zinc-apiinfo_2.12/1.10.0/zinc-apiinfo_2.12-1.10.0.jar
2024.08.08 16:45:18 INFO  Scala CLI: Downloading https://repo1.maven.org/maven2/com/eed3si9n/sjson-new-scalajson_2.12/0.9.1/sjson-new-scalajson_2.12-0.9.1.jar
2024.08.08 16:45:18 INFO  Scala CLI: Downloaded https://repo1.maven.org/maven2/org/fusesource/jansi/jansi/2.4.1/jansi-2.4.1.jar
2024.08.08 16:45:18 INFO  Scala CLI: Downloaded https://repo1.maven.org/maven2/net/java/dev/jna/jna-platform/5.13.0/jna-platform-5.13.0.jar
2024.08.08 16:45:18 INFO  Scala CLI: Downloaded https://repo1.maven.org/maven2/com/eed3si9n/sjson-new-scalajson_2.12/0.9.1/sjson-new-scalajson_2.12-0.9.1.jar
2024.08.08 16:45:19 INFO  Scala CLI: Downloaded https://repo1.maven.org/maven2/org/scala-lang/scala-compiler/2.12.19/scala-compiler-2.12.19.jar
2024.08.08 16:45:19 INFO  Scala CLI: Downloaded https://repo1.maven.org/maven2/net/java/dev/jna/jna/5.13.0/jna-5.13.0.jar
2024.08.08 16:45:21 INFO  Scala CLI: Downloaded https://repo1.maven.org/maven2/org/scalameta/trees_2.12/4.9.5/trees_2.12-4.9.5.jar
2024.08.08 16:45:21 INFO  Scala CLI: Starting compilation server
2024.08.08 16:45:25 INFO  Scala CLI: Downloading https://repo1.maven.org/maven2/org/scala-lang/scala3-compiler_3/3.4.2/scala3-compiler_3-3.4.2.pom
2024.08.08 16:45:25 INFO  Scala CLI: Downloaded https://repo1.maven.org/maven2/org/scala-lang/scala3-compiler_3/3.4.2/scala3-compiler_3-3.4.2.pom
2024.08.08 16:45:25 INFO  Scala CLI: Downloading https://repo1.maven.org/maven2/org/scala-sbt/compiler-interface/1.9.6/compiler-interface-1.9.6.pom
2024.08.08 16:45:25 INFO  Scala CLI: Downloading https://repo1.maven.org/maven2/org/jline/jline-reader/3.25.1/jline-reader-3.25.1.pom
2024.08.08 16:45:25 INFO  Scala CLI: Downloading https://repo1.maven.org/maven2/org/scala-lang/scala3-library_3/3.4.2/scala3-library_3-3.4.2.pom
2024.08.08 16:45:25 INFO  Scala CLI: Downloading https://repo1.maven.org/maven2/org/scala-lang/modules/scala-asm/9.6.0-scala-1/scala-asm-9.6.0-scala-1.pom
2024.08.08 16:45:25 INFO  Scala CLI: Downloading https://repo1.maven.org/maven2/org/jline/jline-terminal/3.25.1/jline-terminal-3.25.1.pom
2024.08.08 16:45:25 INFO  Scala CLI: Downloading https://repo1.maven.org/maven2/org/scala-lang/scala3-interfaces/3.4.2/scala3-interfaces-3.4.2.pom
2024.08.08 16:45:25 INFO  Scala CLI: Downloaded https://repo1.maven.org/maven2/org/scala-sbt/compiler-interface/1.9.6/compiler-interface-1.9.6.pom
2024.08.08 16:45:25 INFO  Scala CLI: Downloading https://repo1.maven.org/maven2/org/scala-lang/tasty-core_3/3.4.2/tasty-core_3-3.4.2.pom
2024.08.08 16:45:26 INFO  Scala CLI: Downloaded https://repo1.maven.org/maven2/org/scala-lang/tasty-core_3/3.4.2/tasty-core_3-3.4.2.pom
2024.08.08 16:45:26 INFO  Scala CLI: Downloading https://repo1.maven.org/maven2/org/jline/jline-terminal-jna/3.25.1/jline-terminal-jna-3.25.1.pom
2024.08.08 16:45:26 INFO  Scala CLI: Downloaded https://repo1.maven.org/maven2/org/jline/jline-reader/3.25.1/jline-reader-3.25.1.pom
2024.08.08 16:45:26 INFO  Scala CLI: Downloaded https://repo1.maven.org/maven2/org/scala-lang/modules/scala-asm/9.6.0-scala-1/scala-asm-9.6.0-scala-1.pom
2024.08.08 16:45:26 INFO  Scala CLI: Downloaded https://repo1.maven.org/maven2/org/scala-lang/scala3-library_3/3.4.2/scala3-library_3-3.4.2.pom
2024.08.08 16:45:26 INFO  Scala CLI: Downloaded https://repo1.maven.org/maven2/org/jline/jline-terminal/3.25.1/jline-terminal-3.25.1.pom
2024.08.08 16:45:26 INFO  Scala CLI: Downloaded https://repo1.maven.org/maven2/org/scala-lang/scala3-interfaces/3.4.2/scala3-interfaces-3.4.2.pom
2024.08.08 16:45:26 INFO  Scala CLI: Downloaded https://repo1.maven.org/maven2/org/jline/jline-terminal-jna/3.25.1/jline-terminal-jna-3.25.1.pom
2024.08.08 16:45:26 INFO  Scala CLI: Downloading https://repo1.maven.org/maven2/org/scala-sbt/util-interface/1.9.8/util-interface-1.9.8.pom
2024.08.08 16:45:26 INFO  Scala CLI: Downloading https://repo1.maven.org/maven2/org/jline/jline-native/3.25.1/jline-native-3.25.1.pom
2024.08.08 16:45:26 INFO  Scala CLI: Downloaded https://repo1.maven.org/maven2/org/jline/jline-native/3.25.1/jline-native-3.25.1.pom
2024.08.08 16:45:26 INFO  Scala CLI: Downloaded https://repo1.maven.org/maven2/org/scala-sbt/util-interface/1.9.8/util-interface-1.9.8.pom
2024.08.08 16:45:26 INFO  Scala CLI: Downloading https://repo1.maven.org/maven2/org/scala-lang/tasty-core_3/3.4.2/tasty-core_3-3.4.2.jar
2024.08.08 16:45:26 INFO  Scala CLI: Downloading https://repo1.maven.org/maven2/org/jline/jline-terminal-jna/3.25.1/jline-terminal-jna-3.25.1.jar
2024.08.08 16:45:26 INFO  Scala CLI: Downloading https://repo1.maven.org/maven2/org/scala-sbt/util-interface/1.9.8/util-interface-1.9.8.jar
2024.08.08 16:45:26 INFO  Scala CLI: Downloading https://repo1.maven.org/maven2/org/jline/jline-reader/3.25.1/jline-reader-3.25.1.jar
2024.08.08 16:45:26 INFO  Scala CLI: Downloading https://repo1.maven.org/maven2/org/scala-lang/scala3-compiler_3/3.4.2/scala3-compiler_3-3.4.2.jar
2024.08.08 16:45:26 INFO  Scala CLI: Downloading https://repo1.maven.org/maven2/org/scala-sbt/compiler-interface/1.9.6/compiler-interface-1.9.6.jar
2024.08.08 16:45:26 INFO  Scala CLI: Downloaded https://repo1.maven.org/maven2/org/scala-sbt/util-interface/1.9.8/util-interface-1.9.8.jar
2024.08.08 16:45:26 INFO  Scala CLI: Downloading https://repo1.maven.org/maven2/org/jline/jline-terminal/3.25.1/jline-terminal-3.25.1.jar
2024.08.08 16:45:26 INFO  Scala CLI: Downloaded https://repo1.maven.org/maven2/org/scala-lang/tasty-core_3/3.4.2/tasty-core_3-3.4.2.jar
2024.08.08 16:45:26 INFO  Scala CLI: Downloading https://repo1.maven.org/maven2/org/jline/jline-native/3.25.1/jline-native-3.25.1.jar
2024.08.08 16:45:26 INFO  Scala CLI: Downloaded https://repo1.maven.org/maven2/org/scala-sbt/compiler-interface/1.9.6/compiler-interface-1.9.6.jar
2024.08.08 16:45:26 INFO  Scala CLI: Downloading https://repo1.maven.org/maven2/org/scala-lang/scala3-library_3/3.4.2/scala3-library_3-3.4.2.jar
2024.08.08 16:45:26 INFO  Scala CLI: Downloaded https://repo1.maven.org/maven2/org/jline/jline-reader/3.25.1/jline-reader-3.25.1.jar
2024.08.08 16:45:26 INFO  Scala CLI: Downloading https://repo1.maven.org/maven2/org/scala-lang/scala3-interfaces/3.4.2/scala3-interfaces-3.4.2.jar
2024.08.08 16:45:26 INFO  Scala CLI: Downloaded https://repo1.maven.org/maven2/org/jline/jline-terminal-jna/3.25.1/jline-terminal-jna-3.25.1.jar
2024.08.08 16:45:26 INFO  Scala CLI: Downloading https://repo1.maven.org/maven2/org/scala-lang/modules/scala-asm/9.6.0-scala-1/scala-asm-9.6.0-scala-1.jar
2024.08.08 16:45:26 INFO  Scala CLI: Downloaded https://repo1.maven.org/maven2/org/scala-lang/scala3-interfaces/3.4.2/scala3-interfaces-3.4.2.jar
2024.08.08 16:45:26 INFO  Scala CLI: Downloaded https://repo1.maven.org/maven2/org/jline/jline-native/3.25.1/jline-native-3.25.1.jar
2024.08.08 16:45:26 INFO  Scala CLI: Downloaded https://repo1.maven.org/maven2/org/jline/jline-terminal/3.25.1/jline-terminal-3.25.1.jar
2024.08.08 16:45:27 INFO  Scala CLI: Downloaded https://repo1.maven.org/maven2/org/scala-lang/modules/scala-asm/9.6.0-scala-1/scala-asm-9.6.0-scala-1.jar
2024.08.08 16:45:27 INFO  Scala CLI: Downloaded https://repo1.maven.org/maven2/org/scala-lang/scala3-library_3/3.4.2/scala3-library_3-3.4.2.jar
2024.08.08 16:45:31 INFO  Scala CLI: Downloaded https://repo1.maven.org/maven2/org/scala-lang/scala3-compiler_3/3.4.2/scala3-compiler_3-3.4.2.jar
2024.08.08 16:45:31 INFO  Scala CLI: Downloading https://repo1.maven.org/maven2/org/scala-lang/scala3-sbt-bridge/3.4.2/scala3-sbt-bridge-3.4.2.pom
2024.08.08 16:45:31 INFO  Scala CLI: Downloaded https://repo1.maven.org/maven2/org/scala-lang/scala3-sbt-bridge/3.4.2/scala3-sbt-bridge-3.4.2.pom
2024.08.08 16:45:31 INFO  Scala CLI: Downloading https://repo1.maven.org/maven2/org/scala-lang/scala3-sbt-bridge/3.4.2/scala3-sbt-bridge-3.4.2.jar
2024.08.08 16:45:31 INFO  Scala CLI: Downloaded https://repo1.maven.org/maven2/org/scala-lang/scala3-sbt-bridge/3.4.2/scala3-sbt-bridge-3.4.2.jar
2024.08.08 16:45:31 INFO  Scala CLI: Downloading https://repo1.maven.org/maven2/org/scala-lang/scala3-library_3/3.4.2/scala3-library_3-3.4.2-sources.jar
2024.08.08 16:45:31 INFO  Scala CLI: Downloading https://repo1.maven.org/maven2/org/scala-lang/scala-library/2.13.12/scala-library-2.13.12-sources.jar
2024.08.08 16:45:31 INFO  Scala CLI: Downloaded https://repo1.maven.org/maven2/org/scala-lang/scala3-library_3/3.4.2/scala3-library_3-3.4.2-sources.jar
2024.08.08 16:45:32 INFO  Scala CLI: Downloaded https://repo1.maven.org/maven2/org/scala-lang/scala-library/2.13.12/scala-library-2.13.12-sources.jar
2024.08.08 16:45:33 INFO  Connected to Scala CLI server v1.4.1
2024.08.08 16:45:35 INFO  compiling metals-scala-cli10803745779926139988_80ac2dbe3e-f609c81517 (1 scala source)
2024.08.08 16:45:38 WARN  Flyway upgrade recommended: H2 2.3.230 is newer than this version of Flyway and support has not been tested. The latest supported version of H2 is 2.2.220.
2024.08.08 16:45:42 INFO  no build target found for C:\Users\ASUS\Downloads\project_scala_spark-master\project_scala_spark-master\src\main\scala\Transform.scala. Using presentation compiler with project's scala-library version: 3.3.3
2024.08.08 16:45:45 INFO  time: compiled metals-scala-cli10803745779926139988_80ac2dbe3e-f609c81517 in 9.99s
2024.08.08 16:45:45 INFO  compiling metals-scala-cli10803745779926139988_80ac2dbe3e-f609c81517 (1 scala source)
2024.08.08 16:45:46 INFO  time: compiled metals-scala-cli10803745779926139988_80ac2dbe3e-f609c81517 in 1.27s
2024.08.08 16:45:55 INFO  time: indexed workspace in 21s
2024.08.08 16:45:55 INFO  compiling metals-scala-cli10803745779926139988_80ac2dbe3e-f609c81517 (1 scala source)
2024.08.08 16:45:55 INFO  time: compiled metals-scala-cli10803745779926139988_80ac2dbe3e-f609c81517 in 0.93s
2024.08.08 16:46:06 INFO  Scala CLI started for C:\Users\ASUS\Downloads\Transform.scala
2024.08.08 16:46:06 INFO  compiling metals-scala-cli10803745779926139988_80ac2dbe3e-f609c81517 (1 scala source)
2024.08.08 16:46:06 INFO  time: compiled metals-scala-cli10803745779926139988_80ac2dbe3e-f609c81517 in 0.89s
2024.08.08 16:51:44 INFO  no build target found for C:\Users\ASUS\Downloads\project_scala_spark-master\project_scala_spark-master\src\main\scala\Extract.scala. Using presentation compiler with project's scala-library version: 3.3.3
2024.08.08 16:51:44 INFO  no build target found for C:\Users\ASUS\Downloads\project_scala_spark-master\project_scala_spark-master\src\main\scala\Extract.scala. Using presentation compiler with project's scala-library version: 3.3.3
2024.08.08 16:52:18 INFO  no build target found for C:\Users\ASUS\Downloads\project_scala_spark-master\project_scala_spark-master\src\main\scala\Main.scala. Using presentation compiler with project's scala-library version: 3.3.3
2024.08.08 16:52:20 INFO  no build target found for C:\Users\ASUS\Downloads\project_scala_spark-master\project_scala_spark-master\src\main\scala\Extract.scala. Using presentation compiler with project's scala-library version: 3.3.3
2024.08.08 16:52:21 INFO  no build target found for C:\Users\ASUS\Downloads\project_scala_spark-master\project_scala_spark-master\src\main\scala\Load.scala. Using presentation compiler with project's scala-library version: 3.3.3
2024.08.08 16:52:21 INFO  no build target found for C:\Users\ASUS\Downloads\project_scala_spark-master\project_scala_spark-master\src\main\scala\Load.scala. Using presentation compiler with project's scala-library version: 3.3.3
2024.08.08 16:53:08 INFO  no build target found for C:\Users\ASUS\Downloads\project_scala_spark-master\project_scala_spark-master\src\main\scala\Load.scala. Using presentation compiler with project's scala-library version: 3.3.3
2024.08.08 16:53:08 INFO  no build target found for C:\Users\ASUS\Downloads\project_scala_spark-master\project_scala_spark-master\src\main\scala\Load.scala. Using presentation compiler with project's scala-library version: 3.3.3
2024.08.08 16:53:13 INFO  no build target found for C:\Users\ASUS\Downloads\project_scala_spark-master\project_scala_spark-master\src\main\scala\Load.scala. Using presentation compiler with project's scala-library version: 3.3.3
2024.08.08 16:53:15 INFO  no build target found for C:\Users\ASUS\Downloads\project_scala_spark-master\project_scala_spark-master\src\main\scala\Load.scala. Using presentation compiler with project's scala-library version: 3.3.3
2024.08.08 16:53:15 INFO  no build target found for C:\Users\ASUS\Downloads\project_scala_spark-master\project_scala_spark-master\src\main\scala\Load.scala. Using presentation compiler with project's scala-library version: 3.3.3
2024.08.08 16:53:16 INFO  no build target found for C:\Users\ASUS\Downloads\project_scala_spark-master\project_scala_spark-master\src\main\scala\Load.scala. Using presentation compiler with project's scala-library version: 3.3.3
2024.08.08 16:53:16 INFO  no build target found for C:\Users\ASUS\Downloads\project_scala_spark-master\project_scala_spark-master\src\main\scala\Load.scala. Using presentation compiler with project's scala-library version: 3.3.3
2024.08.08 16:53:17 INFO  no build target found for C:\Users\ASUS\Downloads\project_scala_spark-master\project_scala_spark-master\src\main\scala\Load.scala. Using presentation compiler with project's scala-library version: 3.3.3
2024.08.08 16:53:18 WARN  no build target for: C:\Users\ASUS\Downloads\project_scala_spark-master\project_scala_spark-master\src\main\scala\Load.scala
2024.08.08 16:53:18 INFO  no build target found for C:\Users\ASUS\Downloads\project_scala_spark-master\project_scala_spark-master\src\main\scala\Load.scala. Using presentation compiler with project's scala-library version: 3.3.3
2024.08.08 16:53:18 INFO  no build target found for C:\Users\ASUS\Downloads\project_scala_spark-master\project_scala_spark-master\src\main\scala\Load.scala. Using presentation compiler with project's scala-library version: 3.3.3
2024.08.08 16:53:21 INFO  no build target found for C:\Users\ASUS\Downloads\project_scala_spark-master\project_scala_spark-master\src\main\scala\Load.scala. Using presentation compiler with project's scala-library version: 3.3.3
2024.08.08 16:54:14 INFO  Shut down connection with build server.
2024.08.08 16:55:42 INFO  no build target found for C:\Users\ASUS\Downloads\project_scala_spark-master\project_scala_spark-master\src\main\scala\Load.scala. Using presentation compiler with project's scala-library version: 3.3.3
2024.08.08 16:55:43 INFO  no build target found for C:\Users\ASUS\Downloads\project_scala_spark-master\project_scala_spark-master\src\main\scala\Load.scala. Using presentation compiler with project's scala-library version: 3.3.3
2024.08.08 16:55:42 INFO  no build target found for C:\Users\ASUS\Downloads\project_scala_spark-master\project_scala_spark-master\src\main\scala\Load.scala. Using presentation compiler with project's scala-library version: 3.3.3
2024.08.08 16:57:31 INFO  no build target found for C:\Users\ASUS\Downloads\project_scala_spark-master\project_scala_spark-master\src\main\scala\Load.scala. Using presentation compiler with project's scala-library version: 3.3.3
2024.08.08 16:57:34 INFO  no build target found for C:\Users\ASUS\Downloads\project_scala_spark-master\project_scala_spark-master\src\main\scala\Transform.scala. Using presentation compiler with project's scala-library version: 3.3.3
2024.08.08 16:57:34 INFO  no build target found for C:\Users\ASUS\Downloads\project_scala_spark-master\project_scala_spark-master\src\main\scala\Transform.scala. Using presentation compiler with project's scala-library version: 3.3.3
2024.08.08 16:57:36 INFO  no build target found for C:\Users\ASUS\Downloads\project_scala_spark-master\project_scala_spark-master\src\main\scala\Transform.scala. Using presentation compiler with project's scala-library version: 3.3.3
2024.08.08 16:58:02 INFO  no build target found for C:\Users\ASUS\Downloads\project_scala_spark-master\project_scala_spark-master\src\main\scala\Transform.scala. Using presentation compiler with project's scala-library version: 3.3.3
2024.08.08 16:58:04 INFO  no build target found for C:\Users\ASUS\Downloads\project_scala_spark-master\project_scala_spark-master\src\main\scala\Transform.scala. Using presentation compiler with project's scala-library version: 3.3.3
2024.08.08 16:58:04 INFO  no build target found for C:\Users\ASUS\Downloads\project_scala_spark-master\project_scala_spark-master\src\main\scala\Transform.scala. Using presentation compiler with project's scala-library version: 3.3.3
2024.08.08 16:58:41 INFO  no build target found for C:\Users\ASUS\Downloads\project_scala_spark-master\project_scala_spark-master\src\main\scala\Transform.scala. Using presentation compiler with project's scala-library version: 3.3.3
2024.08.08 16:58:42 INFO  no build target found for C:\Users\ASUS\Downloads\project_scala_spark-master\project_scala_spark-master\src\main\scala\Transform.scala. Using presentation compiler with project's scala-library version: 3.3.3
2024.08.08 17:02:56 INFO  no build target found for C:\Users\ASUS\Downloads\project_scala_spark-master\project_scala_spark-master\src\main\scala\Transform.scala. Using presentation compiler with project's scala-library version: 3.3.3
2024.08.08 17:02:58 INFO  no build target found for C:\Users\ASUS\Downloads\project_scala_spark-master\project_scala_spark-master\src\main\scala\Transform.scala. Using presentation compiler with project's scala-library version: 3.3.3
2024.08.08 17:02:58 INFO  no build target found for C:\Users\ASUS\Downloads\project_scala_spark-master\project_scala_spark-master\src\main\scala\Transform.scala. Using presentation compiler with project's scala-library version: 3.3.3
2024.08.08 17:03:00 WARN  no build target for: C:\Users\ASUS\Downloads\project_scala_spark-master\project_scala_spark-master\src\main\scala\Transform.scala
2024.08.08 17:03:00 INFO  no build target found for C:\Users\ASUS\Downloads\project_scala_spark-master\project_scala_spark-master\src\main\scala\Transform.scala. Using presentation compiler with project's scala-library version: 3.3.3
2024.08.08 17:03:00 INFO  no build target found for C:\Users\ASUS\Downloads\project_scala_spark-master\project_scala_spark-master\src\main\scala\Transform.scala. Using presentation compiler with project's scala-library version: 3.3.3
2024.08.08 17:03:05 WARN  no build target for: C:\Users\ASUS\Downloads\project_scala_spark-master\project_scala_spark-master\src\main\scala\Transform.scala
2024.08.08 17:03:05 INFO  no build target found for C:\Users\ASUS\Downloads\project_scala_spark-master\project_scala_spark-master\src\main\scala\Transform.scala. Using presentation compiler with project's scala-library version: 3.3.3
2024.08.08 17:04:40 INFO  no build target found for C:\Users\ASUS\Downloads\project_scala_spark-master\project_scala_spark-master\src\main\scala\Transform.scala. Using presentation compiler with project's scala-library version: 3.3.3
2024.08.08 17:11:55 INFO  no build target found for C:\Users\ASUS\Downloads\project_scala_spark-master\project_scala_spark-master\build.sbt. Using presentation compiler with project's scala-library version: 3.3.3
2024.08.08 17:11:55 INFO  no build target found for C:\Users\ASUS\Downloads\project_scala_spark-master\project_scala_spark-master\build.sbt. Using presentation compiler with project's scala-library version: 3.3.3
2024.08.08 17:12:12 INFO  no build target found for C:\Users\ASUS\Downloads\project_scala_spark-master\project_scala_spark-master\build.sbt. Using presentation compiler with project's scala-library version: 3.3.3
2024.08.08 17:13:12 INFO  no build target found for C:\Users\ASUS\Downloads\project_scala_spark-master\project_scala_spark-master\build.sbt. Using presentation compiler with project's scala-library version: 3.3.3
2024.08.08 21:05:31 INFO  no build target found for C:\Users\ASUS\Downloads\project_scala_spark-master\project_scala_spark-master\build.sbt. Using presentation compiler with project's scala-library version: 3.3.3
2024.08.08 21:05:33 INFO  no build target found for C:\Users\ASUS\Downloads\project_scala_spark-master\project_scala_spark-master\build.sbt. Using presentation compiler with project's scala-library version: 3.3.3
2024.08.08 21:05:42 INFO  no build target found for C:\Users\ASUS\Downloads\project_scala_spark-master\project_scala_spark-master\src\main\scala\Load.scala. Using presentation compiler with project's scala-library version: 3.3.3
août 08, 2024 9:06:25 P.M. org.eclipse.lsp4j.jsonrpc.services.GenericEndpoint notify
INFOS: Unsupported notification method: $/setTrace
2024.08.08 21:06:29 INFO  no build target found for C:\Users\ASUS\Downloads\project_scala_spark-master\project_scala_spark-master\build.sbt. Using presentation compiler with project's scala-library version: 3.3.3
2024.08.08 21:06:33 INFO  no build target found for C:\Users\ASUS\Downloads\project_scala_spark-master\project_scala_spark-master\build.sbt. Using presentation compiler with project's scala-library version: 3.3.3
2024.08.08 21:07:18 INFO  no build target found for C:\Users\ASUS\Downloads\project_scala_spark-master\project_scala_spark-master\build.sbt. Using presentation compiler with project's scala-library version: 3.3.3
2024.08.08 21:07:18 INFO  no build target found for C:\Users\ASUS\Downloads\project_scala_spark-master\project_scala_spark-master\build.sbt. Using presentation compiler with project's scala-library version: 3.3.3
2024.08.08 21:08:34 INFO  no build target found for C:\Users\ASUS\Downloads\project_scala_spark-master\project_scala_spark-master\src\main\scala\Transform.scala. Using presentation compiler with project's scala-library version: 3.3.3
2024.08.08 22:03:47 INFO  no build target found for C:\Users\ASUS\Downloads\project_scala_spark-master\project_scala_spark-master\src\main\scala\Extract.scala. Using presentation compiler with project's scala-library version: 3.3.3
2024.08.08 22:04:09 INFO  no build target found for C:\Users\ASUS\Downloads\project_scala_spark-master\project_scala_spark-master\src\main\scala\Extract.scala. Using presentation compiler with project's scala-library version: 3.3.3
2024.08.08 22:04:09 INFO  no build target found for C:\Users\ASUS\Downloads\project_scala_spark-master\project_scala_spark-master\src\main\scala\Extract.scala. Using presentation compiler with project's scala-library version: 3.3.3
2024.08.08 22:04:27 INFO  no build target found for C:\Users\ASUS\Downloads\project_scala_spark-master\project_scala_spark-master\src\main\scala\Extract.scala. Using presentation compiler with project's scala-library version: 3.3.3
2024.08.08 22:04:40 INFO  no build target found for C:\Users\ASUS\Downloads\project_scala_spark-master\project_scala_spark-master\src\main\scala\Main.scala. Using presentation compiler with project's scala-library version: 3.3.3
2024.08.08 22:04:51 INFO  no build target found for C:\Users\ASUS\Downloads\project_scala_spark-master\project_scala_spark-master\src\main\scala\Main.scala. Using presentation compiler with project's scala-library version: 3.3.3
2024.08.08 22:04:56 INFO  no build target found for C:\Users\ASUS\Downloads\project_scala_spark-master\project_scala_spark-master\src\main\scala\Main.scala. Using presentation compiler with project's scala-library version: 3.3.3
2024.08.08 22:04:57 INFO  no build target found for C:\Users\ASUS\Downloads\project_scala_spark-master\project_scala_spark-master\src\main\scala\Main.scala. Using presentation compiler with project's scala-library version: 3.3.3
2024.08.08 22:05:02 INFO  no build target found for C:\Users\ASUS\Downloads\project_scala_spark-master\project_scala_spark-master\src\main\scala\Extract.scala. Using presentation compiler with project's scala-library version: 3.3.3
2024.08.08 22:05:15 INFO  no build target found for C:\Users\ASUS\Downloads\project_scala_spark-master\project_scala_spark-master\src\main\scala\Main.scala. Using presentation compiler with project's scala-library version: 3.3.3
2024.08.08 22:05:19 INFO  no build target found for C:\Users\ASUS\Downloads\project_scala_spark-master\project_scala_spark-master\src\main\scala\Main.scala. Using presentation compiler with project's scala-library version: 3.3.3
2024.08.08 22:05:19 INFO  no build target found for C:\Users\ASUS\Downloads\project_scala_spark-master\project_scala_spark-master\src\main\scala\Main.scala. Using presentation compiler with project's scala-library version: 3.3.3
2024.08.08 22:05:19 INFO  no build target found for C:\Users\ASUS\Downloads\project_scala_spark-master\project_scala_spark-master\src\main\scala\Main.scala. Using presentation compiler with project's scala-library version: 3.3.3
2024.08.08 22:05:33 INFO  no build target found for C:\Users\ASUS\Downloads\project_scala_spark-master\project_scala_spark-master\src\main\scala\Main.scala. Using presentation compiler with project's scala-library version: 3.3.3
2024.08.08 22:05:35 INFO  no build target found for C:\Users\ASUS\Downloads\project_scala_spark-master\project_scala_spark-master\src\main\scala\Main.scala. Using presentation compiler with project's scala-library version: 3.3.3
2024.08.08 22:05:36 INFO  no build target found for C:\Users\ASUS\Downloads\project_scala_spark-master\project_scala_spark-master\src\main\scala\Main.scala. Using presentation compiler with project's scala-library version: 3.3.3
2024.08.08 22:05:36 INFO  no build target found for C:\Users\ASUS\Downloads\project_scala_spark-master\project_scala_spark-master\src\main\scala\Main.scala. Using presentation compiler with project's scala-library version: 3.3.3
2024.08.08 22:05:44 INFO  no build target found for C:\Users\ASUS\Downloads\project_scala_spark-master\project_scala_spark-master\src\main\scala\Main.scala. Using presentation compiler with project's scala-library version: 3.3.3
2024.08.08 22:05:44 INFO  no build target found for C:\Users\ASUS\Downloads\project_scala_spark-master\project_scala_spark-master\src\main\scala\Main.scala. Using presentation compiler with project's scala-library version: 3.3.3
2024.08.08 22:05:47 INFO  no build target found for C:\Users\ASUS\Downloads\project_scala_spark-master\project_scala_spark-master\src\main\scala\Main.scala. Using presentation compiler with project's scala-library version: 3.3.3
2024.08.08 22:05:47 INFO  no build target found for C:\Users\ASUS\Downloads\project_scala_spark-master\project_scala_spark-master\src\main\scala\Main.scala. Using presentation compiler with project's scala-library version: 3.3.3
2024.08.08 22:05:48 INFO  no build target found for C:\Users\ASUS\Downloads\project_scala_spark-master\project_scala_spark-master\src\main\scala\Main.scala. Using presentation compiler with project's scala-library version: 3.3.3
2024.08.08 22:06:03 INFO  no build target found for C:\Users\ASUS\Downloads\project_scala_spark-master\project_scala_spark-master\src\main\scala\Main.scala. Using presentation compiler with project's scala-library version: 3.3.3
2024.08.08 22:06:07 INFO  no build target found for C:\Users\ASUS\Downloads\project_scala_spark-master\project_scala_spark-master\src\main\scala\Main.scala. Using presentation compiler with project's scala-library version: 3.3.3
2024.08.08 22:20:50 INFO  no build target found for C:\Users\ASUS\Downloads\project_scala_spark-master\project_scala_spark-master\src\main\scala\Main.scala. Using presentation compiler with project's scala-library version: 3.3.3
2024.08.08 22:20:50 INFO  no build target found for C:\Users\ASUS\Downloads\project_scala_spark-master\project_scala_spark-master\src\main\scala\Main.scala. Using presentation compiler with project's scala-library version: 3.3.3
2024.08.08 22:22:05 INFO  no build target found for C:\Users\ASUS\Downloads\project_scala_spark-master\project_scala_spark-master\src\main\scala\Transform.scala. Using presentation compiler with project's scala-library version: 3.3.3
2024.08.08 22:22:05 INFO  no build target found for C:\Users\ASUS\Downloads\project_scala_spark-master\project_scala_spark-master\src\main\scala\Extract.scala. Using presentation compiler with project's scala-library version: 3.3.3
2024.08.08 22:22:05 INFO  no build target found for C:\Users\ASUS\Downloads\project_scala_spark-master\project_scala_spark-master\src\main\scala\Utils.scala. Using presentation compiler with project's scala-library version: 3.3.3
2024.08.08 22:22:05 INFO  no build target found for C:\Users\ASUS\Downloads\project_scala_spark-master\project_scala_spark-master\src\main\scala\Load.scala. Using presentation compiler with project's scala-library version: 3.3.3
2024.08.08 22:34:09 INFO  no build target found for C:\Users\ASUS\Downloads\project_scala_spark-master\project_scala_spark-master\src\main\scala\Main.scala. Using presentation compiler with project's scala-library version: 3.3.3
2024.08.08 22:34:09 INFO  no build target found for C:\Users\ASUS\Downloads\project_scala_spark-master\project_scala_spark-master\src\main\scala\Main.scala. Using presentation compiler with project's scala-library version: 3.3.3
2024.08.08 22:34:17 INFO  no build target found for C:\Users\ASUS\Downloads\project_scala_spark-master\project_scala_spark-master\src\main\scala\Extract.scala. Using presentation compiler with project's scala-library version: 3.3.3
2024.08.08 22:34:22 INFO  no build target found for C:\Users\ASUS\Downloads\project_scala_spark-master\project_scala_spark-master\src\main\scala\Load.scala. Using presentation compiler with project's scala-library version: 3.3.3
2024.08.08 22:34:28 INFO  no build target found for C:\Users\ASUS\Downloads\project_scala_spark-master\project_scala_spark-master\src\main\scala\Transform.scala. Using presentation compiler with project's scala-library version: 3.3.3
2024.08.08 22:34:34 INFO  no build target found for C:\Users\ASUS\Downloads\project_scala_spark-master\project_scala_spark-master\src\main\scala\Utils.scala. Using presentation compiler with project's scala-library version: 3.3.3
2024.08.08 22:40:41 INFO  no build target found for C:\Users\ASUS\Downloads\project_scala_spark-master\project_scala_spark-master\src\main\scala\Main.scala. Using presentation compiler with project's scala-library version: 3.3.3
2024.08.08 22:40:41 INFO  no build target found for C:\Users\ASUS\Downloads\project_scala_spark-master\project_scala_spark-master\src\main\scala\Main.scala. Using presentation compiler with project's scala-library version: 3.3.3
2024.08.08 22:41:58 INFO  no build target found for C:\Users\ASUS\Downloads\project_scala_spark-master\project_scala_spark-master\build.sbt. Using presentation compiler with project's scala-library version: 3.3.3
2024.08.08 22:41:59 INFO  no build target found for C:\Users\ASUS\Downloads\project_scala_spark-master\project_scala_spark-master\build.sbt. Using presentation compiler with project's scala-library version: 3.3.3
2024.08.08 22:55:28 INFO  no build target found for C:\Users\ASUS\Downloads\project_scala_spark-master\project_scala_spark-master\src\main\scala\Main.scala. Using presentation compiler with project's scala-library version: 3.3.3
2024.08.08 22:56:08 INFO  no build target found for C:\Users\ASUS\Downloads\project_scala_spark-master\project_scala_spark-master\src\main\scala\Main.scala. Using presentation compiler with project's scala-library version: 3.3.3
2024.08.08 22:56:18 INFO  no build target found for C:\Users\ASUS\Downloads\project_scala_spark-master\project_scala_spark-master\src\main\scala\Main.scala. Using presentation compiler with project's scala-library version: 3.3.3
2024.08.08 22:56:39 INFO  no build target found for C:\Users\ASUS\Downloads\project_scala_spark-master\project_scala_spark-master\src\main\scala\Extract.scala. Using presentation compiler with project's scala-library version: 3.3.3
2024.08.08 22:56:39 INFO  no build target found for C:\Users\ASUS\Downloads\project_scala_spark-master\project_scala_spark-master\src\main\scala\Load.scala. Using presentation compiler with project's scala-library version: 3.3.3
2024.08.08 22:56:45 INFO  no build target found for C:\Users\ASUS\Downloads\project_scala_spark-master\project_scala_spark-master\src\main\scala\Utils.scala. Using presentation compiler with project's scala-library version: 3.3.3
2024.08.08 22:56:52 INFO  no build target found for C:\Users\ASUS\Downloads\project_scala_spark-master\project_scala_spark-master\src\main\scala\Transform.scala. Using presentation compiler with project's scala-library version: 3.3.3
2024.08.08 22:58:42 INFO  no build target found for C:\Users\ASUS\Downloads\project_scala_spark-master\project_scala_spark-master\src\main\scala\Main.scala. Using presentation compiler with project's scala-library version: 3.3.3
2024.08.08 22:58:47 INFO  no build target found for C:\Users\ASUS\Downloads\project_scala_spark-master\project_scala_spark-master\src\main\scala\Main.scala. Using presentation compiler with project's scala-library version: 3.3.3
2024.08.08 22:58:59 INFO  no build target found for C:\Users\ASUS\Downloads\project_scala_spark-master\project_scala_spark-master\src\main\scala\Main.scala. Using presentation compiler with project's scala-library version: 3.3.3
2024.08.08 23:18:47 INFO  no build target found for C:\Users\ASUS\Downloads\project_scala_spark-master\project_scala_spark-master\build.sbt. Using presentation compiler with project's scala-library version: 3.3.3
2024.08.08 23:29:40 INFO  Shutting down server
2024.08.08 23:29:40 INFO  shutting down Metals
2024.08.08 23:29:40 INFO  Exiting server
2024.08.08 23:29:40 ERROR Unexpected error initializing server: 
org.eclipse.lsp4j.jsonrpc.ResponseErrorException: Request window/showMessageRequest failed with message: Canceled
	at org.eclipse.lsp4j.jsonrpc.RemoteEndpoint.handleResponse(RemoteEndpoint.java:220)
	at org.eclipse.lsp4j.jsonrpc.RemoteEndpoint.consume(RemoteEndpoint.java:204)
	at org.eclipse.lsp4j.jsonrpc.json.StreamMessageProducer.handleMessage(StreamMessageProducer.java:185)
	at org.eclipse.lsp4j.jsonrpc.json.StreamMessageProducer.listen(StreamMessageProducer.java:97)
	at org.eclipse.lsp4j.jsonrpc.json.ConcurrentMessageProcessor.run(ConcurrentMessageProcessor.java:114)
	at java.util.concurrent.Executors$RunnableAdapter.call(Executors.java:539)
	at java.util.concurrent.FutureTask.run(FutureTask.java:264)
	at java.util.concurrent.ThreadPoolExecutor.runWorker(ThreadPoolExecutor.java:1136)
	at java.util.concurrent.ThreadPoolExecutor$Worker.run(ThreadPoolExecutor.java:635)
	at java.lang.Thread.run(Thread.java:833)

2024.08.08 23:30:18 INFO  Started: Metals version 1.3.5 in folders 'C:\Users\ASUS\Downloads\project_scala_spark-master\project_scala_spark-master' for client Visual Studio Code 1.92.1.
SLF4J(W): Class path contains multiple SLF4J providers.
SLF4J(W): Found provider [scribe.slf4j.ScribeServiceProvider@5f8b0883]
SLF4J(W): Found provider [ch.qos.logback.classic.spi.LogbackServiceProvider@1292d96c]
SLF4J(W): See https://www.slf4j.org/codes.html#multiple_bindings for an explanation.
SLF4J(I): Actual provider is of type [scribe.slf4j.ScribeServiceProvider@5f8b0883]
2024.08.08 23:30:18 WARN  Flyway upgrade recommended: H2 2.3.230 is newer than this version of Flyway and support has not been tested. The latest supported version of H2 is 2.2.220.
2024.08.08 23:30:20 INFO  no build target found for C:\Users\ASUS\Downloads\project_scala_spark-master\project_scala_spark-master\src\main\scala\Main.scala. Using presentation compiler with project's scala-library version: 3.3.3
2024.08.08 23:30:26 INFO  running 'C:\Users\ASUS\AppData\Local\Coursier\cache\arc\https\github.com\adoptium\temurin17-binaries\releases\download\jdk-17%252B35\OpenJDK17-jdk_x64_windows_hotspot_17_35.zip\jdk-17+35\bin\java.exe -Djline.terminal=jline.UnsupportedTerminal -Dsbt.log.noformat=true -Dfile.encoding=UTF-8 -jar C:\Users\ASUS\AppData\Local\Temp\metals12650970203382033345\sbt-launch.jar -Dbloop.export-jar-classifiers=sources bloopInstall'
2024.08.08 23:30:26 ERROR [info] [launcher] getting org.scala-sbt sbt 1.10.1  (this may take some time)...
août 08, 2024 11:30:44 P.M. org.eclipse.lsp4j.jsonrpc.services.GenericEndpoint notify
INFOS: Unsupported notification method: $/setTrace
2024.08.08 23:30:49 INFO  [info] welcome to sbt 1.10.1 (Eclipse Adoptium Java 17)
2024.08.08 23:30:51 INFO  [info] loading settings for project project_scala_spark-master-build-build from metals.sbt ...
2024.08.08 23:30:51 INFO  [info] loading project definition from C:\Users\ASUS\Downloads\project_scala_spark-master\project_scala_spark-master\project\project
2024.08.08 23:30:56 INFO  [info] loading settings for project project_scala_spark-master-build from metals.sbt ...
2024.08.08 23:30:56 INFO  [info] loading project definition from C:\Users\ASUS\Downloads\project_scala_spark-master\project_scala_spark-master\project
2024.08.08 23:31:03 INFO  [success] Generated .bloop\project_scala_spark-master-build.json
2024.08.08 23:31:03 INFO  [success] Total time: 7 s, completed 8 aoÃ»t 2024, 23 h 31 min 03 s
2024.08.08 23:31:04 INFO  [info] loading settings for project root from build.sbt ...
2024.08.08 23:31:04 INFO  [info] set current project to project_scala_spark (in build file:/C:/Users/ASUS/Downloads/project_scala_spark-master/project_scala_spark-master/)
2024.08.08 23:31:04 INFO  [warn] 
2024.08.08 23:31:04 INFO  [warn] 	Note: Unresolved dependencies path:
2024.08.08 23:31:04 INFO  [error] Couldn't run bloopGenerate. The issue could be caused by failing to compile the project.
2024.08.08 23:31:04 INFO  [error] sbt.librarymanagement.ResolveException: Error downloading org.apache.spark:spark-core_2.13:2.4.5
2024.08.08 23:31:04 INFO  [error]   Not found
2024.08.08 23:31:04 INFO  [error]   Not found
2024.08.08 23:31:04 INFO  [error]   not found: C:\Users\ASUS\.ivy2\localorg.apache.spark\spark-core_2.13\2.4.5\ivys\ivy.xml
2024.08.08 23:31:04 INFO  [error]   not found: https://repo1.maven.org/maven2/org/apache/spark/spark-core_2.13/2.4.5/spark-core_2.13-2.4.5.pom
2024.08.08 23:31:04 INFO  [error] Error downloading org.apache.spark:spark-sql_2.13:2.4.5
2024.08.08 23:31:04 INFO  [error]   Not found
2024.08.08 23:31:04 INFO  [error]   Not found
2024.08.08 23:31:04 INFO  [error]   not found: C:\Users\ASUS\.ivy2\localorg.apache.spark\spark-sql_2.13\2.4.5\ivys\ivy.xml
2024.08.08 23:31:04 INFO  [error]   not found: https://repo1.maven.org/maven2/org/apache/spark/spark-sql_2.13/2.4.5/spark-sql_2.13-2.4.5.pom
2024.08.08 23:31:04 INFO  [error] 	at lmcoursier.CoursierDependencyResolution.unresolvedWarningOrThrow(CoursierDependencyResolution.scala:346)
2024.08.08 23:31:04 INFO  [error] 	at lmcoursier.CoursierDependencyResolution.$anonfun$update$39(CoursierDependencyResolution.scala:315)
2024.08.08 23:31:04 INFO  [error] 	at scala.util.Either$LeftProjection.map(Either.scala:573)
2024.08.08 23:31:04 INFO  [error] 	at lmcoursier.CoursierDependencyResolution.update(CoursierDependencyResolution.scala:315)
2024.08.08 23:31:04 INFO  [error] 	at sbt.librarymanagement.DependencyResolution.update(DependencyResolution.scala:60)
2024.08.08 23:31:04 INFO  [error] 	at sbt.internal.LibraryManagement$.resolve$1(LibraryManagement.scala:60)
2024.08.08 23:31:04 INFO  [error] 	at sbt.internal.LibraryManagement$.$anonfun$cachedUpdate$12(LibraryManagement.scala:142)
2024.08.08 23:31:04 INFO  [error] 	at sbt.util.Tracked$.$anonfun$lastOutput$1(Tracked.scala:74)
2024.08.08 23:31:04 INFO  [error] 	at sbt.internal.LibraryManagement$.$anonfun$cachedUpdate$11(LibraryManagement.scala:144)
2024.08.08 23:31:04 INFO  [error] 	at sbt.internal.LibraryManagement$.$anonfun$cachedUpdate$11$adapted(LibraryManagement.scala:131)
2024.08.08 23:31:04 INFO  [error] 	at sbt.util.Tracked$.$anonfun$inputChangedW$1(Tracked.scala:220)
2024.08.08 23:31:04 INFO  [error] 	at sbt.internal.LibraryManagement$.cachedUpdate(LibraryManagement.scala:169)
2024.08.08 23:31:04 INFO  [error] 	at sbt.Classpaths$.$anonfun$updateTask0$1(Defaults.scala:3867)
2024.08.08 23:31:04 INFO  [error] 	at scala.Function1.$anonfun$compose$1(Function1.scala:49)
2024.08.08 23:31:04 INFO  [error] 	at sbt.internal.util.$tilde$greater.$anonfun$$u2219$1(TypeFunctions.scala:63)
2024.08.08 23:31:04 INFO  [error] 	at sbt.std.Transform$$anon$4.work(Transform.scala:69)
2024.08.08 23:31:04 INFO  [error] 	at sbt.Execute.$anonfun$submit$2(Execute.scala:283)
2024.08.08 23:31:04 INFO  [error] 	at sbt.internal.util.ErrorHandling$.wideConvert(ErrorHandling.scala:24)
2024.08.08 23:31:04 INFO  [error] 	at sbt.Execute.work(Execute.scala:292)
2024.08.08 23:31:04 INFO  [error] 	at sbt.Execute.$anonfun$submit$1(Execute.scala:283)
2024.08.08 23:31:04 INFO  [error] 	at sbt.ConcurrentRestrictions$$anon$4.$anonfun$submitValid$1(ConcurrentRestrictions.scala:265)
2024.08.08 23:31:04 INFO  [error] 	at sbt.CompletionService$$anon$2.call(CompletionService.scala:65)
2024.08.08 23:31:04 INFO  [error] 	at java.base/java.util.concurrent.FutureTask.run(FutureTask.java:264)
2024.08.08 23:31:04 INFO  [error] 	at java.base/java.util.concurrent.Executors$RunnableAdapter.call(Executors.java:539)
2024.08.08 23:31:04 INFO  [error] 	at java.base/java.util.concurrent.FutureTask.run(FutureTask.java:264)
2024.08.08 23:31:04 INFO  [error] 	at java.base/java.util.concurrent.ThreadPoolExecutor.runWorker(ThreadPoolExecutor.java:1136)
2024.08.08 23:31:04 INFO  [error] 	at java.base/java.util.concurrent.ThreadPoolExecutor$Worker.run(ThreadPoolExecutor.java:635)
2024.08.08 23:31:04 INFO  [error] 	at java.base/java.lang.Thread.run(Thread.java:833)
2024.08.08 23:31:04 INFO  [error] (update) sbt.librarymanagement.ResolveException: Error downloading org.apache.spark:spark-core_2.13:2.4.5
2024.08.08 23:31:04 INFO  [error]   Not found
2024.08.08 23:31:04 INFO  [error]   Not found
2024.08.08 23:31:04 INFO  [error]   not found: C:\Users\ASUS\.ivy2\localorg.apache.spark\spark-core_2.13\2.4.5\ivys\ivy.xml
2024.08.08 23:31:04 INFO  [error]   not found: https://repo1.maven.org/maven2/org/apache/spark/spark-core_2.13/2.4.5/spark-core_2.13-2.4.5.pom
2024.08.08 23:31:04 INFO  [error] Error downloading org.apache.spark:spark-sql_2.13:2.4.5
2024.08.08 23:31:04 INFO  [error]   Not found
2024.08.08 23:31:04 INFO  [error]   Not found
2024.08.08 23:31:04 INFO  [error]   not found: C:\Users\ASUS\.ivy2\localorg.apache.spark\spark-sql_2.13\2.4.5\ivys\ivy.xml
2024.08.08 23:31:04 INFO  [error]   not found: https://repo1.maven.org/maven2/org/apache/spark/spark-sql_2.13/2.4.5/spark-sql_2.13-2.4.5.pom
2024.08.08 23:31:04 INFO  [error] Total time: 1 s, completed 8 aoÃ»t 2024, 23 h 31 min 05 s
2024.08.08 23:31:05 INFO  time: ran 'sbt bloopInstall' in 39s
2024.08.08 23:31:05 ERROR sbt command failed: C:\Users\ASUS\AppData\Local\Coursier\cache\arc\https\github.com\adoptium\temurin17-binaries\releases\download\jdk-17%252B35\OpenJDK17-jdk_x64_windows_hotspot_17_35.zip\jdk-17+35\bin\java.exe -Djline.terminal=jline.UnsupportedTerminal -Dsbt.log.noformat=true -Dfile.encoding=UTF-8 -jar C:\Users\ASUS\AppData\Local\Temp\metals12650970203382033345\sbt-launch.jar -Dbloop.export-jar-classifiers=sources bloopInstall
2024.08.08 23:31:05 INFO  no build target found for C:\Users\ASUS\Downloads\project_scala_spark-master\project_scala_spark-master\src\main\scala\Main.scala. Using presentation compiler with project's scala-library version: 3.3.3
août 08, 2024 11:31:53 P.M. org.eclipse.lsp4j.jsonrpc.services.GenericEndpoint notify
INFOS: Unsupported notification method: $/setTrace
2024.08.08 23:35:30 INFO  no build target found for C:\Users\ASUS\Downloads\project_scala_spark-master\project_scala_spark-master\build.sbt. Using presentation compiler with project's scala-library version: 3.3.3
2024.08.08 23:35:30 INFO  no build target found for C:\Users\ASUS\Downloads\project_scala_spark-master\project_scala_spark-master\build.sbt. Using presentation compiler with project's scala-library version: 3.3.3
2024.08.08 23:35:32 INFO  no build target found for C:\Users\ASUS\Downloads\project_scala_spark-master\project_scala_spark-master\build.sbt. Using presentation compiler with project's scala-library version: 3.3.3
2024.08.08 23:35:37 INFO  no build target found for C:\Users\ASUS\Downloads\project_scala_spark-master\project_scala_spark-master\build.sbt. Using presentation compiler with project's scala-library version: 3.3.3
2024.08.08 23:35:37 INFO  no build target found for C:\Users\ASUS\Downloads\project_scala_spark-master\project_scala_spark-master\build.sbt. Using presentation compiler with project's scala-library version: 3.3.3
2024.08.08 23:35:38 INFO  no build target found for C:\Users\ASUS\Downloads\project_scala_spark-master\project_scala_spark-master\build.sbt. Using presentation compiler with project's scala-library version: 3.3.3
2024.08.08 23:35:38 INFO  no build target found for C:\Users\ASUS\Downloads\project_scala_spark-master\project_scala_spark-master\build.sbt. Using presentation compiler with project's scala-library version: 3.3.3
2024.08.08 23:35:39 INFO  no build target found for C:\Users\ASUS\Downloads\project_scala_spark-master\project_scala_spark-master\build.sbt. Using presentation compiler with project's scala-library version: 3.3.3
2024.08.08 23:35:48 INFO  no build target found for C:\Users\ASUS\Downloads\project_scala_spark-master\project_scala_spark-master\build.sbt. Using presentation compiler with project's scala-library version: 3.3.3
2024.08.08 23:35:48 INFO  no build target found for C:\Users\ASUS\Downloads\project_scala_spark-master\project_scala_spark-master\build.sbt. Using presentation compiler with project's scala-library version: 3.3.3
2024.08.08 23:35:50 INFO  no build target found for C:\Users\ASUS\Downloads\project_scala_spark-master\project_scala_spark-master\build.sbt. Using presentation compiler with project's scala-library version: 3.3.3
2024.08.08 23:35:50 INFO  no build target found for C:\Users\ASUS\Downloads\project_scala_spark-master\project_scala_spark-master\build.sbt. Using presentation compiler with project's scala-library version: 3.3.3
2024.08.08 23:35:51 INFO  no build target found for C:\Users\ASUS\Downloads\project_scala_spark-master\project_scala_spark-master\build.sbt. Using presentation compiler with project's scala-library version: 3.3.3
2024.08.08 23:35:51 INFO  no build target found for C:\Users\ASUS\Downloads\project_scala_spark-master\project_scala_spark-master\build.sbt. Using presentation compiler with project's scala-library version: 3.3.3
2024.08.08 23:35:51 INFO  no build target found for C:\Users\ASUS\Downloads\project_scala_spark-master\project_scala_spark-master\build.sbt. Using presentation compiler with project's scala-library version: 3.3.3
2024.08.08 23:35:52 INFO  no build target found for C:\Users\ASUS\Downloads\project_scala_spark-master\project_scala_spark-master\build.sbt. Using presentation compiler with project's scala-library version: 3.3.3
2024.08.08 23:35:53 INFO  no build target found for C:\Users\ASUS\Downloads\project_scala_spark-master\project_scala_spark-master\build.sbt. Using presentation compiler with project's scala-library version: 3.3.3
2024.08.08 23:35:53 INFO  no build target found for C:\Users\ASUS\Downloads\project_scala_spark-master\project_scala_spark-master\build.sbt. Using presentation compiler with project's scala-library version: 3.3.3
2024.08.08 23:35:54 INFO  no build target found for C:\Users\ASUS\Downloads\project_scala_spark-master\project_scala_spark-master\build.sbt. Using presentation compiler with project's scala-library version: 3.3.3
2024.08.08 23:35:54 INFO  no build target found for C:\Users\ASUS\Downloads\project_scala_spark-master\project_scala_spark-master\build.sbt. Using presentation compiler with project's scala-library version: 3.3.3
2024.08.08 23:35:55 INFO  no build target found for C:\Users\ASUS\Downloads\project_scala_spark-master\project_scala_spark-master\build.sbt. Using presentation compiler with project's scala-library version: 3.3.3
2024.08.08 23:35:55 INFO  no build target found for C:\Users\ASUS\Downloads\project_scala_spark-master\project_scala_spark-master\build.sbt. Using presentation compiler with project's scala-library version: 3.3.3
2024.08.08 23:35:55 INFO  no build target found for C:\Users\ASUS\Downloads\project_scala_spark-master\project_scala_spark-master\build.sbt. Using presentation compiler with project's scala-library version: 3.3.3
2024.08.08 23:35:55 INFO  no build target found for C:\Users\ASUS\Downloads\project_scala_spark-master\project_scala_spark-master\build.sbt. Using presentation compiler with project's scala-library version: 3.3.3
2024.08.08 23:35:55 INFO  no build target found for C:\Users\ASUS\Downloads\project_scala_spark-master\project_scala_spark-master\build.sbt. Using presentation compiler with project's scala-library version: 3.3.3
2024.08.08 23:35:57 INFO  no build target found for C:\Users\ASUS\Downloads\project_scala_spark-master\project_scala_spark-master\build.sbt. Using presentation compiler with project's scala-library version: 3.3.3
2024.08.08 23:35:57 INFO  no build target found for C:\Users\ASUS\Downloads\project_scala_spark-master\project_scala_spark-master\build.sbt. Using presentation compiler with project's scala-library version: 3.3.3
2024.08.08 23:35:57 INFO  no build target found for C:\Users\ASUS\Downloads\project_scala_spark-master\project_scala_spark-master\build.sbt. Using presentation compiler with project's scala-library version: 3.3.3
2024.08.08 23:35:57 INFO  no build target found for C:\Users\ASUS\Downloads\project_scala_spark-master\project_scala_spark-master\build.sbt. Using presentation compiler with project's scala-library version: 3.3.3
2024.08.08 23:35:58 INFO  no build target found for C:\Users\ASUS\Downloads\project_scala_spark-master\project_scala_spark-master\build.sbt. Using presentation compiler with project's scala-library version: 3.3.3
2024.08.08 23:35:58 INFO  no build target found for C:\Users\ASUS\Downloads\project_scala_spark-master\project_scala_spark-master\build.sbt. Using presentation compiler with project's scala-library version: 3.3.3
2024.08.08 23:35:59 WARN  no build target for: C:\Users\ASUS\Downloads\project_scala_spark-master\project_scala_spark-master\build.sbt
2024.08.08 23:35:59 INFO  no build target found for C:\Users\ASUS\Downloads\project_scala_spark-master\project_scala_spark-master\build.sbt. Using presentation compiler with project's scala-library version: 3.3.3
2024.08.08 23:35:59 INFO  no build target found for C:\Users\ASUS\Downloads\project_scala_spark-master\project_scala_spark-master\build.sbt. Using presentation compiler with project's scala-library version: 3.3.3
2024.08.08 23:36:03 INFO  no build target found for C:\Users\ASUS\Downloads\project_scala_spark-master\project_scala_spark-master\build.sbt. Using presentation compiler with project's scala-library version: 3.3.3
2024.08.08 23:36:03 INFO  running 'C:\Users\ASUS\AppData\Local\Coursier\cache\arc\https\github.com\adoptium\temurin17-binaries\releases\download\jdk-17%252B35\OpenJDK17-jdk_x64_windows_hotspot_17_35.zip\jdk-17+35\bin\java.exe -Djline.terminal=jline.UnsupportedTerminal -Dsbt.log.noformat=true -Dfile.encoding=UTF-8 -jar C:\Users\ASUS\AppData\Local\Temp\metals12614034019815879889\sbt-launch.jar -Dbloop.export-jar-classifiers=sources bloopInstall'
2024.08.08 23:36:04 INFO  [info] welcome to sbt 1.10.1 (Eclipse Adoptium Java 17)
2024.08.08 23:36:04 INFO  [info] loading settings for project project_scala_spark-master-build-build from metals.sbt ...
2024.08.08 23:36:06 INFO  [info] loading project definition from C:\Users\ASUS\Downloads\project_scala_spark-master\project_scala_spark-master\project\project
2024.08.08 23:36:07 INFO  [info] loading settings for project project_scala_spark-master-build from metals.sbt ...
2024.08.08 23:36:07 INFO  [info] loading project definition from C:\Users\ASUS\Downloads\project_scala_spark-master\project_scala_spark-master\project
2024.08.08 23:36:10 INFO  [success] Generated .bloop\project_scala_spark-master-build.json
2024.08.08 23:36:10 INFO  [success] Total time: 3 s, completed 8 aoÃ»t 2024, 23 h 36 min 10 s
2024.08.08 23:36:12 INFO  [info] loading settings for project root from build.sbt ...
2024.08.08 23:36:12 INFO  [info] set current project to project_scala_spark (in build file:/C:/Users/ASUS/Downloads/project_scala_spark-master/project_scala_spark-master/)
2024.08.08 23:36:15 INFO  [warn] 
2024.08.08 23:36:15 INFO  [warn] 	Note: Unresolved dependencies path:
2024.08.08 23:36:15 INFO  [error] Couldn't run bloopGenerate. The issue could be caused by failing to compile the project.
2024.08.08 23:36:15 INFO  [error] sbt.librarymanagement.ResolveException: Error downloading org.apache.spark:spark-core_3:2.4.5
2024.08.08 23:36:15 INFO  [error]   Not found
2024.08.08 23:36:15 INFO  [error]   Not found
2024.08.08 23:36:15 INFO  [error]   not found: C:\Users\ASUS\.ivy2\localorg.apache.spark\spark-core_3\2.4.5\ivys\ivy.xml
2024.08.08 23:36:15 INFO  [error]   not found: https://repo1.maven.org/maven2/org/apache/spark/spark-core_3/2.4.5/spark-core_3-2.4.5.pom
2024.08.08 23:36:15 INFO  [error] Error downloading org.apache.spark:spark-sql_3:2.4.5
2024.08.08 23:36:15 INFO  [error]   Not found
2024.08.08 23:36:15 INFO  [error]   Not found
2024.08.08 23:36:15 INFO  [error]   not found: C:\Users\ASUS\.ivy2\localorg.apache.spark\spark-sql_3\2.4.5\ivys\ivy.xml
2024.08.08 23:36:15 INFO  [error]   not found: https://repo1.maven.org/maven2/org/apache/spark/spark-sql_3/2.4.5/spark-sql_3-2.4.5.pom
2024.08.08 23:36:15 INFO  [error] 	at lmcoursier.CoursierDependencyResolution.unresolvedWarningOrThrow(CoursierDependencyResolution.scala:346)
2024.08.08 23:36:15 INFO  [error] 	at lmcoursier.CoursierDependencyResolution.$anonfun$update$39(CoursierDependencyResolution.scala:315)
2024.08.08 23:36:15 INFO  [error] 	at scala.util.Either$LeftProjection.map(Either.scala:573)
2024.08.08 23:36:15 INFO  [error] 	at lmcoursier.CoursierDependencyResolution.update(CoursierDependencyResolution.scala:315)
2024.08.08 23:36:15 INFO  [error] 	at sbt.librarymanagement.DependencyResolution.update(DependencyResolution.scala:60)
2024.08.08 23:36:15 INFO  [error] 	at sbt.internal.LibraryManagement$.resolve$1(LibraryManagement.scala:60)
2024.08.08 23:36:15 INFO  [error] 	at sbt.internal.LibraryManagement$.$anonfun$cachedUpdate$12(LibraryManagement.scala:142)
2024.08.08 23:36:15 INFO  [error] 	at sbt.util.Tracked$.$anonfun$lastOutput$1(Tracked.scala:74)
2024.08.08 23:36:15 INFO  [error] 	at sbt.internal.LibraryManagement$.$anonfun$cachedUpdate$11(LibraryManagement.scala:144)
2024.08.08 23:36:15 INFO  [error] 	at sbt.internal.LibraryManagement$.$anonfun$cachedUpdate$11$adapted(LibraryManagement.scala:131)
2024.08.08 23:36:15 INFO  [error] 	at sbt.util.Tracked$.$anonfun$inputChangedW$1(Tracked.scala:220)
2024.08.08 23:36:15 INFO  [error] 	at sbt.internal.LibraryManagement$.cachedUpdate(LibraryManagement.scala:169)
2024.08.08 23:36:15 INFO  [error] 	at sbt.Classpaths$.$anonfun$updateTask0$1(Defaults.scala:3867)
2024.08.08 23:36:15 INFO  [error] 	at scala.Function1.$anonfun$compose$1(Function1.scala:49)
2024.08.08 23:36:15 INFO  [error] 	at sbt.internal.util.$tilde$greater.$anonfun$$u2219$1(TypeFunctions.scala:63)
2024.08.08 23:36:15 INFO  [error] 	at sbt.std.Transform$$anon$4.work(Transform.scala:69)
2024.08.08 23:36:15 INFO  [error] 	at sbt.Execute.$anonfun$submit$2(Execute.scala:283)
2024.08.08 23:36:15 INFO  [error] 	at sbt.internal.util.ErrorHandling$.wideConvert(ErrorHandling.scala:24)
2024.08.08 23:36:15 INFO  [error] 	at sbt.Execute.work(Execute.scala:292)
2024.08.08 23:36:15 INFO  [error] 	at sbt.Execute.$anonfun$submit$1(Execute.scala:283)
2024.08.08 23:36:15 INFO  [error] 	at sbt.ConcurrentRestrictions$$anon$4.$anonfun$submitValid$1(ConcurrentRestrictions.scala:265)
2024.08.08 23:36:15 INFO  [error] 	at sbt.CompletionService$$anon$2.call(CompletionService.scala:65)
2024.08.08 23:36:15 INFO  [error] 	at java.base/java.util.concurrent.FutureTask.run(FutureTask.java:264)
2024.08.08 23:36:15 INFO  [error] 	at java.base/java.util.concurrent.Executors$RunnableAdapter.call(Executors.java:539)
2024.08.08 23:36:15 INFO  [error] 	at java.base/java.util.concurrent.FutureTask.run(FutureTask.java:264)
2024.08.08 23:36:15 INFO  [error] 	at java.base/java.util.concurrent.ThreadPoolExecutor.runWorker(ThreadPoolExecutor.java:1136)
2024.08.08 23:36:15 INFO  [error] 	at java.base/java.util.concurrent.ThreadPoolExecutor$Worker.run(ThreadPoolExecutor.java:635)
2024.08.08 23:36:15 INFO  [error] 	at java.base/java.lang.Thread.run(Thread.java:833)
2024.08.08 23:36:15 INFO  [error] (update) sbt.librarymanagement.ResolveException: Error downloading org.apache.spark:spark-core_3:2.4.5
2024.08.08 23:36:15 INFO  [error]   Not found
2024.08.08 23:36:15 INFO  [error]   Not found
2024.08.08 23:36:15 INFO  [error]   not found: C:\Users\ASUS\.ivy2\localorg.apache.spark\spark-core_3\2.4.5\ivys\ivy.xml
2024.08.08 23:36:15 INFO  [error]   not found: https://repo1.maven.org/maven2/org/apache/spark/spark-core_3/2.4.5/spark-core_3-2.4.5.pom
2024.08.08 23:36:15 INFO  [error] Error downloading org.apache.spark:spark-sql_3:2.4.5
2024.08.08 23:36:15 INFO  [error]   Not found
2024.08.08 23:36:15 INFO  [error]   Not found
2024.08.08 23:36:15 INFO  [error]   not found: C:\Users\ASUS\.ivy2\localorg.apache.spark\spark-sql_3\2.4.5\ivys\ivy.xml
2024.08.08 23:36:15 INFO  [error]   not found: https://repo1.maven.org/maven2/org/apache/spark/spark-sql_3/2.4.5/spark-sql_3-2.4.5.pom
2024.08.08 23:36:15 INFO  [error] Total time: 3 s, completed 8 aoÃ»t 2024, 23 h 36 min 15 s
2024.08.08 23:36:15 INFO  time: ran 'sbt bloopInstall' in 12s
2024.08.08 23:36:15 ERROR sbt command failed: C:\Users\ASUS\AppData\Local\Coursier\cache\arc\https\github.com\adoptium\temurin17-binaries\releases\download\jdk-17%252B35\OpenJDK17-jdk_x64_windows_hotspot_17_35.zip\jdk-17+35\bin\java.exe -Djline.terminal=jline.UnsupportedTerminal -Dsbt.log.noformat=true -Dfile.encoding=UTF-8 -jar C:\Users\ASUS\AppData\Local\Temp\metals12614034019815879889\sbt-launch.jar -Dbloop.export-jar-classifiers=sources bloopInstall
2024.08.08 23:37:57 INFO  no build target found for C:\Users\ASUS\Downloads\project_scala_spark-master\project_scala_spark-master\src\main\scala\Transform.scala. Using presentation compiler with project's scala-library version: 3.3.3
2024.08.08 23:37:57 INFO  no build target found for C:\Users\ASUS\Downloads\project_scala_spark-master\project_scala_spark-master\src\main\scala\Transform.scala. Using presentation compiler with project's scala-library version: 3.3.3
2024.08.08 23:38:01 INFO  no build target found for C:\Users\ASUS\Downloads\project_scala_spark-master\project_scala_spark-master\src\main\scala\Main.scala. Using presentation compiler with project's scala-library version: 3.3.3
2024.08.08 23:38:01 INFO  no build target found for C:\Users\ASUS\Downloads\project_scala_spark-master\project_scala_spark-master\src\main\scala\Extract.scala. Using presentation compiler with project's scala-library version: 3.3.3
2024.08.08 23:38:01 INFO  no build target found for C:\Users\ASUS\Downloads\project_scala_spark-master\project_scala_spark-master\src\main\scala\Extract.scala. Using presentation compiler with project's scala-library version: 3.3.3
2024.08.08 23:38:04 INFO  no build target found for C:\Users\ASUS\Downloads\project_scala_spark-master\project_scala_spark-master\src\main\scala\Load.scala. Using presentation compiler with project's scala-library version: 3.3.3
2024.08.08 23:38:04 INFO  no build target found for C:\Users\ASUS\Downloads\project_scala_spark-master\project_scala_spark-master\src\main\scala\Load.scala. Using presentation compiler with project's scala-library version: 3.3.3
2024.08.08 23:38:10 INFO  no build target found for C:\Users\ASUS\Downloads\project_scala_spark-master\project_scala_spark-master\src\main\scala\Main.scala. Using presentation compiler with project's scala-library version: 3.3.3
août 08, 2024 11:45:41 P.M. org.eclipse.lsp4j.jsonrpc.services.GenericEndpoint notify
INFOS: Unsupported notification method: $/setTrace
2024.08.08 23:51:09 INFO  no build target found for C:\Users\ASUS\Downloads\project_scala_spark-master\project_scala_spark-master\src\main\scala\Main.scala. Using presentation compiler with project's scala-library version: 3.3.3
2024.08.08 23:51:11 INFO  no build target found for C:\Users\ASUS\Downloads\project_scala_spark-master\project_scala_spark-master\src\main\scala\Main.scala. Using presentation compiler with project's scala-library version: 3.3.3
2024.08.08 23:51:56 INFO  no build target found for C:\Users\ASUS\Downloads\project_scala_spark-master\project_scala_spark-master\src\main\scala\Main.scala. Using presentation compiler with project's scala-library version: 3.3.3
août 09, 2024 1:38:27 P.M. org.eclipse.lsp4j.jsonrpc.RemoteEndpoint handleNotification
AVERTISSEMENT: Notification threw an exception: {
  "jsonrpc": "2.0",
  "method": "metals/didFocusTextDocument",
  "params": [
    "vscode-notebook-cell:/c%3A/Users/ASUS/Downloads/Telegram%20Desktop/05-Developper%20un%20Projet%20Spark%20avec%20SBT.ipynb#X54sZmlsZQ%3D%3D"
  ]
}
java.nio.file.FileSystemNotFoundException: Provider "vscode-notebook-cell" not installed
	at java.base/java.nio.file.Path.of(Path.java:212)
	at java.base/java.nio.file.Paths.get(Paths.java:98)
	at scala.meta.internal.mtags.MtagsEnrichments$XtensionURIMtags.toAbsolutePath(MtagsEnrichments.scala:130)
	at scala.meta.internal.mtags.MtagsEnrichments$XtensionStringMtags.toAbsolutePath(MtagsEnrichments.scala:187)
	at scala.meta.internal.metals.MetalsEnrichments$XtensionString.toAbsolutePath(MetalsEnrichments.scala:773)
	at scala.meta.internal.metals.MetalsEnrichments$XtensionString.toAbsolutePath(MetalsEnrichments.scala:770)
	at scala.meta.internal.metals.WorkspaceLspService.didFocus(WorkspaceLspService.scala:698)
	at scala.meta.metals.lsp.DelegatingScalaService.didFocus(DelegatingScalaService.scala:43)
	at java.base/jdk.internal.reflect.NativeMethodAccessorImpl.invoke0(Native Method)
	at java.base/jdk.internal.reflect.NativeMethodAccessorImpl.invoke(NativeMethodAccessorImpl.java:77)
	at java.base/jdk.internal.reflect.DelegatingMethodAccessorImpl.invoke(DelegatingMethodAccessorImpl.java:43)
	at java.base/java.lang.reflect.Method.invoke(Method.java:568)
	at org.eclipse.lsp4j.jsonrpc.services.GenericEndpoint.lambda$recursiveFindRpcMethods$0(GenericEndpoint.java:65)
	at org.eclipse.lsp4j.jsonrpc.services.GenericEndpoint.notify(GenericEndpoint.java:160)
	at org.eclipse.lsp4j.jsonrpc.RemoteEndpoint.handleNotification(RemoteEndpoint.java:231)
	at org.eclipse.lsp4j.jsonrpc.RemoteEndpoint.consume(RemoteEndpoint.java:198)
	at org.eclipse.lsp4j.jsonrpc.json.StreamMessageProducer.handleMessage(StreamMessageProducer.java:185)
	at org.eclipse.lsp4j.jsonrpc.json.StreamMessageProducer.listen(StreamMessageProducer.java:97)
	at org.eclipse.lsp4j.jsonrpc.json.ConcurrentMessageProcessor.run(ConcurrentMessageProcessor.java:114)
	at java.base/java.util.concurrent.Executors$RunnableAdapter.call(Executors.java:539)
	at java.base/java.util.concurrent.FutureTask.run(FutureTask.java:264)
	at java.base/java.util.concurrent.ThreadPoolExecutor.runWorker(ThreadPoolExecutor.java:1136)
	at java.base/java.util.concurrent.ThreadPoolExecutor$Worker.run(ThreadPoolExecutor.java:635)
	at java.base/java.lang.Thread.run(Thread.java:833)

2024.08.09 13:43:20 INFO  no build target found for C:\Users\ASUS\Downloads\project_scala_spark-master\project_scala_spark-master\build.sbt. Using presentation compiler with project's scala-library version: 3.3.3
2024.08.09 13:43:24 INFO  no build target found for C:\Users\ASUS\Downloads\project_scala_spark-master\project_scala_spark-master\build.sbt. Using presentation compiler with project's scala-library version: 3.3.3
2024.08.09 13:43:24 INFO  no build target found for C:\Users\ASUS\Downloads\project_scala_spark-master\project_scala_spark-master\build.sbt. Using presentation compiler with project's scala-library version: 3.3.3
2024.08.09 13:44:39 INFO  no build target found for C:\Users\ASUS\Downloads\project_scala_spark-master\project_scala_spark-master\build.sbt. Using presentation compiler with project's scala-library version: 3.3.3
2024.08.09 13:44:39 INFO  no build target found for C:\Users\ASUS\Downloads\project_scala_spark-master\project_scala_spark-master\build.sbt. Using presentation compiler with project's scala-library version: 3.3.3
2024.08.09 13:44:40 INFO  no build target found for C:\Users\ASUS\Downloads\project_scala_spark-master\project_scala_spark-master\build.sbt. Using presentation compiler with project's scala-library version: 3.3.3
2024.08.09 13:44:40 INFO  no build target found for C:\Users\ASUS\Downloads\project_scala_spark-master\project_scala_spark-master\build.sbt. Using presentation compiler with project's scala-library version: 3.3.3
2024.08.09 13:44:41 INFO  no build target found for C:\Users\ASUS\Downloads\project_scala_spark-master\project_scala_spark-master\build.sbt. Using presentation compiler with project's scala-library version: 3.3.3
2024.08.09 13:44:41 INFO  no build target found for C:\Users\ASUS\Downloads\project_scala_spark-master\project_scala_spark-master\build.sbt. Using presentation compiler with project's scala-library version: 3.3.3
2024.08.09 13:44:41 INFO  no build target found for C:\Users\ASUS\Downloads\project_scala_spark-master\project_scala_spark-master\build.sbt. Using presentation compiler with project's scala-library version: 3.3.3
2024.08.09 13:44:41 INFO  no build target found for C:\Users\ASUS\Downloads\project_scala_spark-master\project_scala_spark-master\build.sbt. Using presentation compiler with project's scala-library version: 3.3.3
2024.08.09 13:44:42 INFO  no build target found for C:\Users\ASUS\Downloads\project_scala_spark-master\project_scala_spark-master\build.sbt. Using presentation compiler with project's scala-library version: 3.3.3
2024.08.09 13:44:42 INFO  no build target found for C:\Users\ASUS\Downloads\project_scala_spark-master\project_scala_spark-master\build.sbt. Using presentation compiler with project's scala-library version: 3.3.3
2024.08.09 13:44:43 INFO  no build target found for C:\Users\ASUS\Downloads\project_scala_spark-master\project_scala_spark-master\build.sbt. Using presentation compiler with project's scala-library version: 3.3.3
2024.08.09 13:44:43 INFO  no build target found for C:\Users\ASUS\Downloads\project_scala_spark-master\project_scala_spark-master\build.sbt. Using presentation compiler with project's scala-library version: 3.3.3
2024.08.09 13:44:43 INFO  no build target found for C:\Users\ASUS\Downloads\project_scala_spark-master\project_scala_spark-master\build.sbt. Using presentation compiler with project's scala-library version: 3.3.3
2024.08.09 13:44:43 INFO  no build target found for C:\Users\ASUS\Downloads\project_scala_spark-master\project_scala_spark-master\build.sbt. Using presentation compiler with project's scala-library version: 3.3.3
2024.08.09 13:44:43 INFO  no build target found for C:\Users\ASUS\Downloads\project_scala_spark-master\project_scala_spark-master\build.sbt. Using presentation compiler with project's scala-library version: 3.3.3
2024.08.09 13:44:44 INFO  no build target found for C:\Users\ASUS\Downloads\project_scala_spark-master\project_scala_spark-master\build.sbt. Using presentation compiler with project's scala-library version: 3.3.3
2024.08.09 13:44:44 INFO  no build target found for C:\Users\ASUS\Downloads\project_scala_spark-master\project_scala_spark-master\build.sbt. Using presentation compiler with project's scala-library version: 3.3.3
2024.08.09 13:44:44 INFO  no build target found for C:\Users\ASUS\Downloads\project_scala_spark-master\project_scala_spark-master\build.sbt. Using presentation compiler with project's scala-library version: 3.3.3
2024.08.09 13:44:44 INFO  no build target found for C:\Users\ASUS\Downloads\project_scala_spark-master\project_scala_spark-master\build.sbt. Using presentation compiler with project's scala-library version: 3.3.3
2024.08.09 13:44:45 INFO  no build target found for C:\Users\ASUS\Downloads\project_scala_spark-master\project_scala_spark-master\build.sbt. Using presentation compiler with project's scala-library version: 3.3.3
2024.08.09 13:44:45 INFO  no build target found for C:\Users\ASUS\Downloads\project_scala_spark-master\project_scala_spark-master\build.sbt. Using presentation compiler with project's scala-library version: 3.3.3
2024.08.09 13:44:46 INFO  no build target found for C:\Users\ASUS\Downloads\project_scala_spark-master\project_scala_spark-master\build.sbt. Using presentation compiler with project's scala-library version: 3.3.3
2024.08.09 13:44:46 INFO  no build target found for C:\Users\ASUS\Downloads\project_scala_spark-master\project_scala_spark-master\build.sbt. Using presentation compiler with project's scala-library version: 3.3.3
2024.08.09 13:44:47 INFO  no build target found for C:\Users\ASUS\Downloads\project_scala_spark-master\project_scala_spark-master\build.sbt. Using presentation compiler with project's scala-library version: 3.3.3
2024.08.09 13:44:51 WARN  no build target for: C:\Users\ASUS\Downloads\project_scala_spark-master\project_scala_spark-master\build.sbt
2024.08.09 13:44:51 INFO  no build target found for C:\Users\ASUS\Downloads\project_scala_spark-master\project_scala_spark-master\build.sbt. Using presentation compiler with project's scala-library version: 3.3.3
2024.08.09 13:44:56 INFO  no build target found for C:\Users\ASUS\Downloads\project_scala_spark-master\project_scala_spark-master\build.sbt. Using presentation compiler with project's scala-library version: 3.3.3
2024.08.09 13:44:56 INFO  running 'C:\Users\ASUS\AppData\Local\Coursier\cache\arc\https\github.com\adoptium\temurin17-binaries\releases\download\jdk-17%252B35\OpenJDK17-jdk_x64_windows_hotspot_17_35.zip\jdk-17+35\bin\java.exe -Djline.terminal=jline.UnsupportedTerminal -Dsbt.log.noformat=true -Dfile.encoding=UTF-8 -jar C:\Users\ASUS\AppData\Local\Temp\metals15220474355315104836\sbt-launch.jar -Dbloop.export-jar-classifiers=sources bloopInstall'
2024.08.09 13:45:01 INFO  [info] welcome to sbt 1.10.1 (Eclipse Adoptium Java 17)
2024.08.09 13:45:01 INFO  [info] loading settings for project project_scala_spark-master-build-build from metals.sbt ...
2024.08.09 13:45:02 INFO  [info] loading project definition from C:\Users\ASUS\Downloads\project_scala_spark-master\project_scala_spark-master\project\project
2024.08.09 13:45:02 INFO  [info] loading settings for project project_scala_spark-master-build from metals.sbt ...
2024.08.09 13:45:02 INFO  [info] loading project definition from C:\Users\ASUS\Downloads\project_scala_spark-master\project_scala_spark-master\project
2024.08.09 13:45:07 INFO  [success] Generated .bloop\project_scala_spark-master-build.json
2024.08.09 13:45:07 INFO  [success] Total time: 4 s, completed 9 aoÃ»t 2024, 13 h 45 min 07 s
2024.08.09 13:45:09 INFO  [info] loading settings for project root from build.sbt ...
2024.08.09 13:45:09 INFO  [info] set current project to project_scala_spark (in build file:/C:/Users/ASUS/Downloads/project_scala_spark-master/project_scala_spark-master/)
2024.08.09 13:45:11 INFO  [warn] 
2024.08.09 13:45:11 INFO  [warn] 	Note: Unresolved dependencies path:
2024.08.09 13:45:11 INFO  [error] Couldn't run bloopGenerate. The issue could be caused by failing to compile the project.
2024.08.09 13:45:11 INFO  [error] sbt.librarymanagement.ResolveException: Error downloading org.apache.spark:spark-core_3:3.5.1
2024.08.09 13:45:11 INFO  [error]   Not found
2024.08.09 13:45:11 INFO  [error]   Not found
2024.08.09 13:45:11 INFO  [error]   not found: C:\Users\ASUS\.ivy2\localorg.apache.spark\spark-core_3\3.5.1\ivys\ivy.xml
2024.08.09 13:45:11 INFO  [error]   not found: https://repo1.maven.org/maven2/org/apache/spark/spark-core_3/3.5.1/spark-core_3-3.5.1.pom
2024.08.09 13:45:11 INFO  [error] Error downloading org.apache.spark:spark-sql_3:3.5.1
2024.08.09 13:45:11 INFO  [error]   Not found
2024.08.09 13:45:11 INFO  [error]   Not found
2024.08.09 13:45:11 INFO  [error]   not found: C:\Users\ASUS\.ivy2\localorg.apache.spark\spark-sql_3\3.5.1\ivys\ivy.xml
2024.08.09 13:45:11 INFO  [error]   not found: https://repo1.maven.org/maven2/org/apache/spark/spark-sql_3/3.5.1/spark-sql_3-3.5.1.pom
2024.08.09 13:45:11 INFO  [error] 	at lmcoursier.CoursierDependencyResolution.unresolvedWarningOrThrow(CoursierDependencyResolution.scala:346)
2024.08.09 13:45:11 INFO  [error] 	at lmcoursier.CoursierDependencyResolution.$anonfun$update$39(CoursierDependencyResolution.scala:315)
2024.08.09 13:45:11 INFO  [error] 	at scala.util.Either$LeftProjection.map(Either.scala:573)
2024.08.09 13:45:11 INFO  [error] 	at lmcoursier.CoursierDependencyResolution.update(CoursierDependencyResolution.scala:315)
2024.08.09 13:45:11 INFO  [error] 	at sbt.librarymanagement.DependencyResolution.update(DependencyResolution.scala:60)
2024.08.09 13:45:11 INFO  [error] 	at sbt.internal.LibraryManagement$.resolve$1(LibraryManagement.scala:60)
2024.08.09 13:45:11 INFO  [error] 	at sbt.internal.LibraryManagement$.$anonfun$cachedUpdate$12(LibraryManagement.scala:142)
2024.08.09 13:45:11 INFO  [error] 	at sbt.util.Tracked$.$anonfun$lastOutput$1(Tracked.scala:74)
2024.08.09 13:45:11 INFO  [error] 	at sbt.internal.LibraryManagement$.$anonfun$cachedUpdate$11(LibraryManagement.scala:144)
2024.08.09 13:45:11 INFO  [error] 	at sbt.internal.LibraryManagement$.$anonfun$cachedUpdate$11$adapted(LibraryManagement.scala:131)
2024.08.09 13:45:11 INFO  [error] 	at sbt.util.Tracked$.$anonfun$inputChangedW$1(Tracked.scala:220)
2024.08.09 13:45:11 INFO  [error] 	at sbt.internal.LibraryManagement$.cachedUpdate(LibraryManagement.scala:169)
2024.08.09 13:45:11 INFO  [error] 	at sbt.Classpaths$.$anonfun$updateTask0$1(Defaults.scala:3867)
2024.08.09 13:45:11 INFO  [error] 	at scala.Function1.$anonfun$compose$1(Function1.scala:49)
2024.08.09 13:45:11 INFO  [error] 	at sbt.internal.util.$tilde$greater.$anonfun$$u2219$1(TypeFunctions.scala:63)
2024.08.09 13:45:11 INFO  [error] 	at sbt.std.Transform$$anon$4.work(Transform.scala:69)
2024.08.09 13:45:11 INFO  [error] 	at sbt.Execute.$anonfun$submit$2(Execute.scala:283)
2024.08.09 13:45:11 INFO  [error] 	at sbt.internal.util.ErrorHandling$.wideConvert(ErrorHandling.scala:24)
2024.08.09 13:45:11 INFO  [error] 	at sbt.Execute.work(Execute.scala:292)
2024.08.09 13:45:11 INFO  [error] 	at sbt.Execute.$anonfun$submit$1(Execute.scala:283)
2024.08.09 13:45:11 INFO  [error] 	at sbt.ConcurrentRestrictions$$anon$4.$anonfun$submitValid$1(ConcurrentRestrictions.scala:265)
2024.08.09 13:45:11 INFO  [error] 	at sbt.CompletionService$$anon$2.call(CompletionService.scala:65)
2024.08.09 13:45:11 INFO  [error] 	at java.base/java.util.concurrent.FutureTask.run(FutureTask.java:264)
2024.08.09 13:45:11 INFO  [error] 	at java.base/java.util.concurrent.Executors$RunnableAdapter.call(Executors.java:539)
2024.08.09 13:45:11 INFO  [error] 	at java.base/java.util.concurrent.FutureTask.run(FutureTask.java:264)
2024.08.09 13:45:11 INFO  [error] 	at java.base/java.util.concurrent.ThreadPoolExecutor.runWorker(ThreadPoolExecutor.java:1136)
2024.08.09 13:45:11 INFO  [error] 	at java.base/java.util.concurrent.ThreadPoolExecutor$Worker.run(ThreadPoolExecutor.java:635)
2024.08.09 13:45:11 INFO  [error] 	at java.base/java.lang.Thread.run(Thread.java:833)
2024.08.09 13:45:11 INFO  [error] (update) sbt.librarymanagement.ResolveException: Error downloading org.apache.spark:spark-core_3:3.5.1
2024.08.09 13:45:11 INFO  [error]   Not found
2024.08.09 13:45:11 INFO  [error]   Not found
2024.08.09 13:45:11 INFO  [error]   not found: C:\Users\ASUS\.ivy2\localorg.apache.spark\spark-core_3\3.5.1\ivys\ivy.xml
2024.08.09 13:45:11 INFO  [error]   not found: https://repo1.maven.org/maven2/org/apache/spark/spark-core_3/3.5.1/spark-core_3-3.5.1.pom
2024.08.09 13:45:11 INFO  [error] Error downloading org.apache.spark:spark-sql_3:3.5.1
2024.08.09 13:45:11 INFO  [error]   Not found
2024.08.09 13:45:11 INFO  [error]   Not found
2024.08.09 13:45:11 INFO  [error]   not found: C:\Users\ASUS\.ivy2\localorg.apache.spark\spark-sql_3\3.5.1\ivys\ivy.xml
2024.08.09 13:45:11 INFO  [error]   not found: https://repo1.maven.org/maven2/org/apache/spark/spark-sql_3/3.5.1/spark-sql_3-3.5.1.pom
2024.08.09 13:45:11 INFO  [error] Total time: 1 s, completed 9 aoÃ»t 2024, 13 h 45 min 11 s
2024.08.09 13:45:11 INFO  time: ran 'sbt bloopInstall' in 14s
2024.08.09 13:45:11 ERROR sbt command failed: C:\Users\ASUS\AppData\Local\Coursier\cache\arc\https\github.com\adoptium\temurin17-binaries\releases\download\jdk-17%252B35\OpenJDK17-jdk_x64_windows_hotspot_17_35.zip\jdk-17+35\bin\java.exe -Djline.terminal=jline.UnsupportedTerminal -Dsbt.log.noformat=true -Dfile.encoding=UTF-8 -jar C:\Users\ASUS\AppData\Local\Temp\metals15220474355315104836\sbt-launch.jar -Dbloop.export-jar-classifiers=sources bloopInstall
2024.08.09 13:48:04 INFO  no build target found for C:\Users\ASUS\Downloads\project_scala_spark-master\project_scala_spark-master\build.sbt. Using presentation compiler with project's scala-library version: 3.3.3
2024.08.09 13:48:07 INFO  no build target found for C:\Users\ASUS\Downloads\project_scala_spark-master\project_scala_spark-master\build.sbt. Using presentation compiler with project's scala-library version: 3.3.3
2024.08.09 13:48:09 INFO  no build target found for C:\Users\ASUS\Downloads\project_scala_spark-master\project_scala_spark-master\build.sbt. Using presentation compiler with project's scala-library version: 3.3.3
2024.08.09 13:48:10 INFO  no build target found for C:\Users\ASUS\Downloads\project_scala_spark-master\project_scala_spark-master\build.sbt. Using presentation compiler with project's scala-library version: 3.3.3
2024.08.09 13:53:00 INFO  no build target found for C:\Users\ASUS\Downloads\project_scala_spark-master\project_scala_spark-master\build.sbt. Using presentation compiler with project's scala-library version: 3.3.3
août 09, 2024 1:53:00 P.M. org.eclipse.lsp4j.jsonrpc.RemoteEndpoint handleCancellation
AVERTISSEMENT: Unmatched cancel notification for request id 183
2024.08.09 13:53:00 INFO  no build target found for C:\Users\ASUS\Downloads\project_scala_spark-master\project_scala_spark-master\build.sbt. Using presentation compiler with project's scala-library version: 3.3.3
2024.08.09 13:53:01 INFO  no build target found for C:\Users\ASUS\Downloads\project_scala_spark-master\project_scala_spark-master\build.sbt. Using presentation compiler with project's scala-library version: 3.3.3
2024.08.09 13:53:00 INFO  no build target found for C:\Users\ASUS\Downloads\project_scala_spark-master\project_scala_spark-master\build.sbt. Using presentation compiler with project's scala-library version: 3.3.3
2024.08.09 13:53:01 INFO  no build target found for C:\Users\ASUS\Downloads\project_scala_spark-master\project_scala_spark-master\build.sbt. Using presentation compiler with project's scala-library version: 3.3.3
2024.08.09 13:53:19 INFO  no build target found for C:\Users\ASUS\Downloads\project_scala_spark-master\project_scala_spark-master\build.sbt. Using presentation compiler with project's scala-library version: 3.3.3
2024.08.09 13:53:19 INFO  no build target found for C:\Users\ASUS\Downloads\project_scala_spark-master\project_scala_spark-master\build.sbt. Using presentation compiler with project's scala-library version: 3.3.3
2024.08.09 13:53:21 INFO  no build target found for C:\Users\ASUS\Downloads\project_scala_spark-master\project_scala_spark-master\build.sbt. Using presentation compiler with project's scala-library version: 3.3.3
2024.08.09 13:53:21 WARN  no build target for: C:\Users\ASUS\Downloads\project_scala_spark-master\project_scala_spark-master\build.sbt
2024.08.09 13:53:21 INFO  no build target found for C:\Users\ASUS\Downloads\project_scala_spark-master\project_scala_spark-master\build.sbt. Using presentation compiler with project's scala-library version: 3.3.3
2024.08.09 13:53:21 INFO  skipping build import with status 'Failed'
2024.08.09 13:53:23 INFO  no build target found for C:\Users\ASUS\Downloads\project_scala_spark-master\project_scala_spark-master\build.sbt. Using presentation compiler with project's scala-library version: 3.3.3
2024.08.09 13:53:34 INFO  no build target found for C:\Users\ASUS\Downloads\project_scala_spark-master\project_scala_spark-master\build.sbt. Using presentation compiler with project's scala-library version: 3.3.3
2024.08.09 13:53:34 INFO  no build target found for C:\Users\ASUS\Downloads\project_scala_spark-master\project_scala_spark-master\build.sbt. Using presentation compiler with project's scala-library version: 3.3.3
2024.08.09 13:53:45 INFO  no build target found for C:\Users\ASUS\Downloads\project_scala_spark-master\project_scala_spark-master\build.sbt. Using presentation compiler with project's scala-library version: 3.3.3
2024.08.09 13:53:45 INFO  no build target found for C:\Users\ASUS\Downloads\project_scala_spark-master\project_scala_spark-master\build.sbt. Using presentation compiler with project's scala-library version: 3.3.3
2024.08.09 13:53:52 INFO  no build target found for C:\Users\ASUS\Downloads\project_scala_spark-master\project_scala_spark-master\build.sbt. Using presentation compiler with project's scala-library version: 3.3.3
2024.08.09 13:53:52 INFO  no build target found for C:\Users\ASUS\Downloads\project_scala_spark-master\project_scala_spark-master\build.sbt. Using presentation compiler with project's scala-library version: 3.3.3
2024.08.09 13:54:21 INFO  no build target found for C:\Users\ASUS\Downloads\project_scala_spark-master\project_scala_spark-master\build.sbt. Using presentation compiler with project's scala-library version: 3.3.3
2024.08.09 14:42:17 INFO  no build target found for C:\Users\ASUS\Downloads\project_scala_spark-master\project_scala_spark-master\build.sbt. Using presentation compiler with project's scala-library version: 3.3.3
2024.08.09 14:42:17 INFO  no build target found for C:\Users\ASUS\Downloads\project_scala_spark-master\project_scala_spark-master\build.sbt. Using presentation compiler with project's scala-library version: 3.3.3
2024.08.09 14:42:26 INFO  no build target found for C:\Users\ASUS\Downloads\project_scala_spark-master\project_scala_spark-master\build.sbt. Using presentation compiler with project's scala-library version: 3.3.3
2024.08.09 14:42:29 INFO  no build target found for C:\Users\ASUS\Downloads\project_scala_spark-master\project_scala_spark-master\build.sbt. Using presentation compiler with project's scala-library version: 3.3.3
2024.08.09 14:42:29 INFO  no build target found for C:\Users\ASUS\Downloads\project_scala_spark-master\project_scala_spark-master\build.sbt. Using presentation compiler with project's scala-library version: 3.3.3
2024.08.09 14:42:32 INFO  no build target found for C:\Users\ASUS\Downloads\project_scala_spark-master\project_scala_spark-master\build.sbt. Using presentation compiler with project's scala-library version: 3.3.3
2024.08.09 14:42:58 INFO  no build target found for C:\Users\ASUS\Downloads\project_scala_spark-master\project_scala_spark-master\build.sbt. Using presentation compiler with project's scala-library version: 3.3.3
2024.08.09 14:42:58 INFO  no build target found for C:\Users\ASUS\Downloads\project_scala_spark-master\project_scala_spark-master\build.sbt. Using presentation compiler with project's scala-library version: 3.3.3
2024.08.09 14:43:00 INFO  no build target found for C:\Users\ASUS\Downloads\project_scala_spark-master\project_scala_spark-master\build.sbt. Using presentation compiler with project's scala-library version: 3.3.3
2024.08.09 14:43:00 INFO  no build target found for C:\Users\ASUS\Downloads\project_scala_spark-master\project_scala_spark-master\build.sbt. Using presentation compiler with project's scala-library version: 3.3.3
2024.08.09 14:43:00 INFO  no build target found for C:\Users\ASUS\Downloads\project_scala_spark-master\project_scala_spark-master\build.sbt. Using presentation compiler with project's scala-library version: 3.3.3
2024.08.09 14:43:00 INFO  no build target found for C:\Users\ASUS\Downloads\project_scala_spark-master\project_scala_spark-master\build.sbt. Using presentation compiler with project's scala-library version: 3.3.3
2024.08.09 14:43:00 INFO  no build target found for C:\Users\ASUS\Downloads\project_scala_spark-master\project_scala_spark-master\build.sbt. Using presentation compiler with project's scala-library version: 3.3.3
2024.08.09 14:43:00 INFO  no build target found for C:\Users\ASUS\Downloads\project_scala_spark-master\project_scala_spark-master\build.sbt. Using presentation compiler with project's scala-library version: 3.3.3
2024.08.09 14:43:01 INFO  no build target found for C:\Users\ASUS\Downloads\project_scala_spark-master\project_scala_spark-master\build.sbt. Using presentation compiler with project's scala-library version: 3.3.3
2024.08.09 14:43:02 INFO  no build target found for C:\Users\ASUS\Downloads\project_scala_spark-master\project_scala_spark-master\build.sbt. Using presentation compiler with project's scala-library version: 3.3.3
2024.08.09 14:43:02 INFO  no build target found for C:\Users\ASUS\Downloads\project_scala_spark-master\project_scala_spark-master\build.sbt. Using presentation compiler with project's scala-library version: 3.3.3
2024.08.09 14:43:02 INFO  no build target found for C:\Users\ASUS\Downloads\project_scala_spark-master\project_scala_spark-master\build.sbt. Using presentation compiler with project's scala-library version: 3.3.3
2024.08.09 14:43:02 INFO  no build target found for C:\Users\ASUS\Downloads\project_scala_spark-master\project_scala_spark-master\build.sbt. Using presentation compiler with project's scala-library version: 3.3.3
2024.08.09 14:43:03 INFO  no build target found for C:\Users\ASUS\Downloads\project_scala_spark-master\project_scala_spark-master\build.sbt. Using presentation compiler with project's scala-library version: 3.3.3
2024.08.09 14:43:03 INFO  no build target found for C:\Users\ASUS\Downloads\project_scala_spark-master\project_scala_spark-master\build.sbt. Using presentation compiler with project's scala-library version: 3.3.3
2024.08.09 14:43:02 INFO  no build target found for C:\Users\ASUS\Downloads\project_scala_spark-master\project_scala_spark-master\build.sbt. Using presentation compiler with project's scala-library version: 3.3.3
2024.08.09 14:43:04 INFO  no build target found for C:\Users\ASUS\Downloads\project_scala_spark-master\project_scala_spark-master\build.sbt. Using presentation compiler with project's scala-library version: 3.3.3
2024.08.09 14:43:04 INFO  no build target found for C:\Users\ASUS\Downloads\project_scala_spark-master\project_scala_spark-master\build.sbt. Using presentation compiler with project's scala-library version: 3.3.3
2024.08.09 14:43:04 INFO  no build target found for C:\Users\ASUS\Downloads\project_scala_spark-master\project_scala_spark-master\build.sbt. Using presentation compiler with project's scala-library version: 3.3.3
2024.08.09 14:43:04 INFO  no build target found for C:\Users\ASUS\Downloads\project_scala_spark-master\project_scala_spark-master\build.sbt. Using presentation compiler with project's scala-library version: 3.3.3
2024.08.09 14:43:05 WARN  no build target for: C:\Users\ASUS\Downloads\project_scala_spark-master\project_scala_spark-master\build.sbt
2024.08.09 14:43:05 INFO  no build target found for C:\Users\ASUS\Downloads\project_scala_spark-master\project_scala_spark-master\build.sbt. Using presentation compiler with project's scala-library version: 3.3.3
2024.08.09 14:43:07 INFO  no build target found for C:\Users\ASUS\Downloads\project_scala_spark-master\project_scala_spark-master\build.sbt. Using presentation compiler with project's scala-library version: 3.3.3
2024.08.09 14:43:07 INFO  running 'C:\Users\ASUS\AppData\Local\Coursier\cache\arc\https\github.com\adoptium\temurin17-binaries\releases\download\jdk-17%252B35\OpenJDK17-jdk_x64_windows_hotspot_17_35.zip\jdk-17+35\bin\java.exe -Djline.terminal=jline.UnsupportedTerminal -Dsbt.log.noformat=true -Dfile.encoding=UTF-8 -jar C:\Users\ASUS\AppData\Local\Temp\metals11031606788113070589\sbt-launch.jar -Dbloop.export-jar-classifiers=sources bloopInstall'
2024.08.09 14:43:11 INFO  [info] welcome to sbt 1.10.1 (Eclipse Adoptium Java 17)
2024.08.09 14:43:11 INFO  [info] loading settings for project project_scala_spark-master-build-build from metals.sbt ...
2024.08.09 14:43:12 INFO  [info] loading project definition from C:\Users\ASUS\Downloads\project_scala_spark-master\project_scala_spark-master\project\project
2024.08.09 14:43:12 INFO  [info] loading settings for project project_scala_spark-master-build from metals.sbt ...
2024.08.09 14:43:12 INFO  [info] loading project definition from C:\Users\ASUS\Downloads\project_scala_spark-master\project_scala_spark-master\project
2024.08.09 14:43:18 INFO  [success] Generated .bloop\project_scala_spark-master-build.json
2024.08.09 14:43:18 INFO  [success] Total time: 5 s, completed 9 aoÃ»t 2024, 14 h 43 min 18 s
2024.08.09 14:43:21 INFO  [info] loading settings for project root from build.sbt ...
2024.08.09 14:43:21 INFO  [info] set current project to project_scala_spark (in build file:/C:/Users/ASUS/Downloads/project_scala_spark-master/project_scala_spark-master/)
2024.08.09 14:43:26 INFO  [warn] 
2024.08.09 14:43:26 INFO  [warn] 	Note: Unresolved dependencies path:
2024.08.09 14:43:26 INFO  [error] Couldn't run bloopGenerate. The issue could be caused by failing to compile the project.
2024.08.09 14:43:26 INFO  [error] sbt.librarymanagement.ResolveException: Error downloading org.apache.spark:spark-core_3:2.4.5
2024.08.09 14:43:26 INFO  [error]   Not found
2024.08.09 14:43:26 INFO  [error]   Not found
2024.08.09 14:43:26 INFO  [error]   not found: C:\Users\ASUS\.ivy2\localorg.apache.spark\spark-core_3\2.4.5\ivys\ivy.xml
2024.08.09 14:43:26 INFO  [error]   not found: https://repo1.maven.org/maven2/org/apache/spark/spark-core_3/2.4.5/spark-core_3-2.4.5.pom
2024.08.09 14:43:26 INFO  [error] Error downloading org.apache.spark:spark-sql_3:2.4.5
2024.08.09 14:43:26 INFO  [error]   Not found
2024.08.09 14:43:26 INFO  [error]   Not found
2024.08.09 14:43:26 INFO  [error]   not found: C:\Users\ASUS\.ivy2\localorg.apache.spark\spark-sql_3\2.4.5\ivys\ivy.xml
2024.08.09 14:43:26 INFO  [error]   not found: https://repo1.maven.org/maven2/org/apache/spark/spark-sql_3/2.4.5/spark-sql_3-2.4.5.pom
2024.08.09 14:43:26 INFO  [error] 	at lmcoursier.CoursierDependencyResolution.unresolvedWarningOrThrow(CoursierDependencyResolution.scala:346)
2024.08.09 14:43:26 INFO  [error] 	at lmcoursier.CoursierDependencyResolution.$anonfun$update$39(CoursierDependencyResolution.scala:315)
2024.08.09 14:43:26 INFO  [error] 	at scala.util.Either$LeftProjection.map(Either.scala:573)
2024.08.09 14:43:26 INFO  [error] 	at lmcoursier.CoursierDependencyResolution.update(CoursierDependencyResolution.scala:315)
2024.08.09 14:43:26 INFO  [error] 	at sbt.librarymanagement.DependencyResolution.update(DependencyResolution.scala:60)
2024.08.09 14:43:26 INFO  [error] 	at sbt.internal.LibraryManagement$.resolve$1(LibraryManagement.scala:60)
2024.08.09 14:43:26 INFO  [error] 	at sbt.internal.LibraryManagement$.$anonfun$cachedUpdate$12(LibraryManagement.scala:142)
2024.08.09 14:43:26 INFO  [error] 	at sbt.util.Tracked$.$anonfun$lastOutput$1(Tracked.scala:74)
2024.08.09 14:43:26 INFO  [error] 	at sbt.internal.LibraryManagement$.$anonfun$cachedUpdate$11(LibraryManagement.scala:144)
2024.08.09 14:43:26 INFO  [error] 	at sbt.internal.LibraryManagement$.$anonfun$cachedUpdate$11$adapted(LibraryManagement.scala:131)
2024.08.09 14:43:26 INFO  [error] 	at sbt.util.Tracked$.$anonfun$inputChangedW$1(Tracked.scala:220)
2024.08.09 14:43:26 INFO  [error] 	at sbt.internal.LibraryManagement$.cachedUpdate(LibraryManagement.scala:169)
2024.08.09 14:43:26 INFO  [error] 	at sbt.Classpaths$.$anonfun$updateTask0$1(Defaults.scala:3867)
2024.08.09 14:43:26 INFO  [error] 	at scala.Function1.$anonfun$compose$1(Function1.scala:49)
2024.08.09 14:43:26 INFO  [error] 	at sbt.internal.util.$tilde$greater.$anonfun$$u2219$1(TypeFunctions.scala:63)
2024.08.09 14:43:26 INFO  [error] 	at sbt.std.Transform$$anon$4.work(Transform.scala:69)
2024.08.09 14:43:26 INFO  [error] 	at sbt.Execute.$anonfun$submit$2(Execute.scala:283)
2024.08.09 14:43:26 INFO  [error] 	at sbt.internal.util.ErrorHandling$.wideConvert(ErrorHandling.scala:24)
2024.08.09 14:43:26 INFO  [error] 	at sbt.Execute.work(Execute.scala:292)
2024.08.09 14:43:26 INFO  [error] 	at sbt.Execute.$anonfun$submit$1(Execute.scala:283)
2024.08.09 14:43:26 INFO  [error] 	at sbt.ConcurrentRestrictions$$anon$4.$anonfun$submitValid$1(ConcurrentRestrictions.scala:265)
2024.08.09 14:43:26 INFO  [error] 	at sbt.CompletionService$$anon$2.call(CompletionService.scala:65)
2024.08.09 14:43:26 INFO  [error] 	at java.base/java.util.concurrent.FutureTask.run(FutureTask.java:264)
2024.08.09 14:43:26 INFO  [error] 	at java.base/java.util.concurrent.Executors$RunnableAdapter.call(Executors.java:539)
2024.08.09 14:43:26 INFO  [error] 	at java.base/java.util.concurrent.FutureTask.run(FutureTask.java:264)
2024.08.09 14:43:26 INFO  [error] 	at java.base/java.util.concurrent.ThreadPoolExecutor.runWorker(ThreadPoolExecutor.java:1136)
2024.08.09 14:43:26 INFO  [error] 	at java.base/java.util.concurrent.ThreadPoolExecutor$Worker.run(ThreadPoolExecutor.java:635)
2024.08.09 14:43:26 INFO  [error] 	at java.base/java.lang.Thread.run(Thread.java:833)
2024.08.09 14:43:26 INFO  [error] (update) sbt.librarymanagement.ResolveException: Error downloading org.apache.spark:spark-core_3:2.4.5
2024.08.09 14:43:26 INFO  [error]   Not found
2024.08.09 14:43:26 INFO  [error]   Not found
2024.08.09 14:43:26 INFO  [error]   not found: C:\Users\ASUS\.ivy2\localorg.apache.spark\spark-core_3\2.4.5\ivys\ivy.xml
2024.08.09 14:43:26 INFO  [error]   not found: https://repo1.maven.org/maven2/org/apache/spark/spark-core_3/2.4.5/spark-core_3-2.4.5.pom
2024.08.09 14:43:26 INFO  [error] Error downloading org.apache.spark:spark-sql_3:2.4.5
2024.08.09 14:43:26 INFO  [error]   Not found
2024.08.09 14:43:26 INFO  [error]   Not found
2024.08.09 14:43:26 INFO  [error]   not found: C:\Users\ASUS\.ivy2\localorg.apache.spark\spark-sql_3\2.4.5\ivys\ivy.xml
2024.08.09 14:43:26 INFO  [error]   not found: https://repo1.maven.org/maven2/org/apache/spark/spark-sql_3/2.4.5/spark-sql_3-2.4.5.pom
2024.08.09 14:43:26 INFO  [error] Total time: 5 s, completed 9 aoÃ»t 2024, 14 h 43 min 26 s
2024.08.09 14:43:26 INFO  time: ran 'sbt bloopInstall' in 19s
2024.08.09 14:43:26 ERROR sbt command failed: C:\Users\ASUS\AppData\Local\Coursier\cache\arc\https\github.com\adoptium\temurin17-binaries\releases\download\jdk-17%252B35\OpenJDK17-jdk_x64_windows_hotspot_17_35.zip\jdk-17+35\bin\java.exe -Djline.terminal=jline.UnsupportedTerminal -Dsbt.log.noformat=true -Dfile.encoding=UTF-8 -jar C:\Users\ASUS\AppData\Local\Temp\metals11031606788113070589\sbt-launch.jar -Dbloop.export-jar-classifiers=sources bloopInstall
2024.08.09 14:43:47 INFO  no build target found for C:\Users\ASUS\Downloads\project_scala_spark-master\project_scala_spark-master\build.sbt. Using presentation compiler with project's scala-library version: 3.3.3
2024.08.09 14:43:47 INFO  no build target found for C:\Users\ASUS\Downloads\project_scala_spark-master\project_scala_spark-master\build.sbt. Using presentation compiler with project's scala-library version: 3.3.3
2024.08.09 14:43:47 INFO  no build target found for C:\Users\ASUS\Downloads\project_scala_spark-master\project_scala_spark-master\build.sbt. Using presentation compiler with project's scala-library version: 3.3.3
2024.08.09 14:43:48 INFO  no build target found for C:\Users\ASUS\Downloads\project_scala_spark-master\project_scala_spark-master\build.sbt. Using presentation compiler with project's scala-library version: 3.3.3
2024.08.09 14:43:48 INFO  no build target found for C:\Users\ASUS\Downloads\project_scala_spark-master\project_scala_spark-master\build.sbt. Using presentation compiler with project's scala-library version: 3.3.3
2024.08.09 14:43:48 INFO  no build target found for C:\Users\ASUS\Downloads\project_scala_spark-master\project_scala_spark-master\build.sbt. Using presentation compiler with project's scala-library version: 3.3.3
2024.08.09 14:43:48 INFO  no build target found for C:\Users\ASUS\Downloads\project_scala_spark-master\project_scala_spark-master\build.sbt. Using presentation compiler with project's scala-library version: 3.3.3
2024.08.09 14:43:48 INFO  no build target found for C:\Users\ASUS\Downloads\project_scala_spark-master\project_scala_spark-master\build.sbt. Using presentation compiler with project's scala-library version: 3.3.3
2024.08.09 14:43:48 INFO  no build target found for C:\Users\ASUS\Downloads\project_scala_spark-master\project_scala_spark-master\build.sbt. Using presentation compiler with project's scala-library version: 3.3.3
2024.08.09 14:43:49 INFO  no build target found for C:\Users\ASUS\Downloads\project_scala_spark-master\project_scala_spark-master\build.sbt. Using presentation compiler with project's scala-library version: 3.3.3
2024.08.09 14:43:48 INFO  no build target found for C:\Users\ASUS\Downloads\project_scala_spark-master\project_scala_spark-master\build.sbt. Using presentation compiler with project's scala-library version: 3.3.3
2024.08.09 14:43:48 INFO  no build target found for C:\Users\ASUS\Downloads\project_scala_spark-master\project_scala_spark-master\build.sbt. Using presentation compiler with project's scala-library version: 3.3.3
2024.08.09 14:43:49 INFO  no build target found for C:\Users\ASUS\Downloads\project_scala_spark-master\project_scala_spark-master\build.sbt. Using presentation compiler with project's scala-library version: 3.3.3
2024.08.09 14:43:49 INFO  no build target found for C:\Users\ASUS\Downloads\project_scala_spark-master\project_scala_spark-master\build.sbt. Using presentation compiler with project's scala-library version: 3.3.3
2024.08.09 14:43:49 INFO  no build target found for C:\Users\ASUS\Downloads\project_scala_spark-master\project_scala_spark-master\build.sbt. Using presentation compiler with project's scala-library version: 3.3.3
2024.08.09 14:43:48 INFO  no build target found for C:\Users\ASUS\Downloads\project_scala_spark-master\project_scala_spark-master\build.sbt. Using presentation compiler with project's scala-library version: 3.3.3
2024.08.09 14:43:50 INFO  no build target found for C:\Users\ASUS\Downloads\project_scala_spark-master\project_scala_spark-master\build.sbt. Using presentation compiler with project's scala-library version: 3.3.3
2024.08.09 14:43:51 WARN  no build target for: C:\Users\ASUS\Downloads\project_scala_spark-master\project_scala_spark-master\build.sbt
2024.08.09 14:43:50 INFO  no build target found for C:\Users\ASUS\Downloads\project_scala_spark-master\project_scala_spark-master\build.sbt. Using presentation compiler with project's scala-library version: 3.3.3
2024.08.09 14:43:54 INFO  no build target found for C:\Users\ASUS\Downloads\project_scala_spark-master\project_scala_spark-master\build.sbt. Using presentation compiler with project's scala-library version: 3.3.3
2024.08.09 14:43:54 INFO  running 'C:\Users\ASUS\AppData\Local\Coursier\cache\arc\https\github.com\adoptium\temurin17-binaries\releases\download\jdk-17%252B35\OpenJDK17-jdk_x64_windows_hotspot_17_35.zip\jdk-17+35\bin\java.exe -Djline.terminal=jline.UnsupportedTerminal -Dsbt.log.noformat=true -Dfile.encoding=UTF-8 -jar C:\Users\ASUS\AppData\Local\Temp\metals9076289170772444998\sbt-launch.jar -Dbloop.export-jar-classifiers=sources bloopInstall'
2024.08.09 14:43:55 INFO  [info] welcome to sbt 1.10.1 (Eclipse Adoptium Java 17)
2024.08.09 14:43:55 INFO  [info] loading settings for project project_scala_spark-master-build-build from metals.sbt ...
2024.08.09 14:43:57 INFO  [info] loading project definition from C:\Users\ASUS\Downloads\project_scala_spark-master\project_scala_spark-master\project\project
2024.08.09 14:43:57 INFO  [info] loading settings for project project_scala_spark-master-build from metals.sbt ...
2024.08.09 14:43:57 INFO  [info] loading project definition from C:\Users\ASUS\Downloads\project_scala_spark-master\project_scala_spark-master\project
2024.08.09 14:43:59 INFO  [success] Generated .bloop\project_scala_spark-master-build.json
2024.08.09 14:43:59 INFO  [success] Total time: 2 s, completed 9 aoÃ»t 2024, 14 h 43 min 59 s
2024.08.09 14:44:02 INFO  [info] loading settings for project root from build.sbt ...
2024.08.09 14:44:02 INFO  [info] set current project to project_scala_spark (in build file:/C:/Users/ASUS/Downloads/project_scala_spark-master/project_scala_spark-master/)
2024.08.09 14:44:03 INFO  [warn] 
2024.08.09 14:44:03 INFO  [warn] 	Note: Unresolved dependencies path:
2024.08.09 14:44:03 INFO  [error] Couldn't run bloopGenerate. The issue could be caused by failing to compile the project.
2024.08.09 14:44:03 INFO  [error] sbt.librarymanagement.ResolveException: Error downloading org.apache.spark:spark-core_3:3.5.1
2024.08.09 14:44:03 INFO  [error]   Not found
2024.08.09 14:44:03 INFO  [error]   Not found
2024.08.09 14:44:03 INFO  [error]   not found: C:\Users\ASUS\.ivy2\localorg.apache.spark\spark-core_3\3.5.1\ivys\ivy.xml
2024.08.09 14:44:03 INFO  [error]   not found: https://repo1.maven.org/maven2/org/apache/spark/spark-core_3/3.5.1/spark-core_3-3.5.1.pom
2024.08.09 14:44:03 INFO  [error] Error downloading org.apache.spark:spark-sql_3:3.5.1
2024.08.09 14:44:03 INFO  [error]   Not found
2024.08.09 14:44:03 INFO  [error]   Not found
2024.08.09 14:44:03 INFO  [error]   not found: C:\Users\ASUS\.ivy2\localorg.apache.spark\spark-sql_3\3.5.1\ivys\ivy.xml
2024.08.09 14:44:03 INFO  [error]   not found: https://repo1.maven.org/maven2/org/apache/spark/spark-sql_3/3.5.1/spark-sql_3-3.5.1.pom
2024.08.09 14:44:03 INFO  [error] 	at lmcoursier.CoursierDependencyResolution.unresolvedWarningOrThrow(CoursierDependencyResolution.scala:346)
2024.08.09 14:44:03 INFO  [error] 	at lmcoursier.CoursierDependencyResolution.$anonfun$update$39(CoursierDependencyResolution.scala:315)
2024.08.09 14:44:03 INFO  [error] 	at scala.util.Either$LeftProjection.map(Either.scala:573)
2024.08.09 14:44:03 INFO  [error] 	at lmcoursier.CoursierDependencyResolution.update(CoursierDependencyResolution.scala:315)
2024.08.09 14:44:03 INFO  [error] 	at sbt.librarymanagement.DependencyResolution.update(DependencyResolution.scala:60)
2024.08.09 14:44:03 INFO  [error] 	at sbt.internal.LibraryManagement$.resolve$1(LibraryManagement.scala:60)
2024.08.09 14:44:03 INFO  [error] 	at sbt.internal.LibraryManagement$.$anonfun$cachedUpdate$12(LibraryManagement.scala:142)
2024.08.09 14:44:03 INFO  [error] 	at sbt.util.Tracked$.$anonfun$lastOutput$1(Tracked.scala:74)
2024.08.09 14:44:03 INFO  [error] 	at sbt.internal.LibraryManagement$.$anonfun$cachedUpdate$11(LibraryManagement.scala:144)
2024.08.09 14:44:03 INFO  [error] 	at sbt.internal.LibraryManagement$.$anonfun$cachedUpdate$11$adapted(LibraryManagement.scala:131)
2024.08.09 14:44:03 INFO  [error] 	at sbt.util.Tracked$.$anonfun$inputChangedW$1(Tracked.scala:220)
2024.08.09 14:44:03 INFO  [error] 	at sbt.internal.LibraryManagement$.cachedUpdate(LibraryManagement.scala:169)
2024.08.09 14:44:03 INFO  [error] 	at sbt.Classpaths$.$anonfun$updateTask0$1(Defaults.scala:3867)
2024.08.09 14:44:03 INFO  [error] 	at scala.Function1.$anonfun$compose$1(Function1.scala:49)
2024.08.09 14:44:03 INFO  [error] 	at sbt.internal.util.$tilde$greater.$anonfun$$u2219$1(TypeFunctions.scala:63)
2024.08.09 14:44:03 INFO  [error] 	at sbt.std.Transform$$anon$4.work(Transform.scala:69)
2024.08.09 14:44:03 INFO  [error] 	at sbt.Execute.$anonfun$submit$2(Execute.scala:283)
2024.08.09 14:44:03 INFO  [error] 	at sbt.internal.util.ErrorHandling$.wideConvert(ErrorHandling.scala:24)
2024.08.09 14:44:03 INFO  [error] 	at sbt.Execute.work(Execute.scala:292)
2024.08.09 14:44:03 INFO  [error] 	at sbt.Execute.$anonfun$submit$1(Execute.scala:283)
2024.08.09 14:44:03 INFO  [error] 	at sbt.ConcurrentRestrictions$$anon$4.$anonfun$submitValid$1(ConcurrentRestrictions.scala:265)
2024.08.09 14:44:03 INFO  [error] 	at sbt.CompletionService$$anon$2.call(CompletionService.scala:65)
2024.08.09 14:44:03 INFO  [error] 	at java.base/java.util.concurrent.FutureTask.run(FutureTask.java:264)
2024.08.09 14:44:03 INFO  [error] 	at java.base/java.util.concurrent.Executors$RunnableAdapter.call(Executors.java:539)
2024.08.09 14:44:03 INFO  [error] 	at java.base/java.util.concurrent.FutureTask.run(FutureTask.java:264)
2024.08.09 14:44:03 INFO  [error] 	at java.base/java.util.concurrent.ThreadPoolExecutor.runWorker(ThreadPoolExecutor.java:1136)
2024.08.09 14:44:03 INFO  [error] 	at java.base/java.util.concurrent.ThreadPoolExecutor$Worker.run(ThreadPoolExecutor.java:635)
2024.08.09 14:44:03 INFO  [error] 	at java.base/java.lang.Thread.run(Thread.java:833)
2024.08.09 14:44:03 INFO  [error] (update) sbt.librarymanagement.ResolveException: Error downloading org.apache.spark:spark-core_3:3.5.1
2024.08.09 14:44:03 INFO  [error]   Not found
2024.08.09 14:44:03 INFO  [error]   Not found
2024.08.09 14:44:03 INFO  [error]   not found: C:\Users\ASUS\.ivy2\localorg.apache.spark\spark-core_3\3.5.1\ivys\ivy.xml
2024.08.09 14:44:03 INFO  [error]   not found: https://repo1.maven.org/maven2/org/apache/spark/spark-core_3/3.5.1/spark-core_3-3.5.1.pom
2024.08.09 14:44:03 INFO  [error] Error downloading org.apache.spark:spark-sql_3:3.5.1
2024.08.09 14:44:03 INFO  [error]   Not found
2024.08.09 14:44:03 INFO  [error]   Not found
2024.08.09 14:44:03 INFO  [error]   not found: C:\Users\ASUS\.ivy2\localorg.apache.spark\spark-sql_3\3.5.1\ivys\ivy.xml
2024.08.09 14:44:03 INFO  [error]   not found: https://repo1.maven.org/maven2/org/apache/spark/spark-sql_3/3.5.1/spark-sql_3-3.5.1.pom
2024.08.09 14:44:03 INFO  [error] Total time: 1 s, completed 9 aoÃ»t 2024, 14 h 44 min 03 s
2024.08.09 14:44:03 INFO  time: ran 'sbt bloopInstall' in 9.11s
2024.08.09 14:44:03 ERROR sbt command failed: C:\Users\ASUS\AppData\Local\Coursier\cache\arc\https\github.com\adoptium\temurin17-binaries\releases\download\jdk-17%252B35\OpenJDK17-jdk_x64_windows_hotspot_17_35.zip\jdk-17+35\bin\java.exe -Djline.terminal=jline.UnsupportedTerminal -Dsbt.log.noformat=true -Dfile.encoding=UTF-8 -jar C:\Users\ASUS\AppData\Local\Temp\metals9076289170772444998\sbt-launch.jar -Dbloop.export-jar-classifiers=sources bloopInstall
2024.08.09 14:44:22 INFO  no build target found for C:\Users\ASUS\Downloads\project_scala_spark-master\project_scala_spark-master\src\main\scala\Main.scala. Using presentation compiler with project's scala-library version: 3.3.3
2024.08.09 14:46:59 INFO  no build target found for C:\Users\ASUS\Downloads\project_scala_spark-master\project_scala_spark-master\build.sbt. Using presentation compiler with project's scala-library version: 3.3.3
2024.08.09 14:47:01 INFO  no build target found for C:\Users\ASUS\Downloads\project_scala_spark-master\project_scala_spark-master\build.sbt. Using presentation compiler with project's scala-library version: 3.3.3
2024.08.09 14:47:01 INFO  no build target found for C:\Users\ASUS\Downloads\project_scala_spark-master\project_scala_spark-master\build.sbt. Using presentation compiler with project's scala-library version: 3.3.3
2024.08.09 14:47:01 INFO  no build target found for C:\Users\ASUS\Downloads\project_scala_spark-master\project_scala_spark-master\build.sbt. Using presentation compiler with project's scala-library version: 3.3.3
2024.08.09 14:47:01 INFO  no build target found for C:\Users\ASUS\Downloads\project_scala_spark-master\project_scala_spark-master\build.sbt. Using presentation compiler with project's scala-library version: 3.3.3
2024.08.09 14:47:01 INFO  no build target found for C:\Users\ASUS\Downloads\project_scala_spark-master\project_scala_spark-master\build.sbt. Using presentation compiler with project's scala-library version: 3.3.3
2024.08.09 14:47:01 INFO  no build target found for C:\Users\ASUS\Downloads\project_scala_spark-master\project_scala_spark-master\build.sbt. Using presentation compiler with project's scala-library version: 3.3.3
2024.08.09 14:47:03 INFO  no build target found for C:\Users\ASUS\Downloads\project_scala_spark-master\project_scala_spark-master\build.sbt. Using presentation compiler with project's scala-library version: 3.3.3
2024.08.09 14:47:03 INFO  no build target found for C:\Users\ASUS\Downloads\project_scala_spark-master\project_scala_spark-master\build.sbt. Using presentation compiler with project's scala-library version: 3.3.3
2024.08.09 14:47:03 INFO  no build target found for C:\Users\ASUS\Downloads\project_scala_spark-master\project_scala_spark-master\build.sbt. Using presentation compiler with project's scala-library version: 3.3.3
2024.08.09 14:47:03 INFO  no build target found for C:\Users\ASUS\Downloads\project_scala_spark-master\project_scala_spark-master\build.sbt. Using presentation compiler with project's scala-library version: 3.3.3
2024.08.09 14:47:03 INFO  no build target found for C:\Users\ASUS\Downloads\project_scala_spark-master\project_scala_spark-master\build.sbt. Using presentation compiler with project's scala-library version: 3.3.3
2024.08.09 14:47:04 INFO  no build target found for C:\Users\ASUS\Downloads\project_scala_spark-master\project_scala_spark-master\build.sbt. Using presentation compiler with project's scala-library version: 3.3.3
2024.08.09 14:48:59 INFO  no build target found for C:\Users\ASUS\Downloads\project_scala_spark-master\project_scala_spark-master\build.sbt. Using presentation compiler with project's scala-library version: 3.3.3
2024.08.09 14:49:04 INFO  no build target found for C:\Users\ASUS\Downloads\project_scala_spark-master\project_scala_spark-master\build.sbt. Using presentation compiler with project's scala-library version: 3.3.3
2024.08.09 14:49:04 INFO  no build target found for C:\Users\ASUS\Downloads\project_scala_spark-master\project_scala_spark-master\build.sbt. Using presentation compiler with project's scala-library version: 3.3.3
2024.08.09 14:49:04 INFO  no build target found for C:\Users\ASUS\Downloads\project_scala_spark-master\project_scala_spark-master\build.sbt. Using presentation compiler with project's scala-library version: 3.3.3
2024.08.09 14:49:53 INFO  no build target found for C:\Users\ASUS\Downloads\project_scala_spark-master\project_scala_spark-master\build.sbt. Using presentation compiler with project's scala-library version: 3.3.3
2024.08.09 14:49:53 INFO  no build target found for C:\Users\ASUS\Downloads\project_scala_spark-master\project_scala_spark-master\build.sbt. Using presentation compiler with project's scala-library version: 3.3.3
2024.08.09 14:49:53 INFO  no build target found for C:\Users\ASUS\Downloads\project_scala_spark-master\project_scala_spark-master\build.sbt. Using presentation compiler with project's scala-library version: 3.3.3
2024.08.09 14:49:57 WARN  no build target for: C:\Users\ASUS\Downloads\project_scala_spark-master\project_scala_spark-master\build.sbt
2024.08.09 14:49:57 INFO  skipping build import with status 'Failed'
2024.08.09 14:49:57 INFO  no build target found for C:\Users\ASUS\Downloads\project_scala_spark-master\project_scala_spark-master\build.sbt. Using presentation compiler with project's scala-library version: 3.3.3
2024.08.09 14:51:04 INFO  no build target found for C:\Users\ASUS\Downloads\project_scala_spark-master\project_scala_spark-master\build.sbt. Using presentation compiler with project's scala-library version: 3.3.3
2024.08.09 14:51:04 INFO  no build target found for C:\Users\ASUS\Downloads\project_scala_spark-master\project_scala_spark-master\build.sbt. Using presentation compiler with project's scala-library version: 3.3.3
2024.08.09 14:51:04 INFO  no build target found for C:\Users\ASUS\Downloads\project_scala_spark-master\project_scala_spark-master\build.sbt. Using presentation compiler with project's scala-library version: 3.3.3
2024.08.09 14:51:04 WARN  Could not find semantic tokens for: file:///C:/Users/ASUS/Downloads/project_scala_spark-master/project_scala_spark-master/build.sbt
2024.08.09 14:51:04 INFO  no build target found for C:\Users\ASUS\Downloads\project_scala_spark-master\project_scala_spark-master\build.sbt. Using presentation compiler with project's scala-library version: 3.3.3
2024.08.09 14:51:04 INFO  no build target found for C:\Users\ASUS\Downloads\project_scala_spark-master\project_scala_spark-master\build.sbt. Using presentation compiler with project's scala-library version: 3.3.3
2024.08.09 14:51:05 INFO  no build target found for C:\Users\ASUS\Downloads\project_scala_spark-master\project_scala_spark-master\build.sbt. Using presentation compiler with project's scala-library version: 3.3.3
2024.08.09 14:51:06 WARN  no build target for: C:\Users\ASUS\Downloads\project_scala_spark-master\project_scala_spark-master\build.sbt
2024.08.09 14:51:06 INFO  no build target found for C:\Users\ASUS\Downloads\project_scala_spark-master\project_scala_spark-master\build.sbt. Using presentation compiler with project's scala-library version: 3.3.3
2024.08.09 14:51:58 INFO  no build target found for C:\Users\ASUS\Downloads\project_scala_spark-master\project_scala_spark-master\build.sbt. Using presentation compiler with project's scala-library version: 3.3.3
2024.08.09 14:51:58 INFO  no build target found for C:\Users\ASUS\Downloads\project_scala_spark-master\project_scala_spark-master\build.sbt. Using presentation compiler with project's scala-library version: 3.3.3
2024.08.09 14:51:58 INFO  no build target found for C:\Users\ASUS\Downloads\project_scala_spark-master\project_scala_spark-master\build.sbt. Using presentation compiler with project's scala-library version: 3.3.3
2024.08.09 14:51:58 WARN  Could not find semantic tokens for: file:///C:/Users/ASUS/Downloads/project_scala_spark-master/project_scala_spark-master/build.sbt
2024.08.09 14:51:58 INFO  no build target found for C:\Users\ASUS\Downloads\project_scala_spark-master\project_scala_spark-master\build.sbt. Using presentation compiler with project's scala-library version: 3.3.3
2024.08.09 14:51:58 INFO  no build target found for C:\Users\ASUS\Downloads\project_scala_spark-master\project_scala_spark-master\build.sbt. Using presentation compiler with project's scala-library version: 3.3.3
2024.08.09 14:51:58 INFO  no build target found for C:\Users\ASUS\Downloads\project_scala_spark-master\project_scala_spark-master\build.sbt. Using presentation compiler with project's scala-library version: 3.3.3
2024.08.09 14:52:00 WARN  no build target for: C:\Users\ASUS\Downloads\project_scala_spark-master\project_scala_spark-master\build.sbt
2024.08.09 14:52:00 INFO  no build target found for C:\Users\ASUS\Downloads\project_scala_spark-master\project_scala_spark-master\build.sbt. Using presentation compiler with project's scala-library version: 3.3.3
2024.08.09 14:52:03 INFO  no build target found for C:\Users\ASUS\Downloads\project_scala_spark-master\project_scala_spark-master\build.sbt. Using presentation compiler with project's scala-library version: 3.3.3
2024.08.09 14:52:04 INFO  no build target found for C:\Users\ASUS\Downloads\project_scala_spark-master\project_scala_spark-master\build.sbt. Using presentation compiler with project's scala-library version: 3.3.3
2024.08.09 14:52:04 INFO  no build target found for C:\Users\ASUS\Downloads\project_scala_spark-master\project_scala_spark-master\build.sbt. Using presentation compiler with project's scala-library version: 3.3.3
2024.08.09 14:53:04 INFO  no build target found for C:\Users\ASUS\Downloads\project_scala_spark-master\project_scala_spark-master\build.sbt. Using presentation compiler with project's scala-library version: 3.3.3
2024.08.09 16:26:02 INFO  no build target found for C:\Users\ASUS\Downloads\project_scala_spark-master\project_scala_spark-master\build.sbt. Using presentation compiler with project's scala-library version: 3.3.3
2024.08.09 16:26:20 INFO  no build target found for C:\Users\ASUS\Downloads\project_scala_spark-master\project_scala_spark-master\build.sbt. Using presentation compiler with project's scala-library version: 3.3.3
2024.08.09 16:26:20 INFO  no build target found for C:\Users\ASUS\Downloads\project_scala_spark-master\project_scala_spark-master\build.sbt. Using presentation compiler with project's scala-library version: 3.3.3
2024.08.09 16:26:20 INFO  no build target found for C:\Users\ASUS\Downloads\project_scala_spark-master\project_scala_spark-master\build.sbt. Using presentation compiler with project's scala-library version: 3.3.3
2024.08.09 16:26:21 INFO  no build target found for C:\Users\ASUS\Downloads\project_scala_spark-master\project_scala_spark-master\build.sbt. Using presentation compiler with project's scala-library version: 3.3.3
2024.08.09 16:26:22 INFO  no build target found for C:\Users\ASUS\Downloads\project_scala_spark-master\project_scala_spark-master\build.sbt. Using presentation compiler with project's scala-library version: 3.3.3
2024.08.09 16:26:21 INFO  no build target found for C:\Users\ASUS\Downloads\project_scala_spark-master\project_scala_spark-master\build.sbt. Using presentation compiler with project's scala-library version: 3.3.3
2024.08.09 16:26:21 INFO  no build target found for C:\Users\ASUS\Downloads\project_scala_spark-master\project_scala_spark-master\build.sbt. Using presentation compiler with project's scala-library version: 3.3.3
2024.08.09 16:26:22 INFO  no build target found for C:\Users\ASUS\Downloads\project_scala_spark-master\project_scala_spark-master\build.sbt. Using presentation compiler with project's scala-library version: 3.3.3
2024.08.09 16:26:22 INFO  no build target found for C:\Users\ASUS\Downloads\project_scala_spark-master\project_scala_spark-master\build.sbt. Using presentation compiler with project's scala-library version: 3.3.3
2024.08.09 16:26:22 INFO  no build target found for C:\Users\ASUS\Downloads\project_scala_spark-master\project_scala_spark-master\build.sbt. Using presentation compiler with project's scala-library version: 3.3.3
2024.08.09 16:26:23 INFO  no build target found for C:\Users\ASUS\Downloads\project_scala_spark-master\project_scala_spark-master\build.sbt. Using presentation compiler with project's scala-library version: 3.3.3
2024.08.09 16:26:23 INFO  no build target found for C:\Users\ASUS\Downloads\project_scala_spark-master\project_scala_spark-master\build.sbt. Using presentation compiler with project's scala-library version: 3.3.3
2024.08.09 16:26:23 INFO  no build target found for C:\Users\ASUS\Downloads\project_scala_spark-master\project_scala_spark-master\build.sbt. Using presentation compiler with project's scala-library version: 3.3.3
2024.08.09 16:26:23 INFO  no build target found for C:\Users\ASUS\Downloads\project_scala_spark-master\project_scala_spark-master\build.sbt. Using presentation compiler with project's scala-library version: 3.3.3
2024.08.09 16:26:23 INFO  no build target found for C:\Users\ASUS\Downloads\project_scala_spark-master\project_scala_spark-master\build.sbt. Using presentation compiler with project's scala-library version: 3.3.3
2024.08.09 16:26:23 INFO  no build target found for C:\Users\ASUS\Downloads\project_scala_spark-master\project_scala_spark-master\build.sbt. Using presentation compiler with project's scala-library version: 3.3.3
2024.08.09 16:26:24 INFO  no build target found for C:\Users\ASUS\Downloads\project_scala_spark-master\project_scala_spark-master\build.sbt. Using presentation compiler with project's scala-library version: 3.3.3
2024.08.09 16:26:23 INFO  no build target found for C:\Users\ASUS\Downloads\project_scala_spark-master\project_scala_spark-master\build.sbt. Using presentation compiler with project's scala-library version: 3.3.3
août 09, 2024 4:26:24 P.M. org.eclipse.lsp4j.jsonrpc.RemoteEndpoint handleCancellation
AVERTISSEMENT: Unmatched cancel notification for request id 453
2024.08.09 16:26:24 INFO  no build target found for C:\Users\ASUS\Downloads\project_scala_spark-master\project_scala_spark-master\build.sbt. Using presentation compiler with project's scala-library version: 3.3.3
2024.08.09 16:26:23 INFO  no build target found for C:\Users\ASUS\Downloads\project_scala_spark-master\project_scala_spark-master\build.sbt. Using presentation compiler with project's scala-library version: 3.3.3
2024.08.09 16:26:24 INFO  no build target found for C:\Users\ASUS\Downloads\project_scala_spark-master\project_scala_spark-master\build.sbt. Using presentation compiler with project's scala-library version: 3.3.3
2024.08.09 16:26:24 INFO  no build target found for C:\Users\ASUS\Downloads\project_scala_spark-master\project_scala_spark-master\build.sbt. Using presentation compiler with project's scala-library version: 3.3.3
2024.08.09 16:26:24 INFO  no build target found for C:\Users\ASUS\Downloads\project_scala_spark-master\project_scala_spark-master\build.sbt. Using presentation compiler with project's scala-library version: 3.3.3
2024.08.09 16:26:24 INFO  no build target found for C:\Users\ASUS\Downloads\project_scala_spark-master\project_scala_spark-master\build.sbt. Using presentation compiler with project's scala-library version: 3.3.3
2024.08.09 16:26:24 INFO  no build target found for C:\Users\ASUS\Downloads\project_scala_spark-master\project_scala_spark-master\build.sbt. Using presentation compiler with project's scala-library version: 3.3.3
2024.08.09 16:26:25 INFO  no build target found for C:\Users\ASUS\Downloads\project_scala_spark-master\project_scala_spark-master\build.sbt. Using presentation compiler with project's scala-library version: 3.3.3
2024.08.09 16:26:25 INFO  no build target found for C:\Users\ASUS\Downloads\project_scala_spark-master\project_scala_spark-master\build.sbt. Using presentation compiler with project's scala-library version: 3.3.3
2024.08.09 16:26:25 INFO  no build target found for C:\Users\ASUS\Downloads\project_scala_spark-master\project_scala_spark-master\build.sbt. Using presentation compiler with project's scala-library version: 3.3.3
2024.08.09 16:26:25 INFO  no build target found for C:\Users\ASUS\Downloads\project_scala_spark-master\project_scala_spark-master\build.sbt. Using presentation compiler with project's scala-library version: 3.3.3
2024.08.09 16:26:25 INFO  no build target found for C:\Users\ASUS\Downloads\project_scala_spark-master\project_scala_spark-master\build.sbt. Using presentation compiler with project's scala-library version: 3.3.3
2024.08.09 16:26:26 INFO  no build target found for C:\Users\ASUS\Downloads\project_scala_spark-master\project_scala_spark-master\build.sbt. Using presentation compiler with project's scala-library version: 3.3.3
2024.08.09 16:26:27 WARN  no build target for: C:\Users\ASUS\Downloads\project_scala_spark-master\project_scala_spark-master\build.sbt
2024.08.09 16:26:26 INFO  no build target found for C:\Users\ASUS\Downloads\project_scala_spark-master\project_scala_spark-master\build.sbt. Using presentation compiler with project's scala-library version: 3.3.3
2024.08.09 16:27:37 INFO  no build target found for C:\Users\ASUS\Downloads\project_scala_spark-master\project_scala_spark-master\build.sbt. Using presentation compiler with project's scala-library version: 3.3.3
2024.08.09 16:27:46 INFO  no build target found for C:\Users\ASUS\Downloads\project_scala_spark-master\project_scala_spark-master\build.sbt. Using presentation compiler with project's scala-library version: 3.3.3
août 09, 2024 4:27:46 P.M. org.eclipse.lsp4j.jsonrpc.RemoteEndpoint handleCancellation
AVERTISSEMENT: Unmatched cancel notification for request id 481
2024.08.09 16:27:47 INFO  no build target found for C:\Users\ASUS\Downloads\project_scala_spark-master\project_scala_spark-master\src\main\scala\Main.scala. Using presentation compiler with project's scala-library version: 3.3.3
2024.08.09 16:27:48 INFO  no build target found for C:\Users\ASUS\Downloads\project_scala_spark-master\project_scala_spark-master\build.sbt. Using presentation compiler with project's scala-library version: 3.3.3
2024.08.09 16:27:48 INFO  no build target found for C:\Users\ASUS\Downloads\project_scala_spark-master\project_scala_spark-master\build.sbt. Using presentation compiler with project's scala-library version: 3.3.3
2024.08.09 16:58:17 INFO  no build target found for C:\Users\ASUS\Downloads\project_scala_spark-master\project_scala_spark-master\build.sbt. Using presentation compiler with project's scala-library version: 3.3.3
2024.08.09 16:58:18 INFO  no build target found for C:\Users\ASUS\Downloads\project_scala_spark-master\project_scala_spark-master\build.sbt. Using presentation compiler with project's scala-library version: 3.3.3
2024.08.09 16:58:18 INFO  no build target found for C:\Users\ASUS\Downloads\project_scala_spark-master\project_scala_spark-master\build.sbt. Using presentation compiler with project's scala-library version: 3.3.3
2024.08.09 16:58:20 INFO  no build target found for C:\Users\ASUS\Downloads\project_scala_spark-master\project_scala_spark-master\build.sbt. Using presentation compiler with project's scala-library version: 3.3.3
2024.08.09 16:58:20 WARN  no build target for: C:\Users\ASUS\Downloads\project_scala_spark-master\project_scala_spark-master\build.sbt
2024.08.09 16:58:20 INFO  no build target found for C:\Users\ASUS\Downloads\project_scala_spark-master\project_scala_spark-master\build.sbt. Using presentation compiler with project's scala-library version: 3.3.3
